<?xml version="1.0" encoding="UTF-8"?>
<!-- Generated by org.testng.reporters.JUnitXMLReporter -->
<testsuite hostname="LAPTOP-TKGHDD60" ignored="16" name="Regression suite 1" tests="73" failures="0" timestamp="2022-03-19T23:47:40 IST" time="308.268" errors="0">
  <testcase name="Login_HomePage" time="0.01" classname="Login.Login_Test"/>
  <testcase name="LogintoApp" time="6.519" classname="Login.Login_Test"/>
  <testcase name="Loginsuccesful" time="0.004" classname="Login.Login_Test"/>
  <testcase name="EnterWrongemailid" time="5.275" classname="Login.LoginInvalidAndForgotPassword"/>
  <testcase name="wrongpassword" time="9.376" classname="Login.LoginInvalidAndForgotPassword"/>
  <testcase name="LaunchURL" time="0.591" classname="Login.LoginInvalidAndForgotPassword"/>
  <testcase name="checklabelsinLoginPage" time="0.005" classname="Login.LoginInvalidAndForgotPassword"/>
  <testcase name="navigatetoforgotpasswordpage" time="8.292" classname="Login.LoginInvalidAndForgotPassword"/>
  <testcase name="CheckForgotpasswordlink_exists" time="0.04" classname="Login.LoginInvalidAndForgotPassword"/>
  <testcase name="ClickForgotpasswordlink" time="6.085" classname="Login.LoginInvalidAndForgotPassword"/>
  <testcase name="userinputemail" time="5.214" classname="Login.LoginInvalidAndForgotPassword"/>
  <testcase name="recoveryhelptext" time="0.038" classname="Login.LoginInvalidAndForgotPassword"/>
  <testcase name="clickcontinuelogin" time="5.118" classname="Login.LoginInvalidAndForgotPassword"/>
  <testcase name="fetchprojecttitle" time="14.504" classname="Projects.ProjectProperties"/>
  <testcase name="ClickProject" time="0.079" classname="Projects.ProjectProperties"/>
  <testcase name="getProjectClassification" time="0.533" classname="Projects.ProjectProperties"/>
  <testcase name="getProjectDetailsContent" time="5.11" classname="Projects.ProjectProperties"/>
  <testcase name="closeProjectDetailsContent" time="0.067" classname="Projects.ProjectProperties"/>
  <testcase name="ClickStrategyTab" time="0.11" classname="Projects.ProjectProperties"/>
  <testcase name="gettitleofpage" time="0.006" classname="Projects.ProjectProperties"/>
  <testcase name="ClickCreateStragey" time="5.146" classname="Projects.ProjectProperties"/>
  <testcase name="verifyCreateStrategypopupDetails" time="0.039" classname="Projects.ProjectProperties"/>
  <testcase name="HelpTextofCreateStrategy" time="0.043" classname="Projects.ProjectProperties"/>
  <testcase name="VerifyHelpText" time="0.035" classname="Projects.ProjectProperties"/>
  <testcase name="TitleLabel_exists" time="0.042" classname="Projects.ProjectProperties"/>
  <testcase name="ProblemStatement_exists" time="5.034" classname="Projects.ProjectProperties"/>
  <testcase name="enterTitleofStrategy" time="0.11" classname="Projects.ProjectProperties"/>
  <testcase name="enterProblemStatements" time="5.135" classname="Projects.ProjectProperties"/>
  <testcase name="ClickCreateStargeyDoneButton" time="5.089" classname="Projects.ProjectProperties"/>
  <testcase name="DeleteStargeyMenu" time="4.076" classname="Projects.ProjectProperties"/>
  <testcase name="DeleteStragey" time="4.103" classname="Projects.ProjectProperties"/>
  <testcase name="DeleteConfirmmessage" time="5.041" classname="Projects.ProjectProperties"/>
  <testcase name="Deleteaction" time="7.076" classname="Projects.ProjectProperties"/>
  <testcase name="NavigatetoProjectDetailsPage" time="21.592" classname="Forms.FormsProperties"/>
  <testcase name="NavigatetoFormsTab" time="0.104" classname="Forms.FormsProperties"/>
  <testcase name="formspagetitle" time="0.037" classname="Forms.FormsProperties"/>
  <testcase name="createforms" time="8.078" classname="Forms.FormsProperties"/>
  <testcase name="redirectedurl" time="0.006" classname="Forms.FormsProperties"/>
  <testcase name="formstitle" time="0.029" classname="Forms.FormsProperties"/>
  <testcase name="formtitle" time="5.186" classname="Forms.FormsProperties"/>
  <testcase name="createQuestion1" time="5.225" classname="Forms.FormsProperties"/>
  <testcase name="PublishForm" time="6.293" classname="Forms.FormsProperties"/>
  <testcase name="NavigatetoProjectBoard" time="14.499" classname="Projects.editproject"/>
  <testcase name="fetchProjectaccess" time="0.033" classname="Projects.editproject"/>
  <testcase name="checkProjectState" time="5.045" classname="Projects.editproject"/>
  <testcase name="clickProjectHamburgicon" time="8.071" classname="Projects.editproject"/>
  <testcase name="ClickEditProject" time="8.161" classname="Projects.editproject"/>
  <testcase name="VerifyTitleofeditproject" time="6.027" classname="Projects.editproject"/>
  <testcase name="edittitleofproject" time="13.387" classname="Projects.editproject"/>
  <testcase name="clickCancelButton" time="8.198" classname="Projects.editproject"/>
  <testcase name="LaunchURL" time="2.908" classname="Onboardingnewclient.OnBoardingArtemis"/>
  <testcase name="LoginErrorMessage_Wrongemailformat" time="4.8" classname="Onboardingnewclient.OnBoardingArtemis"/>
  <testcase name="LoginAction" time="4.432" classname="Onboardingnewclient.OnBoardingArtemis"/>
  <testcase name="HomePageTitle" time="0.005" classname="Onboardingnewclient.OnBoardingArtemis"/>
  <testcase name="UserNameDisplay" time="4.99" classname="Onboardingnewclient.OnBoardingArtemis"/>
  <testcase name="isCreateNewButtonPresent" time="0.049" classname="Onboardingnewclient.OnBoardingArtemis"/>
  <testcase name="isCreateNewButtonEnabled" time="0.195" classname="Onboardingnewclient.OnBoardingArtemis"/>
  <testcase name="ClickCreatenewproject" time="0.358" classname="Onboardingnewclient.OnBoardingArtemis"/>
  <testcase name="ClickCancelProjectDialog" time="5.125" classname="Onboardingnewclient.OnBoardingArtemis"/>
  <testcase name="LogoutAction" time="5.481" classname="Onboardingnewclient.OnBoardingArtemis"/>
  <testcase name="Setting_is_Present" time="0.059" classname="Onboardingnewclient.OnBoardingArtemis"/>
  <testcase name="Settings_is_Clickable" time="0.031" classname="Onboardingnewclient.OnBoardingArtemis"/>
  <testcase name="Settings_Navigations_Popup" time="4.256" classname="Onboardingnewclient.OnBoardingArtemis"/>
  <testcase name="Logout_Click" time="0.096" classname="Onboardingnewclient.OnBoardingArtemis"/>
  <testcase name="Logout_Confirmation" time="0.03" classname="Onboardingnewclient.OnBoardingArtemis"/>
  <testcase name="Logout_click" time="0.114" classname="Onboardingnewclient.OnBoardingArtemis"/>
  <testcase name="NavigatetoSettingsPage" time="12.24" classname="Onboardingnewclient.SettingsPage"/>
  <testcase name="click_SettingsTab" time="0.207" classname="Onboardingnewclient.SettingsPage"/>
  <testcase name="AccountsTab_exists" time="0.144" classname="Onboardingnewclient.SettingsPage"/>
  <testcase name="VerifySignupLinkisavailable" time="0.058" classname="Onboardingnewclient.SingupNewUser"/>
  <testcase name="clickSignuplink" time="0.094" classname="Onboardingnewclient.SingupNewUser"/>
  <testcase name="verifyTitleofsignup" time="0.026" classname="Onboardingnewclient.SingupNewUser"/>
  <testcase name="logintoSite" time="10.619" classname="NewUserSiteNavigation.newusernavigation"/>
  <testcase name="@AfterTest AfterTestMethod" time="0.0" classname="Login.BaseTest">
    <ignored/>
  </testcase> <!-- @AfterTest AfterTestMethod -->
  <testcase name="@AfterTest AfterTestMethod" time="0.0" classname="Login.BaseTest">
    <ignored/>
  </testcase> <!-- @AfterTest AfterTestMethod -->
  <testcase name="@AfterTest AfterTestMethod" time="0.0" classname="Login.BaseTest">
    <ignored/>
  </testcase> <!-- @AfterTest AfterTestMethod -->
  <testcase name="@AfterTest AfterTestMethod" time="0.0" classname="Login.BaseTest">
    <ignored/>
  </testcase> <!-- @AfterTest AfterTestMethod -->
  <testcase name="@AfterTest AfterTestMethod" time="0.0" classname="Login.BaseTest">
    <ignored/>
  </testcase> <!-- @AfterTest AfterTestMethod -->
  <testcase name="@AfterTest AfterTestMethod" time="0.0" classname="Login.BaseTest">
    <ignored/>
  </testcase> <!-- @AfterTest AfterTestMethod -->
  <testcase name="@AfterTest AfterTestMethod" time="0.0" classname="Login.BaseTest">
    <ignored/>
  </testcase> <!-- @AfterTest AfterTestMethod -->
  <testcase name="@AfterTest AfterTestMethod" time="0.0" classname="Login.BaseTest">
    <ignored/>
  </testcase> <!-- @AfterTest AfterTestMethod -->
  <testcase name="@BeforeTest BeforeTestMethod" time="0.0" classname="Login.BaseTest">
    <ignored/>
  </testcase> <!-- @BeforeTest BeforeTestMethod -->
  <testcase name="@BeforeTest BeforeTestMethod" time="0.0" classname="Login.BaseTest">
    <ignored/>
  </testcase> <!-- @BeforeTest BeforeTestMethod -->
  <testcase name="@BeforeTest BeforeTestMethod" time="0.0" classname="Login.BaseTest">
    <ignored/>
  </testcase> <!-- @BeforeTest BeforeTestMethod -->
  <testcase name="@BeforeTest BeforeTestMethod" time="0.0" classname="Login.BaseTest">
    <ignored/>
  </testcase> <!-- @BeforeTest BeforeTestMethod -->
  <testcase name="@BeforeTest BeforeTestMethod" time="0.0" classname="Login.BaseTest">
    <ignored/>
  </testcase> <!-- @BeforeTest BeforeTestMethod -->
  <testcase name="@BeforeTest BeforeTestMethod" time="0.0" classname="Login.BaseTest">
    <ignored/>
  </testcase> <!-- @BeforeTest BeforeTestMethod -->
  <testcase name="@BeforeTest BeforeTestMethod" time="0.0" classname="Login.BaseTest">
    <ignored/>
  </testcase> <!-- @BeforeTest BeforeTestMethod -->
  <testcase name="@BeforeTest BeforeTestMethod" time="0.0" classname="Login.BaseTest">
    <ignored/>
  </testcase> <!-- @BeforeTest BeforeTestMethod -->
</testsuite> <!-- Regression suite 1 -->
