<?xml version="1.0" encoding="UTF-8"?>
<testng-results skipped="0" failed="0" ignored="6" total="39" passed="33">
  <reporter-output>
  </reporter-output>
  <suite name="example suite 1" duration-ms="141199" started-at="2022-02-19T23:38:18 IST" finished-at="2022-02-19T23:40:39 IST">
    <groups>
    </groups>
    <test name="Regression suite 1" duration-ms="141199" started-at="2022-02-19T23:38:18 IST" finished-at="2022-02-19T23:40:39 IST">
      <class name="Projects.ProjectProperties">
        <test-method status="PASS" signature="LaunchArtemisURL()[pri:0, instance:Projects.ProjectProperties@5bcab519]" name="LaunchArtemisURL" is-config="true" duration-ms="2268" started-at="2022-02-19T23:38:45 IST" finished-at="2022-02-19T23:38:47 IST">
          <reporter-output>
          </reporter-output>
        </test-method> <!-- LaunchArtemisURL -->
        <test-method status="PASS" signature="BeforeMethod(java.lang.reflect.Method)[pri:0, instance:Projects.ProjectProperties@5bcab519]" name="BeforeMethod" is-config="true" duration-ms="28" started-at="2022-02-19T23:38:47 IST" finished-at="2022-02-19T23:38:47 IST">
          <params>
            <param index="0">
              <value>
                <![CDATA[public void Projects.ProjectProperties.fetchprojecttitle() throws java.lang.InterruptedException]]>
              </value>
            </param>
          </params>
          <reporter-output>
          </reporter-output>
        </test-method> <!-- BeforeMethod -->
        <test-method status="PASS" signature="fetchprojecttitle()[pri:1, instance:Projects.ProjectProperties@5bcab519]" name="fetchprojecttitle" duration-ms="14517" started-at="2022-02-19T23:38:47 IST" finished-at="2022-02-19T23:39:02 IST">
          <reporter-output>
          </reporter-output>
        </test-method> <!-- fetchprojecttitle -->
        <test-method status="PASS" signature="BeforeMethod(java.lang.reflect.Method)[pri:0, instance:Projects.ProjectProperties@5bcab519]" name="BeforeMethod" is-config="true" duration-ms="56" started-at="2022-02-19T23:39:02 IST" finished-at="2022-02-19T23:39:02 IST">
          <params>
            <param index="0">
              <value>
                <![CDATA[public void Projects.ProjectProperties.ClickProject()]]>
              </value>
            </param>
          </params>
          <reporter-output>
          </reporter-output>
        </test-method> <!-- BeforeMethod -->
        <test-method status="PASS" signature="ClickProject()[pri:2, instance:Projects.ProjectProperties@5bcab519]" name="ClickProject" duration-ms="92" started-at="2022-02-19T23:39:02 IST" finished-at="2022-02-19T23:39:02 IST">
          <reporter-output>
          </reporter-output>
        </test-method> <!-- ClickProject -->
        <test-method status="PASS" signature="BeforeMethod(java.lang.reflect.Method)[pri:0, instance:Projects.ProjectProperties@5bcab519]" name="BeforeMethod" is-config="true" duration-ms="29" started-at="2022-02-19T23:39:02 IST" finished-at="2022-02-19T23:39:02 IST">
          <params>
            <param index="0">
              <value>
                <![CDATA[public void Projects.ProjectProperties.getProjectClassification()]]>
              </value>
            </param>
          </params>
          <reporter-output>
          </reporter-output>
        </test-method> <!-- BeforeMethod -->
        <test-method status="PASS" signature="getProjectClassification()[pri:3, instance:Projects.ProjectProperties@5bcab519]" name="getProjectClassification" duration-ms="566" started-at="2022-02-19T23:39:02 IST" finished-at="2022-02-19T23:39:03 IST">
          <reporter-output>
          </reporter-output>
        </test-method> <!-- getProjectClassification -->
        <test-method status="PASS" signature="BeforeMethod(java.lang.reflect.Method)[pri:0, instance:Projects.ProjectProperties@5bcab519]" name="BeforeMethod" is-config="true" duration-ms="34" started-at="2022-02-19T23:39:03 IST" finished-at="2022-02-19T23:39:03 IST">
          <params>
            <param index="0">
              <value>
                <![CDATA[public void Projects.ProjectProperties.getProjectDetailsContent() throws java.lang.InterruptedException]]>
              </value>
            </param>
          </params>
          <reporter-output>
          </reporter-output>
        </test-method> <!-- BeforeMethod -->
        <test-method status="PASS" signature="getProjectDetailsContent()[pri:4, instance:Projects.ProjectProperties@5bcab519]" name="getProjectDetailsContent" duration-ms="5103" started-at="2022-02-19T23:39:03 IST" finished-at="2022-02-19T23:39:08 IST">
          <reporter-output>
          </reporter-output>
        </test-method> <!-- getProjectDetailsContent -->
        <test-method status="PASS" signature="BeforeMethod(java.lang.reflect.Method)[pri:0, instance:Projects.ProjectProperties@5bcab519]" name="BeforeMethod" is-config="true" duration-ms="45" started-at="2022-02-19T23:39:08 IST" finished-at="2022-02-19T23:39:08 IST">
          <params>
            <param index="0">
              <value>
                <![CDATA[public void Projects.ProjectProperties.closeProjectDetailsContent()]]>
              </value>
            </param>
          </params>
          <reporter-output>
          </reporter-output>
        </test-method> <!-- BeforeMethod -->
        <test-method status="PASS" signature="closeProjectDetailsContent()[pri:5, instance:Projects.ProjectProperties@5bcab519]" name="closeProjectDetailsContent" duration-ms="62" started-at="2022-02-19T23:39:08 IST" finished-at="2022-02-19T23:39:08 IST">
          <reporter-output>
          </reporter-output>
        </test-method> <!-- closeProjectDetailsContent -->
        <test-method status="PASS" signature="BeforeMethod(java.lang.reflect.Method)[pri:0, instance:Projects.ProjectProperties@5bcab519]" name="BeforeMethod" is-config="true" duration-ms="40" started-at="2022-02-19T23:39:08 IST" finished-at="2022-02-19T23:39:08 IST">
          <params>
            <param index="0">
              <value>
                <![CDATA[public void Projects.ProjectProperties.ClickStrategyTab()]]>
              </value>
            </param>
          </params>
          <reporter-output>
          </reporter-output>
        </test-method> <!-- BeforeMethod -->
        <test-method status="PASS" signature="ClickStrategyTab()[pri:6, instance:Projects.ProjectProperties@5bcab519]" name="ClickStrategyTab" duration-ms="85" started-at="2022-02-19T23:39:08 IST" finished-at="2022-02-19T23:39:08 IST">
          <reporter-output>
          </reporter-output>
        </test-method> <!-- ClickStrategyTab -->
        <test-method status="PASS" signature="BeforeMethod(java.lang.reflect.Method)[pri:0, instance:Projects.ProjectProperties@5bcab519]" name="BeforeMethod" is-config="true" duration-ms="61" started-at="2022-02-19T23:39:08 IST" finished-at="2022-02-19T23:39:08 IST">
          <params>
            <param index="0">
              <value>
                <![CDATA[public void Projects.ProjectProperties.gettitleofpage()]]>
              </value>
            </param>
          </params>
          <reporter-output>
          </reporter-output>
        </test-method> <!-- BeforeMethod -->
        <test-method status="PASS" signature="gettitleofpage()[pri:7, instance:Projects.ProjectProperties@5bcab519]" name="gettitleofpage" duration-ms="6" started-at="2022-02-19T23:39:08 IST" finished-at="2022-02-19T23:39:08 IST">
          <reporter-output>
          </reporter-output>
        </test-method> <!-- gettitleofpage -->
        <test-method status="PASS" signature="BeforeMethod(java.lang.reflect.Method)[pri:0, instance:Projects.ProjectProperties@5bcab519]" name="BeforeMethod" is-config="true" duration-ms="45" started-at="2022-02-19T23:39:08 IST" finished-at="2022-02-19T23:39:08 IST">
          <params>
            <param index="0">
              <value>
                <![CDATA[public void Projects.ProjectProperties.ClickCreateStragey() throws java.lang.InterruptedException]]>
              </value>
            </param>
          </params>
          <reporter-output>
          </reporter-output>
        </test-method> <!-- BeforeMethod -->
        <test-method status="PASS" signature="ClickCreateStragey()[pri:8, instance:Projects.ProjectProperties@5bcab519]" name="ClickCreateStragey" duration-ms="5131" started-at="2022-02-19T23:39:08 IST" finished-at="2022-02-19T23:39:13 IST">
          <reporter-output>
          </reporter-output>
        </test-method> <!-- ClickCreateStragey -->
        <test-method status="PASS" signature="BeforeMethod(java.lang.reflect.Method)[pri:0, instance:Projects.ProjectProperties@5bcab519]" name="BeforeMethod" is-config="true" duration-ms="87" started-at="2022-02-19T23:39:13 IST" finished-at="2022-02-19T23:39:13 IST">
          <params>
            <param index="0">
              <value>
                <![CDATA[public void Projects.ProjectProperties.verifyCreateStrategypopupDetails()]]>
              </value>
            </param>
          </params>
          <reporter-output>
          </reporter-output>
        </test-method> <!-- BeforeMethod -->
        <test-method status="PASS" signature="verifyCreateStrategypopupDetails()[pri:9, instance:Projects.ProjectProperties@5bcab519]" name="verifyCreateStrategypopupDetails" duration-ms="41" started-at="2022-02-19T23:39:13 IST" finished-at="2022-02-19T23:39:13 IST">
          <reporter-output>
          </reporter-output>
        </test-method> <!-- verifyCreateStrategypopupDetails -->
        <test-method status="PASS" signature="BeforeMethod(java.lang.reflect.Method)[pri:0, instance:Projects.ProjectProperties@5bcab519]" name="BeforeMethod" is-config="true" duration-ms="52" started-at="2022-02-19T23:39:13 IST" finished-at="2022-02-19T23:39:13 IST">
          <params>
            <param index="0">
              <value>
                <![CDATA[public void Projects.ProjectProperties.HelpTextofCreateStrategy()]]>
              </value>
            </param>
          </params>
          <reporter-output>
          </reporter-output>
        </test-method> <!-- BeforeMethod -->
        <test-method status="PASS" signature="HelpTextofCreateStrategy()[pri:10, instance:Projects.ProjectProperties@5bcab519]" name="HelpTextofCreateStrategy" duration-ms="30" started-at="2022-02-19T23:39:13 IST" finished-at="2022-02-19T23:39:13 IST">
          <reporter-output>
          </reporter-output>
        </test-method> <!-- HelpTextofCreateStrategy -->
        <test-method status="PASS" signature="BeforeMethod(java.lang.reflect.Method)[pri:0, instance:Projects.ProjectProperties@5bcab519]" name="BeforeMethod" is-config="true" duration-ms="51" started-at="2022-02-19T23:39:13 IST" finished-at="2022-02-19T23:39:14 IST">
          <params>
            <param index="0">
              <value>
                <![CDATA[public void Projects.ProjectProperties.VerifyHelpText()]]>
              </value>
            </param>
          </params>
          <reporter-output>
          </reporter-output>
        </test-method> <!-- BeforeMethod -->
        <test-method status="PASS" signature="VerifyHelpText()[pri:11, instance:Projects.ProjectProperties@5bcab519]" name="VerifyHelpText" duration-ms="36" started-at="2022-02-19T23:39:14 IST" finished-at="2022-02-19T23:39:14 IST">
          <reporter-output>
          </reporter-output>
        </test-method> <!-- VerifyHelpText -->
        <test-method status="PASS" signature="BeforeMethod(java.lang.reflect.Method)[pri:0, instance:Projects.ProjectProperties@5bcab519]" name="BeforeMethod" is-config="true" duration-ms="47" started-at="2022-02-19T23:39:14 IST" finished-at="2022-02-19T23:39:14 IST">
          <params>
            <param index="0">
              <value>
                <![CDATA[public void Projects.ProjectProperties.TitleLabel_exists()]]>
              </value>
            </param>
          </params>
          <reporter-output>
          </reporter-output>
        </test-method> <!-- BeforeMethod -->
        <test-method status="PASS" signature="TitleLabel_exists()[pri:12, instance:Projects.ProjectProperties@5bcab519]" name="TitleLabel_exists" duration-ms="28" started-at="2022-02-19T23:39:14 IST" finished-at="2022-02-19T23:39:14 IST">
          <reporter-output>
          </reporter-output>
        </test-method> <!-- TitleLabel_exists -->
        <test-method status="PASS" signature="BeforeMethod(java.lang.reflect.Method)[pri:0, instance:Projects.ProjectProperties@5bcab519]" name="BeforeMethod" is-config="true" duration-ms="47" started-at="2022-02-19T23:39:14 IST" finished-at="2022-02-19T23:39:14 IST">
          <params>
            <param index="0">
              <value>
                <![CDATA[public void Projects.ProjectProperties.ProblemStatement_exists()]]>
              </value>
            </param>
          </params>
          <reporter-output>
          </reporter-output>
        </test-method> <!-- BeforeMethod -->
        <test-method status="PASS" signature="ProblemStatement_exists()[pri:13, instance:Projects.ProjectProperties@5bcab519]" name="ProblemStatement_exists" duration-ms="32" started-at="2022-02-19T23:39:14 IST" finished-at="2022-02-19T23:39:14 IST">
          <reporter-output>
          </reporter-output>
        </test-method> <!-- ProblemStatement_exists -->
        <test-method status="PASS" signature="BeforeMethod(java.lang.reflect.Method)[pri:0, instance:Projects.ProjectProperties@5bcab519]" name="BeforeMethod" is-config="true" duration-ms="43" started-at="2022-02-19T23:39:14 IST" finished-at="2022-02-19T23:39:14 IST">
          <params>
            <param index="0">
              <value>
                <![CDATA[public void Projects.ProjectProperties.enterTitleofStrategy() throws java.lang.InterruptedException]]>
              </value>
            </param>
          </params>
          <reporter-output>
          </reporter-output>
        </test-method> <!-- BeforeMethod -->
        <test-method status="PASS" signature="enterTitleofStrategy()[pri:14, instance:Projects.ProjectProperties@5bcab519]" name="enterTitleofStrategy" duration-ms="4103" started-at="2022-02-19T23:39:14 IST" finished-at="2022-02-19T23:39:18 IST">
          <reporter-output>
          </reporter-output>
        </test-method> <!-- enterTitleofStrategy -->
        <test-method status="PASS" signature="BeforeMethod(java.lang.reflect.Method)[pri:0, instance:Projects.ProjectProperties@5bcab519]" name="BeforeMethod" is-config="true" duration-ms="56" started-at="2022-02-19T23:39:18 IST" finished-at="2022-02-19T23:39:18 IST">
          <params>
            <param index="0">
              <value>
                <![CDATA[public void Projects.ProjectProperties.enterProblemStatements() throws java.lang.InterruptedException]]>
              </value>
            </param>
          </params>
          <reporter-output>
          </reporter-output>
        </test-method> <!-- BeforeMethod -->
        <test-method status="PASS" signature="enterProblemStatements()[pri:15, instance:Projects.ProjectProperties@5bcab519]" name="enterProblemStatements" duration-ms="230" started-at="2022-02-19T23:39:18 IST" finished-at="2022-02-19T23:39:18 IST">
          <reporter-output>
          </reporter-output>
        </test-method> <!-- enterProblemStatements -->
        <test-method status="PASS" signature="BeforeMethod(java.lang.reflect.Method)[pri:0, instance:Projects.ProjectProperties@5bcab519]" name="BeforeMethod" is-config="true" duration-ms="30" started-at="2022-02-19T23:39:18 IST" finished-at="2022-02-19T23:39:18 IST">
          <params>
            <param index="0">
              <value>
                <![CDATA[public void Projects.ProjectProperties.ClickCreateStargeyDoneButton() throws java.lang.InterruptedException]]>
              </value>
            </param>
          </params>
          <reporter-output>
          </reporter-output>
        </test-method> <!-- BeforeMethod -->
        <test-method status="PASS" signature="ClickCreateStargeyDoneButton()[pri:16, instance:Projects.ProjectProperties@5bcab519]" name="ClickCreateStargeyDoneButton" duration-ms="5084" started-at="2022-02-19T23:39:18 IST" finished-at="2022-02-19T23:39:23 IST">
          <reporter-output>
          </reporter-output>
        </test-method> <!-- ClickCreateStargeyDoneButton -->
        <test-method status="PASS" signature="BeforeMethod(java.lang.reflect.Method)[pri:0, instance:Projects.ProjectProperties@5bcab519]" name="BeforeMethod" is-config="true" duration-ms="55" started-at="2022-02-19T23:39:23 IST" finished-at="2022-02-19T23:39:23 IST">
          <params>
            <param index="0">
              <value>
                <![CDATA[public void Projects.ProjectProperties.DeleteStargeyMenu() throws java.lang.InterruptedException]]>
              </value>
            </param>
          </params>
          <reporter-output>
          </reporter-output>
        </test-method> <!-- BeforeMethod -->
        <test-method status="PASS" signature="DeleteStargeyMenu()[pri:17, instance:Projects.ProjectProperties@5bcab519]" name="DeleteStargeyMenu" duration-ms="4072" started-at="2022-02-19T23:39:23 IST" finished-at="2022-02-19T23:39:27 IST">
          <reporter-output>
          </reporter-output>
        </test-method> <!-- DeleteStargeyMenu -->
        <test-method status="PASS" signature="BeforeMethod(java.lang.reflect.Method)[pri:0, instance:Projects.ProjectProperties@5bcab519]" name="BeforeMethod" is-config="true" duration-ms="53" started-at="2022-02-19T23:39:27 IST" finished-at="2022-02-19T23:39:27 IST">
          <params>
            <param index="0">
              <value>
                <![CDATA[public void Projects.ProjectProperties.DeleteStragey() throws java.lang.InterruptedException]]>
              </value>
            </param>
          </params>
          <reporter-output>
          </reporter-output>
        </test-method> <!-- BeforeMethod -->
        <test-method status="PASS" signature="DeleteStragey()[pri:18, instance:Projects.ProjectProperties@5bcab519]" name="DeleteStragey" duration-ms="4130" started-at="2022-02-19T23:39:27 IST" finished-at="2022-02-19T23:39:32 IST">
          <reporter-output>
          </reporter-output>
        </test-method> <!-- DeleteStragey -->
        <test-method status="PASS" signature="BeforeMethod(java.lang.reflect.Method)[pri:0, instance:Projects.ProjectProperties@5bcab519]" name="BeforeMethod" is-config="true" duration-ms="48" started-at="2022-02-19T23:39:32 IST" finished-at="2022-02-19T23:39:32 IST">
          <params>
            <param index="0">
              <value>
                <![CDATA[public void Projects.ProjectProperties.DeleteConfirmmessage() throws java.lang.InterruptedException]]>
              </value>
            </param>
          </params>
          <reporter-output>
          </reporter-output>
        </test-method> <!-- BeforeMethod -->
        <test-method status="PASS" signature="DeleteConfirmmessage()[pri:19, instance:Projects.ProjectProperties@5bcab519]" name="DeleteConfirmmessage" duration-ms="5039" started-at="2022-02-19T23:39:32 IST" finished-at="2022-02-19T23:39:37 IST">
          <reporter-output>
          </reporter-output>
        </test-method> <!-- DeleteConfirmmessage -->
        <test-method status="PASS" signature="BeforeMethod(java.lang.reflect.Method)[pri:0, instance:Projects.ProjectProperties@5bcab519]" name="BeforeMethod" is-config="true" duration-ms="30" started-at="2022-02-19T23:39:37 IST" finished-at="2022-02-19T23:39:37 IST">
          <params>
            <param index="0">
              <value>
                <![CDATA[public void Projects.ProjectProperties.Deleteaction() throws java.lang.InterruptedException]]>
              </value>
            </param>
          </params>
          <reporter-output>
          </reporter-output>
        </test-method> <!-- BeforeMethod -->
        <test-method status="PASS" signature="Deleteaction()[pri:20, instance:Projects.ProjectProperties@5bcab519]" name="Deleteaction" duration-ms="7081" started-at="2022-02-19T23:39:37 IST" finished-at="2022-02-19T23:39:44 IST">
          <reporter-output>
          </reporter-output>
        </test-method> <!-- Deleteaction -->
        <test-method status="PASS" signature="QuitWindows()[pri:0, instance:Projects.ProjectProperties@5bcab519]" name="QuitWindows" is-config="true" duration-ms="779" started-at="2022-02-19T23:39:44 IST" finished-at="2022-02-19T23:39:45 IST">
          <reporter-output>
          </reporter-output>
        </test-method> <!-- QuitWindows -->
      </class> <!-- Projects.ProjectProperties -->
      <class name="Login.LoginInvalid">
        <test-method status="PASS" signature="LaunchArtemisURL()[pri:0, instance:Login.LoginInvalid@6fd02e5]" name="LaunchArtemisURL" is-config="true" duration-ms="1893" started-at="2022-02-19T23:38:28 IST" finished-at="2022-02-19T23:38:30 IST">
          <reporter-output>
          </reporter-output>
        </test-method> <!-- LaunchArtemisURL -->
        <test-method status="PASS" signature="BeforeMethod(java.lang.reflect.Method)[pri:0, instance:Login.LoginInvalid@6fd02e5]" name="BeforeMethod" is-config="true" duration-ms="36" started-at="2022-02-19T23:38:30 IST" finished-at="2022-02-19T23:38:30 IST">
          <params>
            <param index="0">
              <value>
                <![CDATA[public void Login.LoginInvalid.EnterWrongemailid() throws java.lang.InterruptedException]]>
              </value>
            </param>
          </params>
          <reporter-output>
          </reporter-output>
        </test-method> <!-- BeforeMethod -->
        <test-method status="PASS" signature="EnterWrongemailid()[pri:0, instance:Login.LoginInvalid@6fd02e5]" name="EnterWrongemailid" duration-ms="5279" started-at="2022-02-19T23:38:30 IST" finished-at="2022-02-19T23:38:35 IST">
          <reporter-output>
          </reporter-output>
        </test-method> <!-- EnterWrongemailid -->
        <test-method status="PASS" signature="BeforeMethod(java.lang.reflect.Method)[pri:0, instance:Login.LoginInvalid@6fd02e5]" name="BeforeMethod" is-config="true" duration-ms="31" started-at="2022-02-19T23:38:35 IST" finished-at="2022-02-19T23:38:35 IST">
          <params>
            <param index="0">
              <value>
                <![CDATA[public void Login.LoginInvalid.wrongpassword() throws java.lang.InterruptedException]]>
              </value>
            </param>
          </params>
          <reporter-output>
          </reporter-output>
        </test-method> <!-- BeforeMethod -->
        <test-method status="PASS" signature="wrongpassword()[pri:0, instance:Login.LoginInvalid@6fd02e5]" name="wrongpassword" duration-ms="9410" started-at="2022-02-19T23:38:35 IST" finished-at="2022-02-19T23:38:44 IST">
          <reporter-output>
          </reporter-output>
        </test-method> <!-- wrongpassword -->
        <test-method status="PASS" signature="QuitWindows()[pri:0, instance:Login.LoginInvalid@6fd02e5]" name="QuitWindows" is-config="true" duration-ms="697" started-at="2022-02-19T23:38:44 IST" finished-at="2022-02-19T23:38:45 IST">
          <reporter-output>
          </reporter-output>
        </test-method> <!-- QuitWindows -->
      </class> <!-- Login.LoginInvalid -->
      <class name="Projects.FormsProperties">
        <test-method status="PASS" signature="LaunchArtemisURL()[pri:0, instance:Projects.FormsProperties@e45f292]" name="LaunchArtemisURL" is-config="true" duration-ms="1883" started-at="2022-02-19T23:39:45 IST" finished-at="2022-02-19T23:39:46 IST">
          <reporter-output>
          </reporter-output>
        </test-method> <!-- LaunchArtemisURL -->
        <test-method status="PASS" signature="BeforeMethod(java.lang.reflect.Method)[pri:0, instance:Projects.FormsProperties@e45f292]" name="BeforeMethod" is-config="true" duration-ms="34" started-at="2022-02-19T23:39:46 IST" finished-at="2022-02-19T23:39:46 IST">
          <params>
            <param index="0">
              <value>
                <![CDATA[public void Projects.FormsProperties.NavigatetoProjectDetailsPage() throws java.lang.InterruptedException]]>
              </value>
            </param>
          </params>
          <reporter-output>
          </reporter-output>
        </test-method> <!-- BeforeMethod -->
        <test-method status="PASS" signature="NavigatetoProjectDetailsPage()[pri:1, instance:Projects.FormsProperties@e45f292]" name="NavigatetoProjectDetailsPage" duration-ms="29461" started-at="2022-02-19T23:39:46 IST" finished-at="2022-02-19T23:40:16 IST">
          <reporter-output>
          </reporter-output>
        </test-method> <!-- NavigatetoProjectDetailsPage -->
        <test-method status="PASS" signature="BeforeMethod(java.lang.reflect.Method)[pri:0, instance:Projects.FormsProperties@e45f292]" name="BeforeMethod" is-config="true" duration-ms="45" started-at="2022-02-19T23:40:16 IST" finished-at="2022-02-19T23:40:16 IST">
          <params>
            <param index="0">
              <value>
                <![CDATA[public void Projects.FormsProperties.NavigatetoFormsTab()]]>
              </value>
            </param>
          </params>
          <reporter-output>
          </reporter-output>
        </test-method> <!-- BeforeMethod -->
        <test-method status="PASS" signature="NavigatetoFormsTab()[pri:2, instance:Projects.FormsProperties@e45f292]" name="NavigatetoFormsTab" duration-ms="108" started-at="2022-02-19T23:40:16 IST" finished-at="2022-02-19T23:40:16 IST">
          <reporter-output>
          </reporter-output>
        </test-method> <!-- NavigatetoFormsTab -->
        <test-method status="PASS" signature="BeforeMethod(java.lang.reflect.Method)[pri:0, instance:Projects.FormsProperties@e45f292]" name="BeforeMethod" is-config="true" duration-ms="24" started-at="2022-02-19T23:40:16 IST" finished-at="2022-02-19T23:40:16 IST">
          <params>
            <param index="0">
              <value>
                <![CDATA[public void Projects.FormsProperties.formspagetitle()]]>
              </value>
            </param>
          </params>
          <reporter-output>
          </reporter-output>
        </test-method> <!-- BeforeMethod -->
        <test-method status="PASS" signature="formspagetitle()[pri:3, instance:Projects.FormsProperties@e45f292]" name="formspagetitle" duration-ms="33" started-at="2022-02-19T23:40:16 IST" finished-at="2022-02-19T23:40:16 IST">
          <reporter-output>
          </reporter-output>
        </test-method> <!-- formspagetitle -->
        <test-method status="PASS" signature="BeforeMethod(java.lang.reflect.Method)[pri:0, instance:Projects.FormsProperties@e45f292]" name="BeforeMethod" is-config="true" duration-ms="35" started-at="2022-02-19T23:40:16 IST" finished-at="2022-02-19T23:40:16 IST">
          <params>
            <param index="0">
              <value>
                <![CDATA[public void Projects.FormsProperties.createforms() throws java.lang.InterruptedException]]>
              </value>
            </param>
          </params>
          <reporter-output>
          </reporter-output>
        </test-method> <!-- BeforeMethod -->
        <test-method status="PASS" signature="createforms()[pri:4, instance:Projects.FormsProperties@e45f292]" name="createforms" duration-ms="8142" started-at="2022-02-19T23:40:16 IST" finished-at="2022-02-19T23:40:24 IST">
          <reporter-output>
          </reporter-output>
        </test-method> <!-- createforms -->
        <test-method status="PASS" signature="BeforeMethod(java.lang.reflect.Method)[pri:0, instance:Projects.FormsProperties@e45f292]" name="BeforeMethod" is-config="true" duration-ms="50" started-at="2022-02-19T23:40:24 IST" finished-at="2022-02-19T23:40:24 IST">
          <params>
            <param index="0">
              <value>
                <![CDATA[public void Projects.FormsProperties.redirectedurl()]]>
              </value>
            </param>
          </params>
          <reporter-output>
          </reporter-output>
        </test-method> <!-- BeforeMethod -->
        <test-method status="PASS" signature="redirectedurl()[pri:5, instance:Projects.FormsProperties@e45f292]" name="redirectedurl" duration-ms="7" started-at="2022-02-19T23:40:24 IST" finished-at="2022-02-19T23:40:24 IST">
          <reporter-output>
          </reporter-output>
        </test-method> <!-- redirectedurl -->
        <test-method status="PASS" signature="BeforeMethod(java.lang.reflect.Method)[pri:0, instance:Projects.FormsProperties@e45f292]" name="BeforeMethod" is-config="true" duration-ms="26" started-at="2022-02-19T23:40:24 IST" finished-at="2022-02-19T23:40:24 IST">
          <params>
            <param index="0">
              <value>
                <![CDATA[public void Projects.FormsProperties.formstitle()]]>
              </value>
            </param>
          </params>
          <reporter-output>
          </reporter-output>
        </test-method> <!-- BeforeMethod -->
        <test-method status="PASS" signature="formstitle()[pri:6, instance:Projects.FormsProperties@e45f292]" name="formstitle" duration-ms="30" started-at="2022-02-19T23:40:24 IST" finished-at="2022-02-19T23:40:24 IST">
          <reporter-output>
          </reporter-output>
        </test-method> <!-- formstitle -->
        <test-method status="PASS" signature="BeforeMethod(java.lang.reflect.Method)[pri:0, instance:Projects.FormsProperties@e45f292]" name="BeforeMethod" is-config="true" duration-ms="32" started-at="2022-02-19T23:40:24 IST" finished-at="2022-02-19T23:40:24 IST">
          <params>
            <param index="0">
              <value>
                <![CDATA[public void Projects.FormsProperties.formtitle() throws java.lang.InterruptedException]]>
              </value>
            </param>
          </params>
          <reporter-output>
          </reporter-output>
        </test-method> <!-- BeforeMethod -->
        <test-method status="PASS" signature="formtitle()[pri:7, instance:Projects.FormsProperties@e45f292]" name="formtitle" duration-ms="13277" started-at="2022-02-19T23:40:24 IST" finished-at="2022-02-19T23:40:38 IST">
          <reporter-output>
          </reporter-output>
        </test-method> <!-- formtitle -->
        <test-method status="PASS" signature="BeforeMethod(java.lang.reflect.Method)[pri:0, instance:Projects.FormsProperties@e45f292]" name="BeforeMethod" is-config="true" duration-ms="43" started-at="2022-02-19T23:40:38 IST" finished-at="2022-02-19T23:40:38 IST">
          <params>
            <param index="0">
              <value>
                <![CDATA[public void Projects.FormsProperties.createQuestion1() throws java.lang.InterruptedException]]>
              </value>
            </param>
          </params>
          <reporter-output>
          </reporter-output>
        </test-method> <!-- BeforeMethod -->
        <test-method status="PASS" signature="createQuestion1()[pri:8, instance:Projects.FormsProperties@e45f292]" name="createQuestion1" duration-ms="191" started-at="2022-02-19T23:40:38 IST" finished-at="2022-02-19T23:40:38 IST">
          <reporter-output>
          </reporter-output>
        </test-method> <!-- createQuestion1 -->
        <test-method status="PASS" signature="QuitWindows()[pri:0, instance:Projects.FormsProperties@e45f292]" name="QuitWindows" is-config="true" duration-ms="739" started-at="2022-02-19T23:40:38 IST" finished-at="2022-02-19T23:40:39 IST">
          <reporter-output>
          </reporter-output>
        </test-method> <!-- QuitWindows -->
      </class> <!-- Projects.FormsProperties -->
      <class name="Login.Login_Test">
        <test-method status="PASS" signature="BeforeTestMethod()[pri:0, instance:Login.Login_Test@5700d6b1]" name="BeforeTestMethod" is-config="true" duration-ms="97" started-at="2022-02-19T23:38:18 IST" finished-at="2022-02-19T23:38:18 IST">
          <reporter-output>
          </reporter-output>
        </test-method> <!-- BeforeTestMethod -->
        <test-method status="PASS" signature="LaunchArtemisURL()[pri:0, instance:Login.Login_Test@5700d6b1]" name="LaunchArtemisURL" is-config="true" duration-ms="2523" started-at="2022-02-19T23:38:18 IST" finished-at="2022-02-19T23:38:20 IST">
          <reporter-output>
          </reporter-output>
        </test-method> <!-- LaunchArtemisURL -->
        <test-method status="PASS" signature="BeforeMethod(java.lang.reflect.Method)[pri:0, instance:Login.Login_Test@5700d6b1]" name="BeforeMethod" is-config="true" duration-ms="240" started-at="2022-02-19T23:38:20 IST" finished-at="2022-02-19T23:38:20 IST">
          <params>
            <param index="0">
              <value>
                <![CDATA[public void Login.Login_Test.Login_HomePage()]]>
              </value>
            </param>
          </params>
          <reporter-output>
          </reporter-output>
        </test-method> <!-- BeforeMethod -->
        <test-method status="PASS" signature="Login_HomePage()[pri:1, instance:Login.Login_Test@5700d6b1]" name="Login_HomePage" duration-ms="8" started-at="2022-02-19T23:38:20 IST" description="Check the Login page title" finished-at="2022-02-19T23:38:20 IST">
          <reporter-output>
          </reporter-output>
        </test-method> <!-- Login_HomePage -->
        <test-method status="PASS" signature="BeforeMethod(java.lang.reflect.Method)[pri:0, instance:Login.Login_Test@5700d6b1]" name="BeforeMethod" is-config="true" duration-ms="68" started-at="2022-02-19T23:38:21 IST" finished-at="2022-02-19T23:38:21 IST">
          <params>
            <param index="0">
              <value>
                <![CDATA[public void Login.Login_Test.LogintoApp() throws java.lang.InterruptedException]]>
              </value>
            </param>
          </params>
          <reporter-output>
          </reporter-output>
        </test-method> <!-- BeforeMethod -->
        <test-method status="PASS" signature="LogintoApp()[pri:2, instance:Login.Login_Test@5700d6b1]" name="LogintoApp" duration-ms="6461" started-at="2022-02-19T23:38:21 IST" description="Verify Login to application with valid details" finished-at="2022-02-19T23:38:27 IST">
          <reporter-output>
          </reporter-output>
        </test-method> <!-- LogintoApp -->
        <test-method status="PASS" signature="BeforeMethod(java.lang.reflect.Method)[pri:0, instance:Login.Login_Test@5700d6b1]" name="BeforeMethod" is-config="true" duration-ms="34" started-at="2022-02-19T23:38:27 IST" finished-at="2022-02-19T23:38:27 IST">
          <params>
            <param index="0">
              <value>
                <![CDATA[public void Login.Login_Test.Loginsuccesful()]]>
              </value>
            </param>
          </params>
          <reporter-output>
          </reporter-output>
        </test-method> <!-- BeforeMethod -->
        <test-method status="PASS" signature="Loginsuccesful()[pri:3, instance:Login.Login_Test@5700d6b1]" name="Loginsuccesful" duration-ms="6" started-at="2022-02-19T23:38:27 IST" finished-at="2022-02-19T23:38:27 IST">
          <reporter-output>
          </reporter-output>
        </test-method> <!-- Loginsuccesful -->
        <test-method status="PASS" signature="QuitWindows()[pri:0, instance:Login.Login_Test@5700d6b1]" name="QuitWindows" is-config="true" duration-ms="686" started-at="2022-02-19T23:38:27 IST" finished-at="2022-02-19T23:38:28 IST">
          <reporter-output>
          </reporter-output>
        </test-method> <!-- QuitWindows -->
        <test-method status="PASS" signature="AfterTestMethod()[pri:0, instance:Login.Login_Test@5700d6b1]" name="AfterTestMethod" is-config="true" duration-ms="52" started-at="2022-02-19T23:40:39 IST" finished-at="2022-02-19T23:40:39 IST">
          <reporter-output>
          </reporter-output>
        </test-method> <!-- AfterTestMethod -->
      </class> <!-- Login.Login_Test -->
    </test> <!-- Regression suite 1 -->
  </suite> <!-- example suite 1 -->
</testng-results>
