<?xml version="1.0" encoding="UTF-8"?>
<testng-results skipped="0" failed="0" ignored="0" total="5" passed="5">
  <reporter-output>
  </reporter-output>
  <suite name="example suite 1" duration-ms="31507" started-at="2022-02-13T21:22:49 IST" finished-at="2022-02-13T21:23:21 IST">
    <groups>
    </groups>
    <test name="Regression suite 1" duration-ms="31507" started-at="2022-02-13T21:22:49 IST" finished-at="2022-02-13T21:23:21 IST">
      <class name="Login.LoginInvalid">
        <test-method status="PASS" signature="LaunchArtemisURL()[pri:0, instance:Login.LoginInvalid@146ba0ac]" name="LaunchArtemisURL" is-config="true" duration-ms="4081" started-at="2022-02-13T21:23:01 IST" finished-at="2022-02-13T21:23:05 IST">
          <reporter-output>
          </reporter-output>
        </test-method> <!-- LaunchArtemisURL -->
        <test-method status="PASS" signature="EnterWrongemailid()[pri:0, instance:Login.LoginInvalid@146ba0ac]" name="EnterWrongemailid" duration-ms="5313" started-at="2022-02-13T21:23:05 IST" finished-at="2022-02-13T21:23:11 IST">
          <reporter-output>
          </reporter-output>
        </test-method> <!-- EnterWrongemailid -->
        <test-method status="PASS" signature="wrongpassword()[pri:0, instance:Login.LoginInvalid@146ba0ac]" name="wrongpassword" duration-ms="9425" started-at="2022-02-13T21:23:11 IST" finished-at="2022-02-13T21:23:20 IST">
          <reporter-output>
          </reporter-output>
        </test-method> <!-- wrongpassword -->
        <test-method status="PASS" signature="QuitWindows()[pri:0, instance:Login.LoginInvalid@146ba0ac]" name="QuitWindows" is-config="true" duration-ms="662" started-at="2022-02-13T21:23:20 IST" finished-at="2022-02-13T21:23:21 IST">
          <reporter-output>
          </reporter-output>
        </test-method> <!-- QuitWindows -->
      </class> <!-- Login.LoginInvalid -->
      <class name="Login.Login_Test">
        <test-method status="PASS" signature="LaunchArtemisURL()[pri:0, instance:Login.Login_Test@754ba872]" name="LaunchArtemisURL" is-config="true" duration-ms="4869" started-at="2022-02-13T21:22:49 IST" finished-at="2022-02-13T21:22:54 IST">
          <reporter-output>
          </reporter-output>
        </test-method> <!-- LaunchArtemisURL -->
        <test-method status="PASS" signature="Login_HomePage()[pri:1, instance:Login.Login_Test@754ba872]" name="Login_HomePage" duration-ms="8" started-at="2022-02-13T21:22:54 IST" description="Check the Login page title" finished-at="2022-02-13T21:22:54 IST">
          <reporter-output>
          </reporter-output>
        </test-method> <!-- Login_HomePage -->
        <test-method status="PASS" signature="LogintoApp()[pri:2, instance:Login.Login_Test@754ba872]" name="LogintoApp" duration-ms="6456" started-at="2022-02-13T21:22:54 IST" description="Verify Login to application with valid details" finished-at="2022-02-13T21:23:01 IST">
          <reporter-output>
          </reporter-output>
        </test-method> <!-- LogintoApp -->
        <test-method status="PASS" signature="Loginsuccesful()[pri:3, instance:Login.Login_Test@754ba872]" name="Loginsuccesful" duration-ms="4" started-at="2022-02-13T21:23:01 IST" finished-at="2022-02-13T21:23:01 IST">
          <reporter-output>
          </reporter-output>
        </test-method> <!-- Loginsuccesful -->
        <test-method status="PASS" signature="QuitWindows()[pri:0, instance:Login.Login_Test@754ba872]" name="QuitWindows" is-config="true" duration-ms="651" started-at="2022-02-13T21:23:01 IST" finished-at="2022-02-13T21:23:01 IST">
          <reporter-output>
          </reporter-output>
        </test-method> <!-- QuitWindows -->
      </class> <!-- Login.Login_Test -->
    </test> <!-- Regression suite 1 -->
  </suite> <!-- example suite 1 -->
</testng-results>
