<?xml version="1.0" encoding="UTF-8"?>
<testng-results skipped="0" failed="0" ignored="16" total="89" passed="73">
  <reporter-output>
    <line>
      <![CDATA[Fetch the title of the page]]>
    </line>
    <line>
      <![CDATA[Verify the title of the page is Artemis Accounts Portal]]>
    </line>
    <line>
      <![CDATA[User ented the email id details succefully]]>
    </line>
    <line>
      <![CDATA[User clicks Login button succefully]]>
    </line>
    <line>
      <![CDATA[User entered the passowrd succefully]]>
    </line>
    <line>
      <![CDATA[User clicks the next button]]>
    </line>
    <line>
      <![CDATA[User able to login succefully]]>
    </line>
    <line>
      <![CDATA[User ented the email id details succefully]]>
    </line>
    <line>
      <![CDATA[User clicks Login button succefully]]>
    </line>
    <line>
      <![CDATA[User entered the passowrd succefully]]>
    </line>
    <line>
      <![CDATA[User clicks the next button]]>
    </line>
    <line>
      <![CDATA[User ented the email id details succefully]]>
    </line>
    <line>
      <![CDATA[User clicks Login button succefully]]>
    </line>
    <line>
      <![CDATA[User entered the passowrd succefully]]>
    </line>
    <line>
      <![CDATA[User clicks the next button]]>
    </line>
    <line>
      <![CDATA[User ented the email id details succefully]]>
    </line>
    <line>
      <![CDATA[User clicks Login button succefully]]>
    </line>
    <line>
      <![CDATA[User entered the passowrd succefully]]>
    </line>
    <line>
      <![CDATA[User clicks the next button]]>
    </line>
    <line>
      <![CDATA[User ented the email id details succefully]]>
    </line>
    <line>
      <![CDATA[User clicks Login button succefully]]>
    </line>
    <line>
      <![CDATA[User entered the passowrd succefully]]>
    </line>
    <line>
      <![CDATA[User clicks the next button]]>
    </line>
  </reporter-output>
  <suite name="example suite 1" duration-ms="308268" started-at="2022-03-19T23:42:32 IST" finished-at="2022-03-19T23:47:40 IST">
    <groups>
    </groups>
    <test name="Regression suite 1" duration-ms="308268" started-at="2022-03-19T23:42:32 IST" finished-at="2022-03-19T23:47:40 IST">
      <class name="Projects.editproject">
        <test-method status="PASS" signature="LaunchArtemisURL()[pri:0, instance:Projects.editproject@cb644e]" name="LaunchArtemisURL" is-config="true" duration-ms="1961" started-at="2022-03-19T23:45:23 IST" finished-at="2022-03-19T23:45:25 IST">
          <reporter-output>
          </reporter-output>
        </test-method> <!-- LaunchArtemisURL -->
        <test-method status="PASS" signature="BeforeMethod(java.lang.reflect.Method)[pri:0, instance:Projects.editproject@cb644e]" name="BeforeMethod" is-config="true" duration-ms="33" started-at="2022-03-19T23:45:25 IST" finished-at="2022-03-19T23:45:25 IST">
          <params>
            <param index="0">
              <value>
                <![CDATA[public void Projects.editproject.NavigatetoProjectBoard() throws java.lang.InterruptedException]]>
              </value>
            </param>
          </params>
          <reporter-output>
          </reporter-output>
        </test-method> <!-- BeforeMethod -->
        <test-method status="PASS" signature="NavigatetoProjectBoard()[pri:1, instance:Projects.editproject@cb644e]" name="NavigatetoProjectBoard" duration-ms="14499" started-at="2022-03-19T23:45:25 IST" finished-at="2022-03-19T23:45:39 IST">
          <reporter-output>
            <line>
              <![CDATA[User ented the email id details succefully]]>
            </line>
            <line>
              <![CDATA[User clicks Login button succefully]]>
            </line>
            <line>
              <![CDATA[User entered the passowrd succefully]]>
            </line>
            <line>
              <![CDATA[User clicks the next button]]>
            </line>
          </reporter-output>
        </test-method> <!-- NavigatetoProjectBoard -->
        <test-method status="PASS" signature="BeforeMethod(java.lang.reflect.Method)[pri:0, instance:Projects.editproject@cb644e]" name="BeforeMethod" is-config="true" duration-ms="37" started-at="2022-03-19T23:45:39 IST" finished-at="2022-03-19T23:45:39 IST">
          <params>
            <param index="0">
              <value>
                <![CDATA[public void Projects.editproject.fetchProjectaccess()]]>
              </value>
            </param>
          </params>
          <reporter-output>
          </reporter-output>
        </test-method> <!-- BeforeMethod -->
        <test-method status="PASS" signature="fetchProjectaccess()[pri:2, instance:Projects.editproject@cb644e]" name="fetchProjectaccess" duration-ms="33" started-at="2022-03-19T23:45:39 IST" finished-at="2022-03-19T23:45:39 IST">
          <reporter-output>
          </reporter-output>
        </test-method> <!-- fetchProjectaccess -->
        <test-method status="PASS" signature="BeforeMethod(java.lang.reflect.Method)[pri:0, instance:Projects.editproject@cb644e]" name="BeforeMethod" is-config="true" duration-ms="44" started-at="2022-03-19T23:45:39 IST" finished-at="2022-03-19T23:45:39 IST">
          <params>
            <param index="0">
              <value>
                <![CDATA[public void Projects.editproject.checkProjectState() throws java.lang.InterruptedException]]>
              </value>
            </param>
          </params>
          <reporter-output>
          </reporter-output>
        </test-method> <!-- BeforeMethod -->
        <test-method status="PASS" signature="checkProjectState()[pri:3, instance:Projects.editproject@cb644e]" name="checkProjectState" duration-ms="5045" started-at="2022-03-19T23:45:39 IST" finished-at="2022-03-19T23:45:44 IST">
          <reporter-output>
          </reporter-output>
        </test-method> <!-- checkProjectState -->
        <test-method status="PASS" signature="BeforeMethod(java.lang.reflect.Method)[pri:0, instance:Projects.editproject@cb644e]" name="BeforeMethod" is-config="true" duration-ms="48" started-at="2022-03-19T23:45:44 IST" finished-at="2022-03-19T23:45:44 IST">
          <params>
            <param index="0">
              <value>
                <![CDATA[public void Projects.editproject.clickProjectHamburgicon() throws java.lang.InterruptedException]]>
              </value>
            </param>
          </params>
          <reporter-output>
          </reporter-output>
        </test-method> <!-- BeforeMethod -->
        <test-method status="PASS" signature="clickProjectHamburgicon()[pri:4, instance:Projects.editproject@cb644e]" name="clickProjectHamburgicon" duration-ms="8071" started-at="2022-03-19T23:45:44 IST" finished-at="2022-03-19T23:45:52 IST">
          <reporter-output>
          </reporter-output>
        </test-method> <!-- clickProjectHamburgicon -->
        <test-method status="PASS" signature="BeforeMethod(java.lang.reflect.Method)[pri:0, instance:Projects.editproject@cb644e]" name="BeforeMethod" is-config="true" duration-ms="55" started-at="2022-03-19T23:45:52 IST" finished-at="2022-03-19T23:45:52 IST">
          <params>
            <param index="0">
              <value>
                <![CDATA[public void Projects.editproject.ClickEditProject() throws java.lang.InterruptedException]]>
              </value>
            </param>
          </params>
          <reporter-output>
          </reporter-output>
        </test-method> <!-- BeforeMethod -->
        <test-method status="PASS" signature="ClickEditProject()[pri:5, instance:Projects.editproject@cb644e]" name="ClickEditProject" duration-ms="8161" started-at="2022-03-19T23:45:52 IST" finished-at="2022-03-19T23:46:01 IST">
          <reporter-output>
          </reporter-output>
        </test-method> <!-- ClickEditProject -->
        <test-method status="PASS" signature="BeforeMethod(java.lang.reflect.Method)[pri:0, instance:Projects.editproject@cb644e]" name="BeforeMethod" is-config="true" duration-ms="28" started-at="2022-03-19T23:46:01 IST" finished-at="2022-03-19T23:46:01 IST">
          <params>
            <param index="0">
              <value>
                <![CDATA[public void Projects.editproject.VerifyTitleofeditproject() throws java.lang.InterruptedException]]>
              </value>
            </param>
          </params>
          <reporter-output>
          </reporter-output>
        </test-method> <!-- BeforeMethod -->
        <test-method status="PASS" signature="VerifyTitleofeditproject()[pri:6, instance:Projects.editproject@cb644e]" name="VerifyTitleofeditproject" duration-ms="6027" started-at="2022-03-19T23:46:01 IST" finished-at="2022-03-19T23:46:07 IST">
          <reporter-output>
          </reporter-output>
        </test-method> <!-- VerifyTitleofeditproject -->
        <test-method status="PASS" signature="BeforeMethod(java.lang.reflect.Method)[pri:0, instance:Projects.editproject@cb644e]" name="BeforeMethod" is-config="true" duration-ms="22" started-at="2022-03-19T23:46:07 IST" finished-at="2022-03-19T23:46:07 IST">
          <params>
            <param index="0">
              <value>
                <![CDATA[public void Projects.editproject.edittitleofproject() throws java.lang.InterruptedException]]>
              </value>
            </param>
          </params>
          <reporter-output>
          </reporter-output>
        </test-method> <!-- BeforeMethod -->
        <test-method status="PASS" signature="edittitleofproject()[pri:7, instance:Projects.editproject@cb644e]" name="edittitleofproject" duration-ms="13387" started-at="2022-03-19T23:46:07 IST" finished-at="2022-03-19T23:46:20 IST">
          <reporter-output>
          </reporter-output>
        </test-method> <!-- edittitleofproject -->
        <test-method status="PASS" signature="BeforeMethod(java.lang.reflect.Method)[pri:0, instance:Projects.editproject@cb644e]" name="BeforeMethod" is-config="true" duration-ms="21" started-at="2022-03-19T23:46:20 IST" finished-at="2022-03-19T23:46:20 IST">
          <params>
            <param index="0">
              <value>
                <![CDATA[public void Projects.editproject.clickCancelButton() throws java.lang.InterruptedException]]>
              </value>
            </param>
          </params>
          <reporter-output>
          </reporter-output>
        </test-method> <!-- BeforeMethod -->
        <test-method status="PASS" signature="clickCancelButton()[pri:8, instance:Projects.editproject@cb644e]" name="clickCancelButton" duration-ms="8198" started-at="2022-03-19T23:46:20 IST" finished-at="2022-03-19T23:46:28 IST">
          <reporter-output>
          </reporter-output>
        </test-method> <!-- clickCancelButton -->
        <test-method status="PASS" signature="QuitWindows()[pri:0, instance:Projects.editproject@cb644e]" name="QuitWindows" is-config="true" duration-ms="723" started-at="2022-03-19T23:46:28 IST" finished-at="2022-03-19T23:46:29 IST">
          <reporter-output>
          </reporter-output>
        </test-method> <!-- QuitWindows -->
      </class> <!-- Projects.editproject -->
      <class name="Projects.ProjectProperties">
        <test-method status="PASS" signature="LaunchArtemisURL()[pri:0, instance:Projects.ProjectProperties@6e1567f1]" name="LaunchArtemisURL" is-config="true" duration-ms="1931" started-at="2022-03-19T23:43:28 IST" finished-at="2022-03-19T23:43:30 IST">
          <reporter-output>
          </reporter-output>
        </test-method> <!-- LaunchArtemisURL -->
        <test-method status="PASS" signature="BeforeMethod(java.lang.reflect.Method)[pri:0, instance:Projects.ProjectProperties@6e1567f1]" name="BeforeMethod" is-config="true" duration-ms="51" started-at="2022-03-19T23:43:30 IST" finished-at="2022-03-19T23:43:30 IST">
          <params>
            <param index="0">
              <value>
                <![CDATA[public void Projects.ProjectProperties.fetchprojecttitle() throws java.lang.InterruptedException]]>
              </value>
            </param>
          </params>
          <reporter-output>
          </reporter-output>
        </test-method> <!-- BeforeMethod -->
        <test-method status="PASS" signature="fetchprojecttitle()[pri:1, instance:Projects.ProjectProperties@6e1567f1]" name="fetchprojecttitle" duration-ms="14504" started-at="2022-03-19T23:43:30 IST" finished-at="2022-03-19T23:43:45 IST">
          <reporter-output>
            <line>
              <![CDATA[User ented the email id details succefully]]>
            </line>
            <line>
              <![CDATA[User clicks Login button succefully]]>
            </line>
            <line>
              <![CDATA[User entered the passowrd succefully]]>
            </line>
            <line>
              <![CDATA[User clicks the next button]]>
            </line>
          </reporter-output>
        </test-method> <!-- fetchprojecttitle -->
        <test-method status="PASS" signature="BeforeMethod(java.lang.reflect.Method)[pri:0, instance:Projects.ProjectProperties@6e1567f1]" name="BeforeMethod" is-config="true" duration-ms="46" started-at="2022-03-19T23:43:45 IST" finished-at="2022-03-19T23:43:45 IST">
          <params>
            <param index="0">
              <value>
                <![CDATA[public void Projects.ProjectProperties.ClickProject()]]>
              </value>
            </param>
          </params>
          <reporter-output>
          </reporter-output>
        </test-method> <!-- BeforeMethod -->
        <test-method status="PASS" signature="ClickProject()[pri:3, instance:Projects.ProjectProperties@6e1567f1]" name="ClickProject" duration-ms="79" started-at="2022-03-19T23:43:45 IST" finished-at="2022-03-19T23:43:45 IST">
          <reporter-output>
          </reporter-output>
        </test-method> <!-- ClickProject -->
        <test-method status="PASS" signature="BeforeMethod(java.lang.reflect.Method)[pri:0, instance:Projects.ProjectProperties@6e1567f1]" name="BeforeMethod" is-config="true" duration-ms="31" started-at="2022-03-19T23:43:45 IST" finished-at="2022-03-19T23:43:45 IST">
          <params>
            <param index="0">
              <value>
                <![CDATA[public void Projects.ProjectProperties.getProjectClassification()]]>
              </value>
            </param>
          </params>
          <reporter-output>
          </reporter-output>
        </test-method> <!-- BeforeMethod -->
        <test-method status="PASS" signature="getProjectClassification()[pri:4, instance:Projects.ProjectProperties@6e1567f1]" name="getProjectClassification" duration-ms="533" started-at="2022-03-19T23:43:45 IST" finished-at="2022-03-19T23:43:45 IST">
          <reporter-output>
          </reporter-output>
        </test-method> <!-- getProjectClassification -->
        <test-method status="PASS" signature="BeforeMethod(java.lang.reflect.Method)[pri:0, instance:Projects.ProjectProperties@6e1567f1]" name="BeforeMethod" is-config="true" duration-ms="29" started-at="2022-03-19T23:43:45 IST" finished-at="2022-03-19T23:43:45 IST">
          <params>
            <param index="0">
              <value>
                <![CDATA[public void Projects.ProjectProperties.getProjectDetailsContent() throws java.lang.InterruptedException]]>
              </value>
            </param>
          </params>
          <reporter-output>
          </reporter-output>
        </test-method> <!-- BeforeMethod -->
        <test-method status="PASS" signature="getProjectDetailsContent()[pri:5, instance:Projects.ProjectProperties@6e1567f1]" name="getProjectDetailsContent" duration-ms="5110" started-at="2022-03-19T23:43:45 IST" finished-at="2022-03-19T23:43:50 IST">
          <reporter-output>
          </reporter-output>
        </test-method> <!-- getProjectDetailsContent -->
        <test-method status="PASS" signature="BeforeMethod(java.lang.reflect.Method)[pri:0, instance:Projects.ProjectProperties@6e1567f1]" name="BeforeMethod" is-config="true" duration-ms="53" started-at="2022-03-19T23:43:50 IST" finished-at="2022-03-19T23:43:50 IST">
          <params>
            <param index="0">
              <value>
                <![CDATA[public void Projects.ProjectProperties.closeProjectDetailsContent()]]>
              </value>
            </param>
          </params>
          <reporter-output>
          </reporter-output>
        </test-method> <!-- BeforeMethod -->
        <test-method status="PASS" signature="closeProjectDetailsContent()[pri:6, instance:Projects.ProjectProperties@6e1567f1]" name="closeProjectDetailsContent" duration-ms="67" started-at="2022-03-19T23:43:50 IST" finished-at="2022-03-19T23:43:50 IST">
          <reporter-output>
          </reporter-output>
        </test-method> <!-- closeProjectDetailsContent -->
        <test-method status="PASS" signature="BeforeMethod(java.lang.reflect.Method)[pri:0, instance:Projects.ProjectProperties@6e1567f1]" name="BeforeMethod" is-config="true" duration-ms="26" started-at="2022-03-19T23:43:50 IST" finished-at="2022-03-19T23:43:51 IST">
          <params>
            <param index="0">
              <value>
                <![CDATA[public void Projects.ProjectProperties.ClickStrategyTab()]]>
              </value>
            </param>
          </params>
          <reporter-output>
          </reporter-output>
        </test-method> <!-- BeforeMethod -->
        <test-method status="PASS" signature="ClickStrategyTab()[pri:7, instance:Projects.ProjectProperties@6e1567f1]" name="ClickStrategyTab" duration-ms="110" started-at="2022-03-19T23:43:51 IST" finished-at="2022-03-19T23:43:51 IST">
          <reporter-output>
          </reporter-output>
        </test-method> <!-- ClickStrategyTab -->
        <test-method status="PASS" signature="BeforeMethod(java.lang.reflect.Method)[pri:0, instance:Projects.ProjectProperties@6e1567f1]" name="BeforeMethod" is-config="true" duration-ms="26" started-at="2022-03-19T23:43:51 IST" finished-at="2022-03-19T23:43:51 IST">
          <params>
            <param index="0">
              <value>
                <![CDATA[public void Projects.ProjectProperties.gettitleofpage()]]>
              </value>
            </param>
          </params>
          <reporter-output>
          </reporter-output>
        </test-method> <!-- BeforeMethod -->
        <test-method status="PASS" signature="gettitleofpage()[pri:8, instance:Projects.ProjectProperties@6e1567f1]" name="gettitleofpage" duration-ms="6" started-at="2022-03-19T23:43:51 IST" finished-at="2022-03-19T23:43:51 IST">
          <reporter-output>
          </reporter-output>
        </test-method> <!-- gettitleofpage -->
        <test-method status="PASS" signature="BeforeMethod(java.lang.reflect.Method)[pri:0, instance:Projects.ProjectProperties@6e1567f1]" name="BeforeMethod" is-config="true" duration-ms="31" started-at="2022-03-19T23:43:51 IST" finished-at="2022-03-19T23:43:51 IST">
          <params>
            <param index="0">
              <value>
                <![CDATA[public void Projects.ProjectProperties.ClickCreateStragey() throws java.lang.InterruptedException]]>
              </value>
            </param>
          </params>
          <reporter-output>
          </reporter-output>
        </test-method> <!-- BeforeMethod -->
        <test-method status="PASS" signature="ClickCreateStragey()[pri:9, instance:Projects.ProjectProperties@6e1567f1]" name="ClickCreateStragey" duration-ms="5146" started-at="2022-03-19T23:43:51 IST" finished-at="2022-03-19T23:43:56 IST">
          <reporter-output>
          </reporter-output>
        </test-method> <!-- ClickCreateStragey -->
        <test-method status="PASS" signature="BeforeMethod(java.lang.reflect.Method)[pri:0, instance:Projects.ProjectProperties@6e1567f1]" name="BeforeMethod" is-config="true" duration-ms="47" started-at="2022-03-19T23:43:56 IST" finished-at="2022-03-19T23:43:56 IST">
          <params>
            <param index="0">
              <value>
                <![CDATA[public void Projects.ProjectProperties.verifyCreateStrategypopupDetails()]]>
              </value>
            </param>
          </params>
          <reporter-output>
          </reporter-output>
        </test-method> <!-- BeforeMethod -->
        <test-method status="PASS" signature="verifyCreateStrategypopupDetails()[pri:10, instance:Projects.ProjectProperties@6e1567f1]" name="verifyCreateStrategypopupDetails" duration-ms="39" started-at="2022-03-19T23:43:56 IST" finished-at="2022-03-19T23:43:56 IST">
          <reporter-output>
          </reporter-output>
        </test-method> <!-- verifyCreateStrategypopupDetails -->
        <test-method status="PASS" signature="BeforeMethod(java.lang.reflect.Method)[pri:0, instance:Projects.ProjectProperties@6e1567f1]" name="BeforeMethod" is-config="true" duration-ms="47" started-at="2022-03-19T23:43:56 IST" finished-at="2022-03-19T23:43:56 IST">
          <params>
            <param index="0">
              <value>
                <![CDATA[public void Projects.ProjectProperties.HelpTextofCreateStrategy()]]>
              </value>
            </param>
          </params>
          <reporter-output>
          </reporter-output>
        </test-method> <!-- BeforeMethod -->
        <test-method status="PASS" signature="HelpTextofCreateStrategy()[pri:11, instance:Projects.ProjectProperties@6e1567f1]" name="HelpTextofCreateStrategy" duration-ms="43" started-at="2022-03-19T23:43:56 IST" finished-at="2022-03-19T23:43:56 IST">
          <reporter-output>
          </reporter-output>
        </test-method> <!-- HelpTextofCreateStrategy -->
        <test-method status="PASS" signature="BeforeMethod(java.lang.reflect.Method)[pri:0, instance:Projects.ProjectProperties@6e1567f1]" name="BeforeMethod" is-config="true" duration-ms="37" started-at="2022-03-19T23:43:56 IST" finished-at="2022-03-19T23:43:56 IST">
          <params>
            <param index="0">
              <value>
                <![CDATA[public void Projects.ProjectProperties.VerifyHelpText()]]>
              </value>
            </param>
          </params>
          <reporter-output>
          </reporter-output>
        </test-method> <!-- BeforeMethod -->
        <test-method status="PASS" signature="VerifyHelpText()[pri:12, instance:Projects.ProjectProperties@6e1567f1]" name="VerifyHelpText" duration-ms="35" started-at="2022-03-19T23:43:56 IST" finished-at="2022-03-19T23:43:56 IST">
          <reporter-output>
          </reporter-output>
        </test-method> <!-- VerifyHelpText -->
        <test-method status="PASS" signature="BeforeMethod(java.lang.reflect.Method)[pri:0, instance:Projects.ProjectProperties@6e1567f1]" name="BeforeMethod" is-config="true" duration-ms="50" started-at="2022-03-19T23:43:56 IST" finished-at="2022-03-19T23:43:56 IST">
          <params>
            <param index="0">
              <value>
                <![CDATA[public void Projects.ProjectProperties.TitleLabel_exists()]]>
              </value>
            </param>
          </params>
          <reporter-output>
          </reporter-output>
        </test-method> <!-- BeforeMethod -->
        <test-method status="PASS" signature="TitleLabel_exists()[pri:13, instance:Projects.ProjectProperties@6e1567f1]" name="TitleLabel_exists" duration-ms="42" started-at="2022-03-19T23:43:56 IST" finished-at="2022-03-19T23:43:56 IST">
          <reporter-output>
          </reporter-output>
        </test-method> <!-- TitleLabel_exists -->
        <test-method status="PASS" signature="BeforeMethod(java.lang.reflect.Method)[pri:0, instance:Projects.ProjectProperties@6e1567f1]" name="BeforeMethod" is-config="true" duration-ms="31" started-at="2022-03-19T23:43:56 IST" finished-at="2022-03-19T23:43:56 IST">
          <params>
            <param index="0">
              <value>
                <![CDATA[public void Projects.ProjectProperties.ProblemStatement_exists() throws java.lang.InterruptedException]]>
              </value>
            </param>
          </params>
          <reporter-output>
          </reporter-output>
        </test-method> <!-- BeforeMethod -->
        <test-method status="PASS" signature="ProblemStatement_exists()[pri:14, instance:Projects.ProjectProperties@6e1567f1]" name="ProblemStatement_exists" duration-ms="5034" started-at="2022-03-19T23:43:56 IST" finished-at="2022-03-19T23:44:01 IST">
          <reporter-output>
          </reporter-output>
        </test-method> <!-- ProblemStatement_exists -->
        <test-method status="PASS" signature="BeforeMethod(java.lang.reflect.Method)[pri:0, instance:Projects.ProjectProperties@6e1567f1]" name="BeforeMethod" is-config="true" duration-ms="48" started-at="2022-03-19T23:44:01 IST" finished-at="2022-03-19T23:44:01 IST">
          <params>
            <param index="0">
              <value>
                <![CDATA[public void Projects.ProjectProperties.enterTitleofStrategy() throws java.lang.InterruptedException]]>
              </value>
            </param>
          </params>
          <reporter-output>
          </reporter-output>
        </test-method> <!-- BeforeMethod -->
        <test-method status="PASS" signature="enterTitleofStrategy()[pri:15, instance:Projects.ProjectProperties@6e1567f1]" name="enterTitleofStrategy" duration-ms="110" started-at="2022-03-19T23:44:01 IST" finished-at="2022-03-19T23:44:01 IST">
          <reporter-output>
          </reporter-output>
        </test-method> <!-- enterTitleofStrategy -->
        <test-method status="PASS" signature="BeforeMethod(java.lang.reflect.Method)[pri:0, instance:Projects.ProjectProperties@6e1567f1]" name="BeforeMethod" is-config="true" duration-ms="29" started-at="2022-03-19T23:44:01 IST" finished-at="2022-03-19T23:44:01 IST">
          <params>
            <param index="0">
              <value>
                <![CDATA[public void Projects.ProjectProperties.enterProblemStatements() throws java.lang.InterruptedException]]>
              </value>
            </param>
          </params>
          <reporter-output>
          </reporter-output>
        </test-method> <!-- BeforeMethod -->
        <test-method status="PASS" signature="enterProblemStatements()[pri:16, instance:Projects.ProjectProperties@6e1567f1]" name="enterProblemStatements" duration-ms="5135" started-at="2022-03-19T23:44:01 IST" finished-at="2022-03-19T23:44:07 IST">
          <reporter-output>
          </reporter-output>
        </test-method> <!-- enterProblemStatements -->
        <test-method status="PASS" signature="BeforeMethod(java.lang.reflect.Method)[pri:0, instance:Projects.ProjectProperties@6e1567f1]" name="BeforeMethod" is-config="true" duration-ms="25" started-at="2022-03-19T23:44:07 IST" finished-at="2022-03-19T23:44:07 IST">
          <params>
            <param index="0">
              <value>
                <![CDATA[public void Projects.ProjectProperties.ClickCreateStargeyDoneButton() throws java.lang.InterruptedException]]>
              </value>
            </param>
          </params>
          <reporter-output>
          </reporter-output>
        </test-method> <!-- BeforeMethod -->
        <test-method status="PASS" signature="ClickCreateStargeyDoneButton()[pri:17, instance:Projects.ProjectProperties@6e1567f1]" name="ClickCreateStargeyDoneButton" duration-ms="5089" started-at="2022-03-19T23:44:07 IST" finished-at="2022-03-19T23:44:12 IST">
          <reporter-output>
          </reporter-output>
        </test-method> <!-- ClickCreateStargeyDoneButton -->
        <test-method status="PASS" signature="BeforeMethod(java.lang.reflect.Method)[pri:0, instance:Projects.ProjectProperties@6e1567f1]" name="BeforeMethod" is-config="true" duration-ms="24" started-at="2022-03-19T23:44:12 IST" finished-at="2022-03-19T23:44:12 IST">
          <params>
            <param index="0">
              <value>
                <![CDATA[public void Projects.ProjectProperties.DeleteStargeyMenu() throws java.lang.InterruptedException]]>
              </value>
            </param>
          </params>
          <reporter-output>
          </reporter-output>
        </test-method> <!-- BeforeMethod -->
        <test-method status="PASS" signature="DeleteStargeyMenu()[pri:18, instance:Projects.ProjectProperties@6e1567f1]" name="DeleteStargeyMenu" duration-ms="4076" started-at="2022-03-19T23:44:12 IST" finished-at="2022-03-19T23:44:16 IST">
          <reporter-output>
          </reporter-output>
        </test-method> <!-- DeleteStargeyMenu -->
        <test-method status="PASS" signature="BeforeMethod(java.lang.reflect.Method)[pri:0, instance:Projects.ProjectProperties@6e1567f1]" name="BeforeMethod" is-config="true" duration-ms="43" started-at="2022-03-19T23:44:16 IST" finished-at="2022-03-19T23:44:16 IST">
          <params>
            <param index="0">
              <value>
                <![CDATA[public void Projects.ProjectProperties.DeleteStragey() throws java.lang.InterruptedException]]>
              </value>
            </param>
          </params>
          <reporter-output>
          </reporter-output>
        </test-method> <!-- BeforeMethod -->
        <test-method status="PASS" signature="DeleteStragey()[pri:18, instance:Projects.ProjectProperties@6e1567f1]" name="DeleteStragey" duration-ms="4103" started-at="2022-03-19T23:44:16 IST" finished-at="2022-03-19T23:44:20 IST">
          <reporter-output>
          </reporter-output>
        </test-method> <!-- DeleteStragey -->
        <test-method status="PASS" signature="BeforeMethod(java.lang.reflect.Method)[pri:0, instance:Projects.ProjectProperties@6e1567f1]" name="BeforeMethod" is-config="true" duration-ms="47" started-at="2022-03-19T23:44:20 IST" finished-at="2022-03-19T23:44:20 IST">
          <params>
            <param index="0">
              <value>
                <![CDATA[public void Projects.ProjectProperties.DeleteConfirmmessage() throws java.lang.InterruptedException]]>
              </value>
            </param>
          </params>
          <reporter-output>
          </reporter-output>
        </test-method> <!-- BeforeMethod -->
        <test-method status="PASS" signature="DeleteConfirmmessage()[pri:19, instance:Projects.ProjectProperties@6e1567f1]" name="DeleteConfirmmessage" duration-ms="5041" started-at="2022-03-19T23:44:20 IST" finished-at="2022-03-19T23:44:25 IST">
          <reporter-output>
          </reporter-output>
        </test-method> <!-- DeleteConfirmmessage -->
        <test-method status="PASS" signature="BeforeMethod(java.lang.reflect.Method)[pri:0, instance:Projects.ProjectProperties@6e1567f1]" name="BeforeMethod" is-config="true" duration-ms="47" started-at="2022-03-19T23:44:25 IST" finished-at="2022-03-19T23:44:25 IST">
          <params>
            <param index="0">
              <value>
                <![CDATA[public void Projects.ProjectProperties.Deleteaction() throws java.lang.InterruptedException]]>
              </value>
            </param>
          </params>
          <reporter-output>
          </reporter-output>
        </test-method> <!-- BeforeMethod -->
        <test-method status="PASS" signature="Deleteaction()[pri:20, instance:Projects.ProjectProperties@6e1567f1]" name="Deleteaction" duration-ms="7076" started-at="2022-03-19T23:44:25 IST" finished-at="2022-03-19T23:44:32 IST">
          <reporter-output>
          </reporter-output>
        </test-method> <!-- Deleteaction -->
        <test-method status="PASS" signature="QuitWindows()[pri:0, instance:Projects.ProjectProperties@6e1567f1]" name="QuitWindows" is-config="true" duration-ms="769" started-at="2022-03-19T23:44:32 IST" finished-at="2022-03-19T23:44:33 IST">
          <reporter-output>
          </reporter-output>
        </test-method> <!-- QuitWindows -->
      </class> <!-- Projects.ProjectProperties -->
      <class name="Onboardingnewclient.OnBoardingArtemis">
        <test-method status="PASS" signature="LaunchArtemisURL()[pri:0, instance:Onboardingnewclient.OnBoardingArtemis@13805618]" name="LaunchArtemisURL" is-config="true" duration-ms="3941" started-at="2022-03-19T23:46:29 IST" finished-at="2022-03-19T23:46:33 IST">
          <reporter-output>
          </reporter-output>
        </test-method> <!-- LaunchArtemisURL -->
        <test-method status="PASS" signature="BeforeMethod(java.lang.reflect.Method)[pri:0, instance:Onboardingnewclient.OnBoardingArtemis@13805618]" name="BeforeMethod" is-config="true" duration-ms="27" started-at="2022-03-19T23:46:33 IST" finished-at="2022-03-19T23:46:33 IST">
          <params>
            <param index="0">
              <value>
                <![CDATA[public void Onboardingnewclient.OnBoardingArtemis.LaunchURL() throws java.io.IOException]]>
              </value>
            </param>
          </params>
          <reporter-output>
          </reporter-output>
        </test-method> <!-- BeforeMethod -->
        <test-method status="PASS" signature="LaunchURL()[pri:1, instance:Onboardingnewclient.OnBoardingArtemis@13805618]" name="LaunchURL" duration-ms="2908" started-at="2022-03-19T23:46:33 IST" finished-at="2022-03-19T23:46:36 IST">
          <reporter-output>
          </reporter-output>
        </test-method> <!-- LaunchURL -->
        <test-method status="PASS" signature="BeforeMethod(java.lang.reflect.Method)[pri:0, instance:Onboardingnewclient.OnBoardingArtemis@13805618]" name="BeforeMethod" is-config="true" duration-ms="27" started-at="2022-03-19T23:46:36 IST" finished-at="2022-03-19T23:46:36 IST">
          <params>
            <param index="0">
              <value>
                <![CDATA[public void Onboardingnewclient.OnBoardingArtemis.LoginErrorMessage_Wrongemailformat() throws java.lang.InterruptedException,java.io.IOException]]>
              </value>
            </param>
          </params>
          <reporter-output>
          </reporter-output>
        </test-method> <!-- BeforeMethod -->
        <test-method status="PASS" signature="LoginErrorMessage_Wrongemailformat()[pri:2, instance:Onboardingnewclient.OnBoardingArtemis@13805618]" name="LoginErrorMessage_Wrongemailformat" duration-ms="4800" started-at="2022-03-19T23:46:36 IST" finished-at="2022-03-19T23:46:41 IST">
          <reporter-output>
          </reporter-output>
        </test-method> <!-- LoginErrorMessage_Wrongemailformat -->
        <test-method status="PASS" signature="BeforeMethod(java.lang.reflect.Method)[pri:0, instance:Onboardingnewclient.OnBoardingArtemis@13805618]" name="BeforeMethod" is-config="true" duration-ms="26" started-at="2022-03-19T23:46:41 IST" finished-at="2022-03-19T23:46:41 IST">
          <params>
            <param index="0">
              <value>
                <![CDATA[public void Onboardingnewclient.OnBoardingArtemis.LoginAction() throws java.lang.InterruptedException]]>
              </value>
            </param>
          </params>
          <reporter-output>
          </reporter-output>
        </test-method> <!-- BeforeMethod -->
        <test-method status="PASS" signature="LoginAction()[pri:3, instance:Onboardingnewclient.OnBoardingArtemis@13805618]" name="LoginAction" duration-ms="4432" started-at="2022-03-19T23:46:41 IST" finished-at="2022-03-19T23:46:45 IST">
          <reporter-output>
          </reporter-output>
        </test-method> <!-- LoginAction -->
        <test-method status="PASS" signature="BeforeMethod(java.lang.reflect.Method)[pri:0, instance:Onboardingnewclient.OnBoardingArtemis@13805618]" name="BeforeMethod" is-config="true" duration-ms="24" started-at="2022-03-19T23:46:45 IST" finished-at="2022-03-19T23:46:45 IST">
          <params>
            <param index="0">
              <value>
                <![CDATA[public void Onboardingnewclient.OnBoardingArtemis.HomePageTitle()]]>
              </value>
            </param>
          </params>
          <reporter-output>
          </reporter-output>
        </test-method> <!-- BeforeMethod -->
        <test-method status="PASS" signature="HomePageTitle()[pri:4, instance:Onboardingnewclient.OnBoardingArtemis@13805618]" name="HomePageTitle" duration-ms="5" started-at="2022-03-19T23:46:45 IST" finished-at="2022-03-19T23:46:45 IST">
          <reporter-output>
          </reporter-output>
        </test-method> <!-- HomePageTitle -->
        <test-method status="PASS" signature="BeforeMethod(java.lang.reflect.Method)[pri:0, instance:Onboardingnewclient.OnBoardingArtemis@13805618]" name="BeforeMethod" is-config="true" duration-ms="24" started-at="2022-03-19T23:46:45 IST" finished-at="2022-03-19T23:46:45 IST">
          <params>
            <param index="0">
              <value>
                <![CDATA[public void Onboardingnewclient.OnBoardingArtemis.UserNameDisplay()]]>
              </value>
            </param>
          </params>
          <reporter-output>
          </reporter-output>
        </test-method> <!-- BeforeMethod -->
        <test-method status="PASS" signature="UserNameDisplay()[pri:5, instance:Onboardingnewclient.OnBoardingArtemis@13805618]" name="UserNameDisplay" duration-ms="4990" started-at="2022-03-19T23:46:45 IST" finished-at="2022-03-19T23:46:50 IST">
          <reporter-output>
          </reporter-output>
        </test-method> <!-- UserNameDisplay -->
        <test-method status="PASS" signature="BeforeMethod(java.lang.reflect.Method)[pri:0, instance:Onboardingnewclient.OnBoardingArtemis@13805618]" name="BeforeMethod" is-config="true" duration-ms="25" started-at="2022-03-19T23:46:50 IST" finished-at="2022-03-19T23:46:50 IST">
          <params>
            <param index="0">
              <value>
                <![CDATA[public void Onboardingnewclient.OnBoardingArtemis.isCreateNewButtonPresent()]]>
              </value>
            </param>
          </params>
          <reporter-output>
          </reporter-output>
        </test-method> <!-- BeforeMethod -->
        <test-method status="PASS" signature="isCreateNewButtonPresent()[pri:6, instance:Onboardingnewclient.OnBoardingArtemis@13805618]" name="isCreateNewButtonPresent" duration-ms="49" started-at="2022-03-19T23:46:50 IST" finished-at="2022-03-19T23:46:50 IST">
          <reporter-output>
          </reporter-output>
        </test-method> <!-- isCreateNewButtonPresent -->
        <test-method status="PASS" signature="BeforeMethod(java.lang.reflect.Method)[pri:0, instance:Onboardingnewclient.OnBoardingArtemis@13805618]" name="BeforeMethod" is-config="true" duration-ms="34" started-at="2022-03-19T23:46:50 IST" finished-at="2022-03-19T23:46:50 IST">
          <params>
            <param index="0">
              <value>
                <![CDATA[public void Onboardingnewclient.OnBoardingArtemis.isCreateNewButtonEnabled()]]>
              </value>
            </param>
          </params>
          <reporter-output>
          </reporter-output>
        </test-method> <!-- BeforeMethod -->
        <test-method status="PASS" signature="isCreateNewButtonEnabled()[pri:7, instance:Onboardingnewclient.OnBoardingArtemis@13805618]" name="isCreateNewButtonEnabled" duration-ms="195" started-at="2022-03-19T23:46:50 IST" finished-at="2022-03-19T23:46:51 IST">
          <reporter-output>
          </reporter-output>
        </test-method> <!-- isCreateNewButtonEnabled -->
        <test-method status="PASS" signature="BeforeMethod(java.lang.reflect.Method)[pri:0, instance:Onboardingnewclient.OnBoardingArtemis@13805618]" name="BeforeMethod" is-config="true" duration-ms="22" started-at="2022-03-19T23:46:51 IST" finished-at="2022-03-19T23:46:51 IST">
          <params>
            <param index="0">
              <value>
                <![CDATA[public void Onboardingnewclient.OnBoardingArtemis.ClickCreatenewproject()]]>
              </value>
            </param>
          </params>
          <reporter-output>
          </reporter-output>
        </test-method> <!-- BeforeMethod -->
        <test-method status="PASS" signature="ClickCreatenewproject()[pri:8, instance:Onboardingnewclient.OnBoardingArtemis@13805618]" name="ClickCreatenewproject" duration-ms="358" started-at="2022-03-19T23:46:51 IST" finished-at="2022-03-19T23:46:51 IST">
          <reporter-output>
          </reporter-output>
        </test-method> <!-- ClickCreatenewproject -->
        <test-method status="PASS" signature="BeforeMethod(java.lang.reflect.Method)[pri:0, instance:Onboardingnewclient.OnBoardingArtemis@13805618]" name="BeforeMethod" is-config="true" duration-ms="33" started-at="2022-03-19T23:46:51 IST" finished-at="2022-03-19T23:46:51 IST">
          <params>
            <param index="0">
              <value>
                <![CDATA[public void Onboardingnewclient.OnBoardingArtemis.ClickCancelProjectDialog() throws java.lang.InterruptedException]]>
              </value>
            </param>
          </params>
          <reporter-output>
          </reporter-output>
        </test-method> <!-- BeforeMethod -->
        <test-method status="PASS" signature="ClickCancelProjectDialog()[pri:9, instance:Onboardingnewclient.OnBoardingArtemis@13805618]" name="ClickCancelProjectDialog" duration-ms="5125" started-at="2022-03-19T23:46:51 IST" finished-at="2022-03-19T23:46:56 IST">
          <reporter-output>
          </reporter-output>
        </test-method> <!-- ClickCancelProjectDialog -->
        <test-method status="PASS" signature="BeforeMethod(java.lang.reflect.Method)[pri:0, instance:Onboardingnewclient.OnBoardingArtemis@13805618]" name="BeforeMethod" is-config="true" duration-ms="48" started-at="2022-03-19T23:46:56 IST" finished-at="2022-03-19T23:46:56 IST">
          <params>
            <param index="0">
              <value>
                <![CDATA[public void Onboardingnewclient.OnBoardingArtemis.LogoutAction() throws java.lang.InterruptedException]]>
              </value>
            </param>
          </params>
          <reporter-output>
          </reporter-output>
        </test-method> <!-- BeforeMethod -->
        <test-method status="PASS" signature="LogoutAction()[pri:10, instance:Onboardingnewclient.OnBoardingArtemis@13805618]" name="LogoutAction" duration-ms="5481" started-at="2022-03-19T23:46:56 IST" finished-at="2022-03-19T23:47:02 IST">
          <reporter-output>
          </reporter-output>
        </test-method> <!-- LogoutAction -->
        <test-method status="PASS" signature="BeforeMethod(java.lang.reflect.Method)[pri:0, instance:Onboardingnewclient.OnBoardingArtemis@13805618]" name="BeforeMethod" is-config="true" duration-ms="48" started-at="2022-03-19T23:47:02 IST" finished-at="2022-03-19T23:47:02 IST">
          <params>
            <param index="0">
              <value>
                <![CDATA[public void Onboardingnewclient.OnBoardingArtemis.Setting_is_Present()]]>
              </value>
            </param>
          </params>
          <reporter-output>
          </reporter-output>
        </test-method> <!-- BeforeMethod -->
        <test-method status="PASS" signature="Setting_is_Present()[pri:11, instance:Onboardingnewclient.OnBoardingArtemis@13805618]" name="Setting_is_Present" duration-ms="59" started-at="2022-03-19T23:47:02 IST" finished-at="2022-03-19T23:47:02 IST">
          <reporter-output>
          </reporter-output>
        </test-method> <!-- Setting_is_Present -->
        <test-method status="PASS" signature="BeforeMethod(java.lang.reflect.Method)[pri:0, instance:Onboardingnewclient.OnBoardingArtemis@13805618]" name="BeforeMethod" is-config="true" duration-ms="40" started-at="2022-03-19T23:47:02 IST" finished-at="2022-03-19T23:47:02 IST">
          <params>
            <param index="0">
              <value>
                <![CDATA[public void Onboardingnewclient.OnBoardingArtemis.Settings_is_Clickable()]]>
              </value>
            </param>
          </params>
          <reporter-output>
          </reporter-output>
        </test-method> <!-- BeforeMethod -->
        <test-method status="PASS" signature="Settings_is_Clickable()[pri:12, instance:Onboardingnewclient.OnBoardingArtemis@13805618]" name="Settings_is_Clickable" duration-ms="31" started-at="2022-03-19T23:47:02 IST" finished-at="2022-03-19T23:47:02 IST">
          <reporter-output>
          </reporter-output>
        </test-method> <!-- Settings_is_Clickable -->
        <test-method status="PASS" signature="BeforeMethod(java.lang.reflect.Method)[pri:0, instance:Onboardingnewclient.OnBoardingArtemis@13805618]" name="BeforeMethod" is-config="true" duration-ms="40" started-at="2022-03-19T23:47:02 IST" finished-at="2022-03-19T23:47:02 IST">
          <params>
            <param index="0">
              <value>
                <![CDATA[public void Onboardingnewclient.OnBoardingArtemis.Settings_Navigations_Popup() throws java.lang.InterruptedException]]>
              </value>
            </param>
          </params>
          <reporter-output>
          </reporter-output>
        </test-method> <!-- BeforeMethod -->
        <test-method status="PASS" signature="Settings_Navigations_Popup()[pri:13, instance:Onboardingnewclient.OnBoardingArtemis@13805618]" name="Settings_Navigations_Popup" duration-ms="4256" started-at="2022-03-19T23:47:02 IST" finished-at="2022-03-19T23:47:06 IST">
          <reporter-output>
          </reporter-output>
        </test-method> <!-- Settings_Navigations_Popup -->
        <test-method status="PASS" signature="BeforeMethod(java.lang.reflect.Method)[pri:0, instance:Onboardingnewclient.OnBoardingArtemis@13805618]" name="BeforeMethod" is-config="true" duration-ms="48" started-at="2022-03-19T23:47:06 IST" finished-at="2022-03-19T23:47:06 IST">
          <params>
            <param index="0">
              <value>
                <![CDATA[public void Onboardingnewclient.OnBoardingArtemis.Logout_Click()]]>
              </value>
            </param>
          </params>
          <reporter-output>
          </reporter-output>
        </test-method> <!-- BeforeMethod -->
        <test-method status="PASS" signature="Logout_Click()[pri:14, instance:Onboardingnewclient.OnBoardingArtemis@13805618]" name="Logout_Click" duration-ms="96" started-at="2022-03-19T23:47:06 IST" finished-at="2022-03-19T23:47:06 IST">
          <reporter-output>
          </reporter-output>
        </test-method> <!-- Logout_Click -->
        <test-method status="PASS" signature="BeforeMethod(java.lang.reflect.Method)[pri:0, instance:Onboardingnewclient.OnBoardingArtemis@13805618]" name="BeforeMethod" is-config="true" duration-ms="33" started-at="2022-03-19T23:47:06 IST" finished-at="2022-03-19T23:47:06 IST">
          <params>
            <param index="0">
              <value>
                <![CDATA[public void Onboardingnewclient.OnBoardingArtemis.Logout_Confirmation()]]>
              </value>
            </param>
          </params>
          <reporter-output>
          </reporter-output>
        </test-method> <!-- BeforeMethod -->
        <test-method status="PASS" signature="Logout_Confirmation()[pri:15, instance:Onboardingnewclient.OnBoardingArtemis@13805618]" name="Logout_Confirmation" duration-ms="30" started-at="2022-03-19T23:47:06 IST" finished-at="2022-03-19T23:47:06 IST">
          <reporter-output>
          </reporter-output>
        </test-method> <!-- Logout_Confirmation -->
        <test-method status="PASS" signature="BeforeMethod(java.lang.reflect.Method)[pri:0, instance:Onboardingnewclient.OnBoardingArtemis@13805618]" name="BeforeMethod" is-config="true" duration-ms="31" started-at="2022-03-19T23:47:06 IST" finished-at="2022-03-19T23:47:06 IST">
          <params>
            <param index="0">
              <value>
                <![CDATA[public void Onboardingnewclient.OnBoardingArtemis.Logout_click()]]>
              </value>
            </param>
          </params>
          <reporter-output>
          </reporter-output>
        </test-method> <!-- BeforeMethod -->
        <test-method status="PASS" signature="Logout_click()[pri:16, instance:Onboardingnewclient.OnBoardingArtemis@13805618]" name="Logout_click" duration-ms="114" started-at="2022-03-19T23:47:06 IST" finished-at="2022-03-19T23:47:06 IST">
          <reporter-output>
          </reporter-output>
        </test-method> <!-- Logout_click -->
        <test-method status="PASS" signature="QuitWindows()[pri:0, instance:Onboardingnewclient.OnBoardingArtemis@13805618]" name="QuitWindows" is-config="true" duration-ms="821" started-at="2022-03-19T23:47:06 IST" finished-at="2022-03-19T23:47:07 IST">
          <reporter-output>
          </reporter-output>
        </test-method> <!-- QuitWindows -->
        <test-method status="PASS" signature="closewindows()[pri:0, instance:Onboardingnewclient.OnBoardingArtemis@13805618]" name="closewindows" is-config="true" duration-ms="723" started-at="2022-03-19T23:47:39 IST" finished-at="2022-03-19T23:47:40 IST">
          <reporter-output>
          </reporter-output>
        </test-method> <!-- closewindows -->
      </class> <!-- Onboardingnewclient.OnBoardingArtemis -->
      <class name="Forms.FormsProperties">
        <test-method status="PASS" signature="LaunchArtemisURL()[pri:0, instance:Forms.FormsProperties@5cb9f472]" name="LaunchArtemisURL" is-config="true" duration-ms="2073" started-at="2022-03-19T23:44:33 IST" finished-at="2022-03-19T23:44:35 IST">
          <reporter-output>
          </reporter-output>
        </test-method> <!-- LaunchArtemisURL -->
        <test-method status="PASS" signature="BeforeMethod(java.lang.reflect.Method)[pri:0, instance:Forms.FormsProperties@5cb9f472]" name="BeforeMethod" is-config="true" duration-ms="26" started-at="2022-03-19T23:44:35 IST" finished-at="2022-03-19T23:44:35 IST">
          <params>
            <param index="0">
              <value>
                <![CDATA[public void Forms.FormsProperties.NavigatetoProjectDetailsPage() throws java.lang.InterruptedException]]>
              </value>
            </param>
          </params>
          <reporter-output>
          </reporter-output>
        </test-method> <!-- BeforeMethod -->
        <test-method status="PASS" signature="NavigatetoProjectDetailsPage()[pri:1, instance:Forms.FormsProperties@5cb9f472]" name="NavigatetoProjectDetailsPage" duration-ms="21592" started-at="2022-03-19T23:44:35 IST" finished-at="2022-03-19T23:44:57 IST">
          <reporter-output>
            <line>
              <![CDATA[User ented the email id details succefully]]>
            </line>
            <line>
              <![CDATA[User clicks Login button succefully]]>
            </line>
            <line>
              <![CDATA[User entered the passowrd succefully]]>
            </line>
            <line>
              <![CDATA[User clicks the next button]]>
            </line>
          </reporter-output>
        </test-method> <!-- NavigatetoProjectDetailsPage -->
        <test-method status="PASS" signature="BeforeMethod(java.lang.reflect.Method)[pri:0, instance:Forms.FormsProperties@5cb9f472]" name="BeforeMethod" is-config="true" duration-ms="55" started-at="2022-03-19T23:44:57 IST" finished-at="2022-03-19T23:44:57 IST">
          <params>
            <param index="0">
              <value>
                <![CDATA[public void Forms.FormsProperties.NavigatetoFormsTab()]]>
              </value>
            </param>
          </params>
          <reporter-output>
          </reporter-output>
        </test-method> <!-- BeforeMethod -->
        <test-method status="PASS" signature="NavigatetoFormsTab()[pri:2, instance:Forms.FormsProperties@5cb9f472]" name="NavigatetoFormsTab" duration-ms="104" started-at="2022-03-19T23:44:57 IST" finished-at="2022-03-19T23:44:57 IST">
          <reporter-output>
          </reporter-output>
        </test-method> <!-- NavigatetoFormsTab -->
        <test-method status="PASS" signature="BeforeMethod(java.lang.reflect.Method)[pri:0, instance:Forms.FormsProperties@5cb9f472]" name="BeforeMethod" is-config="true" duration-ms="31" started-at="2022-03-19T23:44:57 IST" finished-at="2022-03-19T23:44:57 IST">
          <params>
            <param index="0">
              <value>
                <![CDATA[public void Forms.FormsProperties.formspagetitle()]]>
              </value>
            </param>
          </params>
          <reporter-output>
          </reporter-output>
        </test-method> <!-- BeforeMethod -->
        <test-method status="PASS" signature="formspagetitle()[pri:3, instance:Forms.FormsProperties@5cb9f472]" name="formspagetitle" duration-ms="37" started-at="2022-03-19T23:44:57 IST" finished-at="2022-03-19T23:44:57 IST">
          <reporter-output>
          </reporter-output>
        </test-method> <!-- formspagetitle -->
        <test-method status="PASS" signature="BeforeMethod(java.lang.reflect.Method)[pri:0, instance:Forms.FormsProperties@5cb9f472]" name="BeforeMethod" is-config="true" duration-ms="22" started-at="2022-03-19T23:44:57 IST" finished-at="2022-03-19T23:44:57 IST">
          <params>
            <param index="0">
              <value>
                <![CDATA[public void Forms.FormsProperties.createforms() throws java.lang.InterruptedException]]>
              </value>
            </param>
          </params>
          <reporter-output>
          </reporter-output>
        </test-method> <!-- BeforeMethod -->
        <test-method status="PASS" signature="createforms()[pri:4, instance:Forms.FormsProperties@5cb9f472]" name="createforms" duration-ms="8078" started-at="2022-03-19T23:44:57 IST" finished-at="2022-03-19T23:45:05 IST">
          <reporter-output>
          </reporter-output>
        </test-method> <!-- createforms -->
        <test-method status="PASS" signature="BeforeMethod(java.lang.reflect.Method)[pri:0, instance:Forms.FormsProperties@5cb9f472]" name="BeforeMethod" is-config="true" duration-ms="46" started-at="2022-03-19T23:45:05 IST" finished-at="2022-03-19T23:45:05 IST">
          <params>
            <param index="0">
              <value>
                <![CDATA[public void Forms.FormsProperties.redirectedurl()]]>
              </value>
            </param>
          </params>
          <reporter-output>
          </reporter-output>
        </test-method> <!-- BeforeMethod -->
        <test-method status="PASS" signature="redirectedurl()[pri:5, instance:Forms.FormsProperties@5cb9f472]" name="redirectedurl" duration-ms="6" started-at="2022-03-19T23:45:05 IST" finished-at="2022-03-19T23:45:05 IST">
          <reporter-output>
          </reporter-output>
        </test-method> <!-- redirectedurl -->
        <test-method status="PASS" signature="BeforeMethod(java.lang.reflect.Method)[pri:0, instance:Forms.FormsProperties@5cb9f472]" name="BeforeMethod" is-config="true" duration-ms="50" started-at="2022-03-19T23:45:05 IST" finished-at="2022-03-19T23:45:05 IST">
          <params>
            <param index="0">
              <value>
                <![CDATA[public void Forms.FormsProperties.formstitle()]]>
              </value>
            </param>
          </params>
          <reporter-output>
          </reporter-output>
        </test-method> <!-- BeforeMethod -->
        <test-method status="PASS" signature="formstitle()[pri:6, instance:Forms.FormsProperties@5cb9f472]" name="formstitle" duration-ms="29" started-at="2022-03-19T23:45:05 IST" finished-at="2022-03-19T23:45:05 IST">
          <reporter-output>
          </reporter-output>
        </test-method> <!-- formstitle -->
        <test-method status="PASS" signature="BeforeMethod(java.lang.reflect.Method)[pri:0, instance:Forms.FormsProperties@5cb9f472]" name="BeforeMethod" is-config="true" duration-ms="42" started-at="2022-03-19T23:45:05 IST" finished-at="2022-03-19T23:45:05 IST">
          <params>
            <param index="0">
              <value>
                <![CDATA[public void Forms.FormsProperties.formtitle() throws java.lang.InterruptedException]]>
              </value>
            </param>
          </params>
          <reporter-output>
          </reporter-output>
        </test-method> <!-- BeforeMethod -->
        <test-method status="PASS" signature="formtitle()[pri:7, instance:Forms.FormsProperties@5cb9f472]" name="formtitle" duration-ms="5186" started-at="2022-03-19T23:45:05 IST" finished-at="2022-03-19T23:45:10 IST">
          <reporter-output>
          </reporter-output>
        </test-method> <!-- formtitle -->
        <test-method status="PASS" signature="BeforeMethod(java.lang.reflect.Method)[pri:0, instance:Forms.FormsProperties@5cb9f472]" name="BeforeMethod" is-config="true" duration-ms="26" started-at="2022-03-19T23:45:10 IST" finished-at="2022-03-19T23:45:10 IST">
          <params>
            <param index="0">
              <value>
                <![CDATA[public void Forms.FormsProperties.createQuestion1() throws java.lang.InterruptedException]]>
              </value>
            </param>
          </params>
          <reporter-output>
          </reporter-output>
        </test-method> <!-- BeforeMethod -->
        <test-method status="PASS" signature="createQuestion1()[pri:8, instance:Forms.FormsProperties@5cb9f472]" name="createQuestion1" duration-ms="5225" started-at="2022-03-19T23:45:10 IST" finished-at="2022-03-19T23:45:16 IST">
          <reporter-output>
          </reporter-output>
        </test-method> <!-- createQuestion1 -->
        <test-method status="PASS" signature="BeforeMethod(java.lang.reflect.Method)[pri:0, instance:Forms.FormsProperties@5cb9f472]" name="BeforeMethod" is-config="true" duration-ms="33" started-at="2022-03-19T23:45:16 IST" finished-at="2022-03-19T23:45:16 IST">
          <params>
            <param index="0">
              <value>
                <![CDATA[public void Forms.FormsProperties.PublishForm() throws java.lang.InterruptedException]]>
              </value>
            </param>
          </params>
          <reporter-output>
          </reporter-output>
        </test-method> <!-- BeforeMethod -->
        <test-method status="PASS" signature="PublishForm()[pri:9, instance:Forms.FormsProperties@5cb9f472]" name="PublishForm" duration-ms="6293" started-at="2022-03-19T23:45:16 IST" finished-at="2022-03-19T23:45:22 IST">
          <reporter-output>
          </reporter-output>
        </test-method> <!-- PublishForm -->
        <test-method status="PASS" signature="QuitWindows()[pri:0, instance:Forms.FormsProperties@5cb9f472]" name="QuitWindows" is-config="true" duration-ms="764" started-at="2022-03-19T23:45:22 IST" finished-at="2022-03-19T23:45:23 IST">
          <reporter-output>
          </reporter-output>
        </test-method> <!-- QuitWindows -->
      </class> <!-- Forms.FormsProperties -->
      <class name="Login.LoginInvalidAndForgotPassword">
        <test-method status="PASS" signature="LaunchArtemisURL()[pri:0, instance:Login.LoginInvalidAndForgotPassword@59494225]" name="LaunchArtemisURL" is-config="true" duration-ms="2321" started-at="2022-03-19T23:42:45 IST" finished-at="2022-03-19T23:42:47 IST">
          <reporter-output>
          </reporter-output>
        </test-method> <!-- LaunchArtemisURL -->
        <test-method status="PASS" signature="BeforeMethod(java.lang.reflect.Method)[pri:0, instance:Login.LoginInvalidAndForgotPassword@59494225]" name="BeforeMethod" is-config="true" duration-ms="38" started-at="2022-03-19T23:42:47 IST" finished-at="2022-03-19T23:42:47 IST">
          <params>
            <param index="0">
              <value>
                <![CDATA[public void Login.LoginInvalidAndForgotPassword.EnterWrongemailid() throws java.lang.InterruptedException]]>
              </value>
            </param>
          </params>
          <reporter-output>
          </reporter-output>
        </test-method> <!-- BeforeMethod -->
        <test-method status="PASS" signature="EnterWrongemailid()[pri:0, instance:Login.LoginInvalidAndForgotPassword@59494225]" name="EnterWrongemailid" duration-ms="5275" started-at="2022-03-19T23:42:47 IST" finished-at="2022-03-19T23:42:52 IST">
          <reporter-output>
          </reporter-output>
        </test-method> <!-- EnterWrongemailid -->
        <test-method status="PASS" signature="BeforeMethod(java.lang.reflect.Method)[pri:0, instance:Login.LoginInvalidAndForgotPassword@59494225]" name="BeforeMethod" is-config="true" duration-ms="40" started-at="2022-03-19T23:42:52 IST" finished-at="2022-03-19T23:42:52 IST">
          <params>
            <param index="0">
              <value>
                <![CDATA[public void Login.LoginInvalidAndForgotPassword.wrongpassword() throws java.lang.InterruptedException]]>
              </value>
            </param>
          </params>
          <reporter-output>
          </reporter-output>
        </test-method> <!-- BeforeMethod -->
        <test-method status="PASS" signature="wrongpassword()[pri:0, instance:Login.LoginInvalidAndForgotPassword@59494225]" name="wrongpassword" duration-ms="9376" started-at="2022-03-19T23:42:52 IST" finished-at="2022-03-19T23:43:02 IST">
          <reporter-output>
          </reporter-output>
        </test-method> <!-- wrongpassword -->
        <test-method status="PASS" signature="BeforeMethod(java.lang.reflect.Method)[pri:0, instance:Login.LoginInvalidAndForgotPassword@59494225]" name="BeforeMethod" is-config="true" duration-ms="42" started-at="2022-03-19T23:43:02 IST" finished-at="2022-03-19T23:43:02 IST">
          <params>
            <param index="0">
              <value>
                <![CDATA[public void Login.LoginInvalidAndForgotPassword.LaunchURL()]]>
              </value>
            </param>
          </params>
          <reporter-output>
          </reporter-output>
        </test-method> <!-- BeforeMethod -->
        <test-method status="PASS" signature="LaunchURL()[pri:1, instance:Login.LoginInvalidAndForgotPassword@59494225]" name="LaunchURL" duration-ms="591" started-at="2022-03-19T23:43:02 IST" finished-at="2022-03-19T23:43:02 IST">
          <reporter-output>
          </reporter-output>
        </test-method> <!-- LaunchURL -->
        <test-method status="PASS" signature="BeforeMethod(java.lang.reflect.Method)[pri:0, instance:Login.LoginInvalidAndForgotPassword@59494225]" name="BeforeMethod" is-config="true" duration-ms="42" started-at="2022-03-19T23:43:02 IST" finished-at="2022-03-19T23:43:02 IST">
          <params>
            <param index="0">
              <value>
                <![CDATA[public void Login.LoginInvalidAndForgotPassword.checklabelsinLoginPage()]]>
              </value>
            </param>
          </params>
          <reporter-output>
          </reporter-output>
        </test-method> <!-- BeforeMethod -->
        <test-method status="PASS" signature="checklabelsinLoginPage()[pri:2, instance:Login.LoginInvalidAndForgotPassword@59494225]" name="checklabelsinLoginPage" duration-ms="5" started-at="2022-03-19T23:43:02 IST" finished-at="2022-03-19T23:43:02 IST">
          <reporter-output>
          </reporter-output>
        </test-method> <!-- checklabelsinLoginPage -->
        <test-method status="PASS" signature="BeforeMethod(java.lang.reflect.Method)[pri:0, instance:Login.LoginInvalidAndForgotPassword@59494225]" name="BeforeMethod" is-config="true" duration-ms="45" started-at="2022-03-19T23:43:02 IST" finished-at="2022-03-19T23:43:02 IST">
          <params>
            <param index="0">
              <value>
                <![CDATA[public void Login.LoginInvalidAndForgotPassword.navigatetoforgotpasswordpage() throws java.lang.InterruptedException]]>
              </value>
            </param>
          </params>
          <reporter-output>
          </reporter-output>
        </test-method> <!-- BeforeMethod -->
        <test-method status="PASS" signature="navigatetoforgotpasswordpage()[pri:3, instance:Login.LoginInvalidAndForgotPassword@59494225]" name="navigatetoforgotpasswordpage" duration-ms="8292" started-at="2022-03-19T23:43:02 IST" finished-at="2022-03-19T23:43:11 IST">
          <reporter-output>
          </reporter-output>
        </test-method> <!-- navigatetoforgotpasswordpage -->
        <test-method status="PASS" signature="BeforeMethod(java.lang.reflect.Method)[pri:0, instance:Login.LoginInvalidAndForgotPassword@59494225]" name="BeforeMethod" is-config="true" duration-ms="60" started-at="2022-03-19T23:43:11 IST" finished-at="2022-03-19T23:43:11 IST">
          <params>
            <param index="0">
              <value>
                <![CDATA[public void Login.LoginInvalidAndForgotPassword.CheckForgotpasswordlink_exists()]]>
              </value>
            </param>
          </params>
          <reporter-output>
          </reporter-output>
        </test-method> <!-- BeforeMethod -->
        <test-method status="PASS" signature="CheckForgotpasswordlink_exists()[pri:4, instance:Login.LoginInvalidAndForgotPassword@59494225]" name="CheckForgotpasswordlink_exists" duration-ms="40" started-at="2022-03-19T23:43:11 IST" finished-at="2022-03-19T23:43:11 IST">
          <reporter-output>
          </reporter-output>
        </test-method> <!-- CheckForgotpasswordlink_exists -->
        <test-method status="PASS" signature="BeforeMethod(java.lang.reflect.Method)[pri:0, instance:Login.LoginInvalidAndForgotPassword@59494225]" name="BeforeMethod" is-config="true" duration-ms="53" started-at="2022-03-19T23:43:11 IST" finished-at="2022-03-19T23:43:11 IST">
          <params>
            <param index="0">
              <value>
                <![CDATA[public void Login.LoginInvalidAndForgotPassword.ClickForgotpasswordlink() throws java.lang.InterruptedException]]>
              </value>
            </param>
          </params>
          <reporter-output>
          </reporter-output>
        </test-method> <!-- BeforeMethod -->
        <test-method status="PASS" signature="ClickForgotpasswordlink()[pri:5, instance:Login.LoginInvalidAndForgotPassword@59494225]" name="ClickForgotpasswordlink" duration-ms="6085" started-at="2022-03-19T23:43:11 IST" finished-at="2022-03-19T23:43:17 IST">
          <reporter-output>
          </reporter-output>
        </test-method> <!-- ClickForgotpasswordlink -->
        <test-method status="PASS" signature="BeforeMethod(java.lang.reflect.Method)[pri:0, instance:Login.LoginInvalidAndForgotPassword@59494225]" name="BeforeMethod" is-config="true" duration-ms="54" started-at="2022-03-19T23:43:17 IST" finished-at="2022-03-19T23:43:17 IST">
          <params>
            <param index="0">
              <value>
                <![CDATA[public void Login.LoginInvalidAndForgotPassword.userinputemail() throws java.lang.InterruptedException]]>
              </value>
            </param>
          </params>
          <reporter-output>
          </reporter-output>
        </test-method> <!-- BeforeMethod -->
        <test-method status="PASS" signature="userinputemail()[pri:6, instance:Login.LoginInvalidAndForgotPassword@59494225]" name="userinputemail" duration-ms="5214" started-at="2022-03-19T23:43:17 IST" finished-at="2022-03-19T23:43:22 IST">
          <reporter-output>
          </reporter-output>
        </test-method> <!-- userinputemail -->
        <test-method status="PASS" signature="BeforeMethod(java.lang.reflect.Method)[pri:0, instance:Login.LoginInvalidAndForgotPassword@59494225]" name="BeforeMethod" is-config="true" duration-ms="30" started-at="2022-03-19T23:43:22 IST" finished-at="2022-03-19T23:43:22 IST">
          <params>
            <param index="0">
              <value>
                <![CDATA[public void Login.LoginInvalidAndForgotPassword.recoveryhelptext()]]>
              </value>
            </param>
          </params>
          <reporter-output>
          </reporter-output>
        </test-method> <!-- BeforeMethod -->
        <test-method status="PASS" signature="recoveryhelptext()[pri:7, instance:Login.LoginInvalidAndForgotPassword@59494225]" name="recoveryhelptext" duration-ms="38" started-at="2022-03-19T23:43:22 IST" finished-at="2022-03-19T23:43:22 IST">
          <reporter-output>
          </reporter-output>
        </test-method> <!-- recoveryhelptext -->
        <test-method status="PASS" signature="BeforeMethod(java.lang.reflect.Method)[pri:0, instance:Login.LoginInvalidAndForgotPassword@59494225]" name="BeforeMethod" is-config="true" duration-ms="35" started-at="2022-03-19T23:43:22 IST" finished-at="2022-03-19T23:43:22 IST">
          <params>
            <param index="0">
              <value>
                <![CDATA[public void Login.LoginInvalidAndForgotPassword.clickcontinuelogin() throws java.lang.InterruptedException]]>
              </value>
            </param>
          </params>
          <reporter-output>
          </reporter-output>
        </test-method> <!-- BeforeMethod -->
        <test-method status="PASS" signature="clickcontinuelogin()[pri:8, instance:Login.LoginInvalidAndForgotPassword@59494225]" name="clickcontinuelogin" duration-ms="5118" started-at="2022-03-19T23:43:22 IST" finished-at="2022-03-19T23:43:27 IST">
          <reporter-output>
          </reporter-output>
        </test-method> <!-- clickcontinuelogin -->
        <test-method status="PASS" signature="QuitWindows()[pri:0, instance:Login.LoginInvalidAndForgotPassword@59494225]" name="QuitWindows" is-config="true" duration-ms="732" started-at="2022-03-19T23:43:27 IST" finished-at="2022-03-19T23:43:28 IST">
          <reporter-output>
          </reporter-output>
        </test-method> <!-- QuitWindows -->
      </class> <!-- Login.LoginInvalidAndForgotPassword -->
      <class name="NewUserSiteNavigation.newusernavigation">
        <test-method status="PASS" signature="LaunchArtemisURL()[pri:0, instance:NewUserSiteNavigation.newusernavigation@4566e5bd]" name="LaunchArtemisURL" is-config="true" duration-ms="1899" started-at="2022-03-19T23:47:26 IST" finished-at="2022-03-19T23:47:28 IST">
          <reporter-output>
          </reporter-output>
        </test-method> <!-- LaunchArtemisURL -->
        <test-method status="PASS" signature="BeforeMethod(java.lang.reflect.Method)[pri:0, instance:NewUserSiteNavigation.newusernavigation@4566e5bd]" name="BeforeMethod" is-config="true" duration-ms="25" started-at="2022-03-19T23:47:28 IST" finished-at="2022-03-19T23:47:28 IST">
          <params>
            <param index="0">
              <value>
                <![CDATA[public void NewUserSiteNavigation.newusernavigation.logintoSite() throws java.lang.InterruptedException]]>
              </value>
            </param>
          </params>
          <reporter-output>
          </reporter-output>
        </test-method> <!-- BeforeMethod -->
        <test-method status="PASS" signature="logintoSite()[pri:0, instance:NewUserSiteNavigation.newusernavigation@4566e5bd]" name="logintoSite" duration-ms="10619" started-at="2022-03-19T23:47:28 IST" finished-at="2022-03-19T23:47:38 IST">
          <reporter-output>
          </reporter-output>
        </test-method> <!-- logintoSite -->
        <test-method status="PASS" signature="QuitWindows()[pri:0, instance:NewUserSiteNavigation.newusernavigation@4566e5bd]" name="QuitWindows" is-config="true" duration-ms="745" started-at="2022-03-19T23:47:38 IST" finished-at="2022-03-19T23:47:39 IST">
          <reporter-output>
          </reporter-output>
        </test-method> <!-- QuitWindows -->
      </class> <!-- NewUserSiteNavigation.newusernavigation -->
      <class name="Login.Login_Test">
        <test-method status="PASS" signature="BeforeTestMethod()[pri:0, instance:Login.Login_Test@72d818d1]" name="BeforeTestMethod" is-config="true" duration-ms="107" started-at="2022-03-19T23:42:32 IST" finished-at="2022-03-19T23:42:32 IST">
          <reporter-output>
          </reporter-output>
        </test-method> <!-- BeforeTestMethod -->
        <test-method status="PASS" signature="LaunchArtemisURL()[pri:0, instance:Login.Login_Test@72d818d1]" name="LaunchArtemisURL" is-config="true" duration-ms="1881" started-at="2022-03-19T23:42:35 IST" finished-at="2022-03-19T23:42:37 IST">
          <reporter-output>
          </reporter-output>
        </test-method> <!-- LaunchArtemisURL -->
        <test-method status="PASS" signature="BeforeMethod(java.lang.reflect.Method)[pri:0, instance:Login.Login_Test@72d818d1]" name="BeforeMethod" is-config="true" duration-ms="294" started-at="2022-03-19T23:42:37 IST" finished-at="2022-03-19T23:42:37 IST">
          <params>
            <param index="0">
              <value>
                <![CDATA[public void Login.Login_Test.Login_HomePage()]]>
              </value>
            </param>
          </params>
          <reporter-output>
          </reporter-output>
        </test-method> <!-- BeforeMethod -->
        <test-method status="PASS" signature="Login_HomePage()[pri:1, instance:Login.Login_Test@72d818d1]" name="Login_HomePage" duration-ms="10" started-at="2022-03-19T23:42:37 IST" description="Check the Login page title" finished-at="2022-03-19T23:42:37 IST">
          <reporter-output>
            <line>
              <![CDATA[Fetch the title of the page]]>
            </line>
            <line>
              <![CDATA[Verify the title of the page is Artemis Accounts Portal]]>
            </line>
          </reporter-output>
        </test-method> <!-- Login_HomePage -->
        <test-method status="PASS" signature="BeforeMethod(java.lang.reflect.Method)[pri:0, instance:Login.Login_Test@72d818d1]" name="BeforeMethod" is-config="true" duration-ms="43" started-at="2022-03-19T23:42:37 IST" finished-at="2022-03-19T23:42:37 IST">
          <params>
            <param index="0">
              <value>
                <![CDATA[public void Login.Login_Test.LogintoApp() throws java.lang.InterruptedException]]>
              </value>
            </param>
          </params>
          <reporter-output>
          </reporter-output>
        </test-method> <!-- BeforeMethod -->
        <test-method status="PASS" signature="LogintoApp()[pri:2, instance:Login.Login_Test@72d818d1]" name="LogintoApp" duration-ms="6519" started-at="2022-03-19T23:42:37 IST" description="Verify Login to application with valid details" finished-at="2022-03-19T23:42:44 IST">
          <reporter-output>
            <line>
              <![CDATA[User ented the email id details succefully]]>
            </line>
            <line>
              <![CDATA[User clicks Login button succefully]]>
            </line>
            <line>
              <![CDATA[User entered the passowrd succefully]]>
            </line>
            <line>
              <![CDATA[User clicks the next button]]>
            </line>
          </reporter-output>
        </test-method> <!-- LogintoApp -->
        <test-method status="PASS" signature="BeforeMethod(java.lang.reflect.Method)[pri:0, instance:Login.Login_Test@72d818d1]" name="BeforeMethod" is-config="true" duration-ms="52" started-at="2022-03-19T23:42:44 IST" finished-at="2022-03-19T23:42:44 IST">
          <params>
            <param index="0">
              <value>
                <![CDATA[public void Login.Login_Test.Loginsuccesful()]]>
              </value>
            </param>
          </params>
          <reporter-output>
          </reporter-output>
        </test-method> <!-- BeforeMethod -->
        <test-method status="PASS" signature="Loginsuccesful()[pri:3, instance:Login.Login_Test@72d818d1]" name="Loginsuccesful" duration-ms="4" started-at="2022-03-19T23:42:44 IST" finished-at="2022-03-19T23:42:44 IST">
          <reporter-output>
            <line>
              <![CDATA[User able to login succefully]]>
            </line>
          </reporter-output>
        </test-method> <!-- Loginsuccesful -->
        <test-method status="PASS" signature="QuitWindows()[pri:0, instance:Login.Login_Test@72d818d1]" name="QuitWindows" is-config="true" duration-ms="752" started-at="2022-03-19T23:42:44 IST" finished-at="2022-03-19T23:42:45 IST">
          <reporter-output>
          </reporter-output>
        </test-method> <!-- QuitWindows -->
        <test-method status="PASS" signature="AfterTestMethod()[pri:0, instance:Login.Login_Test@72d818d1]" name="AfterTestMethod" is-config="true" duration-ms="22" started-at="2022-03-19T23:47:40 IST" depends-on-methods="Onboardingnewclient.SingupNewUser.quitwindows, Onboardingnewclient.OnBoardingArtemis.closewindows" finished-at="2022-03-19T23:47:40 IST">
          <reporter-output>
          </reporter-output>
        </test-method> <!-- AfterTestMethod -->
      </class> <!-- Login.Login_Test -->
      <class name="Onboardingnewclient.SingupNewUser">
        <test-method status="PASS" signature="LaunchURL()[pri:0, instance:Onboardingnewclient.SingupNewUser@27c20538]" name="LaunchURL" is-config="true" duration-ms="2598" started-at="2022-03-19T23:42:32 IST" depends-on-methods="Login.BaseTest.BeforeTestMethod" finished-at="2022-03-19T23:42:35 IST">
          <reporter-output>
          </reporter-output>
        </test-method> <!-- LaunchURL -->
        <test-method status="PASS" signature="LaunchArtemisURL()[pri:0, instance:Onboardingnewclient.SingupNewUser@27c20538]" name="LaunchArtemisURL" is-config="true" duration-ms="2008" started-at="2022-03-19T23:47:23 IST" finished-at="2022-03-19T23:47:25 IST">
          <reporter-output>
          </reporter-output>
        </test-method> <!-- LaunchArtemisURL -->
        <test-method status="PASS" signature="BeforeMethod(java.lang.reflect.Method)[pri:0, instance:Onboardingnewclient.SingupNewUser@27c20538]" name="BeforeMethod" is-config="true" duration-ms="24" started-at="2022-03-19T23:47:25 IST" finished-at="2022-03-19T23:47:25 IST">
          <params>
            <param index="0">
              <value>
                <![CDATA[public void Onboardingnewclient.SingupNewUser.VerifySignupLinkisavailable()]]>
              </value>
            </param>
          </params>
          <reporter-output>
          </reporter-output>
        </test-method> <!-- BeforeMethod -->
        <test-method status="PASS" signature="VerifySignupLinkisavailable()[pri:1, instance:Onboardingnewclient.SingupNewUser@27c20538]" name="VerifySignupLinkisavailable" duration-ms="58" started-at="2022-03-19T23:47:25 IST" description="Verify user able to see signup link" finished-at="2022-03-19T23:47:25 IST">
          <reporter-output>
          </reporter-output>
        </test-method> <!-- VerifySignupLinkisavailable -->
        <test-method status="PASS" signature="BeforeMethod(java.lang.reflect.Method)[pri:0, instance:Onboardingnewclient.SingupNewUser@27c20538]" name="BeforeMethod" is-config="true" duration-ms="24" started-at="2022-03-19T23:47:25 IST" finished-at="2022-03-19T23:47:25 IST">
          <params>
            <param index="0">
              <value>
                <![CDATA[public void Onboardingnewclient.SingupNewUser.clickSignuplink()]]>
              </value>
            </param>
          </params>
          <reporter-output>
          </reporter-output>
        </test-method> <!-- BeforeMethod -->
        <test-method status="PASS" signature="clickSignuplink()[pri:2, instance:Onboardingnewclient.SingupNewUser@27c20538]" name="clickSignuplink" duration-ms="94" started-at="2022-03-19T23:47:25 IST" description="Verify User clicks the signuplink" finished-at="2022-03-19T23:47:25 IST">
          <reporter-output>
          </reporter-output>
        </test-method> <!-- clickSignuplink -->
        <test-method status="PASS" signature="BeforeMethod(java.lang.reflect.Method)[pri:0, instance:Onboardingnewclient.SingupNewUser@27c20538]" name="BeforeMethod" is-config="true" duration-ms="24" started-at="2022-03-19T23:47:25 IST" finished-at="2022-03-19T23:47:25 IST">
          <params>
            <param index="0">
              <value>
                <![CDATA[public void Onboardingnewclient.SingupNewUser.verifyTitleofsignup()]]>
              </value>
            </param>
          </params>
          <reporter-output>
          </reporter-output>
        </test-method> <!-- BeforeMethod -->
        <test-method status="PASS" signature="verifyTitleofsignup()[pri:3, instance:Onboardingnewclient.SingupNewUser@27c20538]" name="verifyTitleofsignup" duration-ms="26" started-at="2022-03-19T23:47:25 IST" description="user navigated to Signup screen" finished-at="2022-03-19T23:47:25 IST">
          <reporter-output>
          </reporter-output>
        </test-method> <!-- verifyTitleofsignup -->
        <test-method status="PASS" signature="QuitWindows()[pri:0, instance:Onboardingnewclient.SingupNewUser@27c20538]" name="QuitWindows" is-config="true" duration-ms="668" started-at="2022-03-19T23:47:25 IST" finished-at="2022-03-19T23:47:26 IST">
          <reporter-output>
          </reporter-output>
        </test-method> <!-- QuitWindows -->
        <test-method status="PASS" signature="quitwindows()[pri:0, instance:Onboardingnewclient.SingupNewUser@27c20538]" name="quitwindows" is-config="true" duration-ms="696" started-at="2022-03-19T23:47:40 IST" depends-on-methods="Onboardingnewclient.OnBoardingArtemis.closewindows" finished-at="2022-03-19T23:47:40 IST">
          <reporter-output>
          </reporter-output>
        </test-method> <!-- quitwindows -->
      </class> <!-- Onboardingnewclient.SingupNewUser -->
      <class name="Onboardingnewclient.SettingsPage">
        <test-method status="PASS" signature="LaunchArtemisURL()[pri:0, instance:Onboardingnewclient.SettingsPage@56ef9176]" name="LaunchArtemisURL" is-config="true" duration-ms="2112" started-at="2022-03-19T23:47:07 IST" finished-at="2022-03-19T23:47:09 IST">
          <reporter-output>
          </reporter-output>
        </test-method> <!-- LaunchArtemisURL -->
        <test-method status="PASS" signature="BeforeMethod(java.lang.reflect.Method)[pri:0, instance:Onboardingnewclient.SettingsPage@56ef9176]" name="BeforeMethod" is-config="true" duration-ms="33" started-at="2022-03-19T23:47:09 IST" finished-at="2022-03-19T23:47:09 IST">
          <params>
            <param index="0">
              <value>
                <![CDATA[public void Onboardingnewclient.SettingsPage.NavigatetoSettingsPage() throws java.lang.InterruptedException]]>
              </value>
            </param>
          </params>
          <reporter-output>
          </reporter-output>
        </test-method> <!-- BeforeMethod -->
        <test-method status="PASS" signature="NavigatetoSettingsPage()[pri:1, instance:Onboardingnewclient.SettingsPage@56ef9176]" name="NavigatetoSettingsPage" duration-ms="12240" started-at="2022-03-19T23:47:09 IST" finished-at="2022-03-19T23:47:22 IST">
          <reporter-output>
            <line>
              <![CDATA[User ented the email id details succefully]]>
            </line>
            <line>
              <![CDATA[User clicks Login button succefully]]>
            </line>
            <line>
              <![CDATA[User entered the passowrd succefully]]>
            </line>
            <line>
              <![CDATA[User clicks the next button]]>
            </line>
          </reporter-output>
        </test-method> <!-- NavigatetoSettingsPage -->
        <test-method status="PASS" signature="BeforeMethod(java.lang.reflect.Method)[pri:0, instance:Onboardingnewclient.SettingsPage@56ef9176]" name="BeforeMethod" is-config="true" duration-ms="28" started-at="2022-03-19T23:47:22 IST" finished-at="2022-03-19T23:47:22 IST">
          <params>
            <param index="0">
              <value>
                <![CDATA[public void Onboardingnewclient.SettingsPage.click_SettingsTab()]]>
              </value>
            </param>
          </params>
          <reporter-output>
          </reporter-output>
        </test-method> <!-- BeforeMethod -->
        <test-method status="PASS" signature="click_SettingsTab()[pri:2, instance:Onboardingnewclient.SettingsPage@56ef9176]" name="click_SettingsTab" duration-ms="207" started-at="2022-03-19T23:47:22 IST" finished-at="2022-03-19T23:47:22 IST">
          <reporter-output>
          </reporter-output>
        </test-method> <!-- click_SettingsTab -->
        <test-method status="PASS" signature="BeforeMethod(java.lang.reflect.Method)[pri:0, instance:Onboardingnewclient.SettingsPage@56ef9176]" name="BeforeMethod" is-config="true" duration-ms="32" started-at="2022-03-19T23:47:22 IST" finished-at="2022-03-19T23:47:22 IST">
          <params>
            <param index="0">
              <value>
                <![CDATA[public void Onboardingnewclient.SettingsPage.AccountsTab_exists()]]>
              </value>
            </param>
          </params>
          <reporter-output>
          </reporter-output>
        </test-method> <!-- BeforeMethod -->
        <test-method status="PASS" signature="AccountsTab_exists()[pri:3, instance:Onboardingnewclient.SettingsPage@56ef9176]" name="AccountsTab_exists" duration-ms="144" started-at="2022-03-19T23:47:22 IST" finished-at="2022-03-19T23:47:22 IST">
          <reporter-output>
          </reporter-output>
        </test-method> <!-- AccountsTab_exists -->
        <test-method status="PASS" signature="QuitWindows()[pri:0, instance:Onboardingnewclient.SettingsPage@56ef9176]" name="QuitWindows" is-config="true" duration-ms="738" started-at="2022-03-19T23:47:22 IST" finished-at="2022-03-19T23:47:23 IST">
          <reporter-output>
          </reporter-output>
        </test-method> <!-- QuitWindows -->
      </class> <!-- Onboardingnewclient.SettingsPage -->
    </test> <!-- Regression suite 1 -->
  </suite> <!-- example suite 1 -->
</testng-results>
