<?xml version="1.0" encoding="UTF-8"?>
<testng-results skipped="0" failed="0" ignored="16" total="89" passed="73">
  <reporter-output>
    <line>
      <![CDATA[Fetch the title of the page]]>
    </line>
    <line>
      <![CDATA[Verify the title of the page is Artemis Accounts Portal]]>
    </line>
    <line>
      <![CDATA[User ented the email id details succefully]]>
    </line>
    <line>
      <![CDATA[User clicks Login button succefully]]>
    </line>
    <line>
      <![CDATA[User entered the passowrd succefully]]>
    </line>
    <line>
      <![CDATA[User clicks the next button]]>
    </line>
    <line>
      <![CDATA[User able to login succefully]]>
    </line>
    <line>
      <![CDATA[User ented the email id details succefully]]>
    </line>
    <line>
      <![CDATA[User clicks Login button succefully]]>
    </line>
    <line>
      <![CDATA[User entered the passowrd succefully]]>
    </line>
    <line>
      <![CDATA[User clicks the next button]]>
    </line>
    <line>
      <![CDATA[User ented the email id details succefully]]>
    </line>
    <line>
      <![CDATA[User clicks Login button succefully]]>
    </line>
    <line>
      <![CDATA[User entered the passowrd succefully]]>
    </line>
    <line>
      <![CDATA[User clicks the next button]]>
    </line>
    <line>
      <![CDATA[User ented the email id details succefully]]>
    </line>
    <line>
      <![CDATA[User clicks Login button succefully]]>
    </line>
    <line>
      <![CDATA[User entered the passowrd succefully]]>
    </line>
    <line>
      <![CDATA[User clicks the next button]]>
    </line>
    <line>
      <![CDATA[User ented the email id details succefully]]>
    </line>
    <line>
      <![CDATA[User clicks Login button succefully]]>
    </line>
    <line>
      <![CDATA[User entered the passowrd succefully]]>
    </line>
    <line>
      <![CDATA[User clicks the next button]]>
    </line>
  </reporter-output>
  <suite name="example suite 1" duration-ms="309901" started-at="2022-03-19T23:07:22 IST" finished-at="2022-03-19T23:12:32 IST">
    <groups>
    </groups>
    <test name="Regression suite 1" duration-ms="309901" started-at="2022-03-19T23:07:22 IST" finished-at="2022-03-19T23:12:32 IST">
      <class name="Projects.editproject">
        <test-method status="PASS" signature="LaunchArtemisURL()[pri:0, instance:Projects.editproject@5cb9f472]" name="LaunchArtemisURL" is-config="true" duration-ms="1949" started-at="2022-03-19T23:10:14 IST" finished-at="2022-03-19T23:10:16 IST">
          <reporter-output>
          </reporter-output>
        </test-method> <!-- LaunchArtemisURL -->
        <test-method status="PASS" signature="BeforeMethod(java.lang.reflect.Method)[pri:0, instance:Projects.editproject@5cb9f472]" name="BeforeMethod" is-config="true" duration-ms="30" started-at="2022-03-19T23:10:16 IST" finished-at="2022-03-19T23:10:16 IST">
          <params>
            <param index="0">
              <value>
                <![CDATA[public void Projects.editproject.NavigatetoProjectBoard() throws java.lang.InterruptedException]]>
              </value>
            </param>
          </params>
          <reporter-output>
          </reporter-output>
        </test-method> <!-- BeforeMethod -->
        <test-method status="PASS" signature="NavigatetoProjectBoard()[pri:1, instance:Projects.editproject@5cb9f472]" name="NavigatetoProjectBoard" duration-ms="14506" started-at="2022-03-19T23:10:16 IST" finished-at="2022-03-19T23:10:30 IST">
          <reporter-output>
            <line>
              <![CDATA[User ented the email id details succefully]]>
            </line>
            <line>
              <![CDATA[User clicks Login button succefully]]>
            </line>
            <line>
              <![CDATA[User entered the passowrd succefully]]>
            </line>
            <line>
              <![CDATA[User clicks the next button]]>
            </line>
          </reporter-output>
        </test-method> <!-- NavigatetoProjectBoard -->
        <test-method status="PASS" signature="BeforeMethod(java.lang.reflect.Method)[pri:0, instance:Projects.editproject@5cb9f472]" name="BeforeMethod" is-config="true" duration-ms="46" started-at="2022-03-19T23:10:30 IST" finished-at="2022-03-19T23:10:30 IST">
          <params>
            <param index="0">
              <value>
                <![CDATA[public void Projects.editproject.fetchProjectaccess()]]>
              </value>
            </param>
          </params>
          <reporter-output>
          </reporter-output>
        </test-method> <!-- BeforeMethod -->
        <test-method status="PASS" signature="fetchProjectaccess()[pri:2, instance:Projects.editproject@5cb9f472]" name="fetchProjectaccess" duration-ms="33" started-at="2022-03-19T23:10:30 IST" finished-at="2022-03-19T23:10:30 IST">
          <reporter-output>
          </reporter-output>
        </test-method> <!-- fetchProjectaccess -->
        <test-method status="PASS" signature="BeforeMethod(java.lang.reflect.Method)[pri:0, instance:Projects.editproject@5cb9f472]" name="BeforeMethod" is-config="true" duration-ms="41" started-at="2022-03-19T23:10:30 IST" finished-at="2022-03-19T23:10:30 IST">
          <params>
            <param index="0">
              <value>
                <![CDATA[public void Projects.editproject.checkProjectState() throws java.lang.InterruptedException]]>
              </value>
            </param>
          </params>
          <reporter-output>
          </reporter-output>
        </test-method> <!-- BeforeMethod -->
        <test-method status="PASS" signature="checkProjectState()[pri:3, instance:Projects.editproject@5cb9f472]" name="checkProjectState" duration-ms="5045" started-at="2022-03-19T23:10:30 IST" finished-at="2022-03-19T23:10:35 IST">
          <reporter-output>
          </reporter-output>
        </test-method> <!-- checkProjectState -->
        <test-method status="PASS" signature="BeforeMethod(java.lang.reflect.Method)[pri:0, instance:Projects.editproject@5cb9f472]" name="BeforeMethod" is-config="true" duration-ms="45" started-at="2022-03-19T23:10:35 IST" finished-at="2022-03-19T23:10:35 IST">
          <params>
            <param index="0">
              <value>
                <![CDATA[public void Projects.editproject.clickProjectHamburgicon() throws java.lang.InterruptedException]]>
              </value>
            </param>
          </params>
          <reporter-output>
          </reporter-output>
        </test-method> <!-- BeforeMethod -->
        <test-method status="PASS" signature="clickProjectHamburgicon()[pri:4, instance:Projects.editproject@5cb9f472]" name="clickProjectHamburgicon" duration-ms="8082" started-at="2022-03-19T23:10:35 IST" finished-at="2022-03-19T23:10:43 IST">
          <reporter-output>
          </reporter-output>
        </test-method> <!-- clickProjectHamburgicon -->
        <test-method status="PASS" signature="BeforeMethod(java.lang.reflect.Method)[pri:0, instance:Projects.editproject@5cb9f472]" name="BeforeMethod" is-config="true" duration-ms="58" started-at="2022-03-19T23:10:43 IST" finished-at="2022-03-19T23:10:44 IST">
          <params>
            <param index="0">
              <value>
                <![CDATA[public void Projects.editproject.ClickEditProject() throws java.lang.InterruptedException]]>
              </value>
            </param>
          </params>
          <reporter-output>
          </reporter-output>
        </test-method> <!-- BeforeMethod -->
        <test-method status="PASS" signature="ClickEditProject()[pri:5, instance:Projects.editproject@5cb9f472]" name="ClickEditProject" duration-ms="8165" started-at="2022-03-19T23:10:44 IST" finished-at="2022-03-19T23:10:52 IST">
          <reporter-output>
          </reporter-output>
        </test-method> <!-- ClickEditProject -->
        <test-method status="PASS" signature="BeforeMethod(java.lang.reflect.Method)[pri:0, instance:Projects.editproject@5cb9f472]" name="BeforeMethod" is-config="true" duration-ms="45" started-at="2022-03-19T23:10:52 IST" finished-at="2022-03-19T23:10:52 IST">
          <params>
            <param index="0">
              <value>
                <![CDATA[public void Projects.editproject.VerifyTitleofeditproject() throws java.lang.InterruptedException]]>
              </value>
            </param>
          </params>
          <reporter-output>
          </reporter-output>
        </test-method> <!-- BeforeMethod -->
        <test-method status="PASS" signature="VerifyTitleofeditproject()[pri:6, instance:Projects.editproject@5cb9f472]" name="VerifyTitleofeditproject" duration-ms="6033" started-at="2022-03-19T23:10:52 IST" finished-at="2022-03-19T23:10:58 IST">
          <reporter-output>
          </reporter-output>
        </test-method> <!-- VerifyTitleofeditproject -->
        <test-method status="PASS" signature="BeforeMethod(java.lang.reflect.Method)[pri:0, instance:Projects.editproject@5cb9f472]" name="BeforeMethod" is-config="true" duration-ms="37" started-at="2022-03-19T23:10:58 IST" finished-at="2022-03-19T23:10:58 IST">
          <params>
            <param index="0">
              <value>
                <![CDATA[public void Projects.editproject.edittitleofproject() throws java.lang.InterruptedException]]>
              </value>
            </param>
          </params>
          <reporter-output>
          </reporter-output>
        </test-method> <!-- BeforeMethod -->
        <test-method status="PASS" signature="edittitleofproject()[pri:7, instance:Projects.editproject@5cb9f472]" name="edittitleofproject" duration-ms="13221" started-at="2022-03-19T23:10:58 IST" finished-at="2022-03-19T23:11:11 IST">
          <reporter-output>
          </reporter-output>
        </test-method> <!-- edittitleofproject -->
        <test-method status="PASS" signature="BeforeMethod(java.lang.reflect.Method)[pri:0, instance:Projects.editproject@5cb9f472]" name="BeforeMethod" is-config="true" duration-ms="41" started-at="2022-03-19T23:11:11 IST" finished-at="2022-03-19T23:11:11 IST">
          <params>
            <param index="0">
              <value>
                <![CDATA[public void Projects.editproject.clickCancelButton() throws java.lang.InterruptedException]]>
              </value>
            </param>
          </params>
          <reporter-output>
          </reporter-output>
        </test-method> <!-- BeforeMethod -->
        <test-method status="PASS" signature="clickCancelButton()[pri:8, instance:Projects.editproject@5cb9f472]" name="clickCancelButton" duration-ms="8104" started-at="2022-03-19T23:11:11 IST" finished-at="2022-03-19T23:11:19 IST">
          <reporter-output>
          </reporter-output>
        </test-method> <!-- clickCancelButton -->
        <test-method status="PASS" signature="QuitWindows()[pri:0, instance:Projects.editproject@5cb9f472]" name="QuitWindows" is-config="true" duration-ms="769" started-at="2022-03-19T23:11:19 IST" finished-at="2022-03-19T23:11:20 IST">
          <reporter-output>
          </reporter-output>
        </test-method> <!-- QuitWindows -->
      </class> <!-- Projects.editproject -->
      <class name="Projects.ProjectProperties">
        <test-method status="PASS" signature="LaunchArtemisURL()[pri:0, instance:Projects.ProjectProperties@59494225]" name="LaunchArtemisURL" is-config="true" duration-ms="1974" started-at="2022-03-19T23:08:19 IST" finished-at="2022-03-19T23:08:21 IST">
          <reporter-output>
          </reporter-output>
        </test-method> <!-- LaunchArtemisURL -->
        <test-method status="PASS" signature="BeforeMethod(java.lang.reflect.Method)[pri:0, instance:Projects.ProjectProperties@59494225]" name="BeforeMethod" is-config="true" duration-ms="39" started-at="2022-03-19T23:08:21 IST" finished-at="2022-03-19T23:08:21 IST">
          <params>
            <param index="0">
              <value>
                <![CDATA[public void Projects.ProjectProperties.fetchprojecttitle() throws java.lang.InterruptedException]]>
              </value>
            </param>
          </params>
          <reporter-output>
          </reporter-output>
        </test-method> <!-- BeforeMethod -->
        <test-method status="PASS" signature="fetchprojecttitle()[pri:1, instance:Projects.ProjectProperties@59494225]" name="fetchprojecttitle" duration-ms="14504" started-at="2022-03-19T23:08:21 IST" finished-at="2022-03-19T23:08:36 IST">
          <reporter-output>
            <line>
              <![CDATA[User ented the email id details succefully]]>
            </line>
            <line>
              <![CDATA[User clicks Login button succefully]]>
            </line>
            <line>
              <![CDATA[User entered the passowrd succefully]]>
            </line>
            <line>
              <![CDATA[User clicks the next button]]>
            </line>
          </reporter-output>
        </test-method> <!-- fetchprojecttitle -->
        <test-method status="PASS" signature="BeforeMethod(java.lang.reflect.Method)[pri:0, instance:Projects.ProjectProperties@59494225]" name="BeforeMethod" is-config="true" duration-ms="51" started-at="2022-03-19T23:08:36 IST" finished-at="2022-03-19T23:08:36 IST">
          <params>
            <param index="0">
              <value>
                <![CDATA[public void Projects.ProjectProperties.ClickProject()]]>
              </value>
            </param>
          </params>
          <reporter-output>
          </reporter-output>
        </test-method> <!-- BeforeMethod -->
        <test-method status="PASS" signature="ClickProject()[pri:3, instance:Projects.ProjectProperties@59494225]" name="ClickProject" duration-ms="84" started-at="2022-03-19T23:08:36 IST" finished-at="2022-03-19T23:08:36 IST">
          <reporter-output>
          </reporter-output>
        </test-method> <!-- ClickProject -->
        <test-method status="PASS" signature="BeforeMethod(java.lang.reflect.Method)[pri:0, instance:Projects.ProjectProperties@59494225]" name="BeforeMethod" is-config="true" duration-ms="34" started-at="2022-03-19T23:08:36 IST" finished-at="2022-03-19T23:08:36 IST">
          <params>
            <param index="0">
              <value>
                <![CDATA[public void Projects.ProjectProperties.getProjectClassification()]]>
              </value>
            </param>
          </params>
          <reporter-output>
          </reporter-output>
        </test-method> <!-- BeforeMethod -->
        <test-method status="PASS" signature="getProjectClassification()[pri:4, instance:Projects.ProjectProperties@59494225]" name="getProjectClassification" duration-ms="516" started-at="2022-03-19T23:08:36 IST" finished-at="2022-03-19T23:08:36 IST">
          <reporter-output>
          </reporter-output>
        </test-method> <!-- getProjectClassification -->
        <test-method status="PASS" signature="BeforeMethod(java.lang.reflect.Method)[pri:0, instance:Projects.ProjectProperties@59494225]" name="BeforeMethod" is-config="true" duration-ms="30" started-at="2022-03-19T23:08:36 IST" finished-at="2022-03-19T23:08:36 IST">
          <params>
            <param index="0">
              <value>
                <![CDATA[public void Projects.ProjectProperties.getProjectDetailsContent() throws java.lang.InterruptedException]]>
              </value>
            </param>
          </params>
          <reporter-output>
          </reporter-output>
        </test-method> <!-- BeforeMethod -->
        <test-method status="PASS" signature="getProjectDetailsContent()[pri:5, instance:Projects.ProjectProperties@59494225]" name="getProjectDetailsContent" duration-ms="5120" started-at="2022-03-19T23:08:36 IST" finished-at="2022-03-19T23:08:41 IST">
          <reporter-output>
          </reporter-output>
        </test-method> <!-- getProjectDetailsContent -->
        <test-method status="PASS" signature="BeforeMethod(java.lang.reflect.Method)[pri:0, instance:Projects.ProjectProperties@59494225]" name="BeforeMethod" is-config="true" duration-ms="45" started-at="2022-03-19T23:08:41 IST" finished-at="2022-03-19T23:08:41 IST">
          <params>
            <param index="0">
              <value>
                <![CDATA[public void Projects.ProjectProperties.closeProjectDetailsContent()]]>
              </value>
            </param>
          </params>
          <reporter-output>
          </reporter-output>
        </test-method> <!-- BeforeMethod -->
        <test-method status="PASS" signature="closeProjectDetailsContent()[pri:6, instance:Projects.ProjectProperties@59494225]" name="closeProjectDetailsContent" duration-ms="59" started-at="2022-03-19T23:08:41 IST" finished-at="2022-03-19T23:08:41 IST">
          <reporter-output>
          </reporter-output>
        </test-method> <!-- closeProjectDetailsContent -->
        <test-method status="PASS" signature="BeforeMethod(java.lang.reflect.Method)[pri:0, instance:Projects.ProjectProperties@59494225]" name="BeforeMethod" is-config="true" duration-ms="29" started-at="2022-03-19T23:08:41 IST" finished-at="2022-03-19T23:08:42 IST">
          <params>
            <param index="0">
              <value>
                <![CDATA[public void Projects.ProjectProperties.ClickStrategyTab()]]>
              </value>
            </param>
          </params>
          <reporter-output>
          </reporter-output>
        </test-method> <!-- BeforeMethod -->
        <test-method status="PASS" signature="ClickStrategyTab()[pri:7, instance:Projects.ProjectProperties@59494225]" name="ClickStrategyTab" duration-ms="78" started-at="2022-03-19T23:08:42 IST" finished-at="2022-03-19T23:08:42 IST">
          <reporter-output>
          </reporter-output>
        </test-method> <!-- ClickStrategyTab -->
        <test-method status="PASS" signature="BeforeMethod(java.lang.reflect.Method)[pri:0, instance:Projects.ProjectProperties@59494225]" name="BeforeMethod" is-config="true" duration-ms="29" started-at="2022-03-19T23:08:42 IST" finished-at="2022-03-19T23:08:42 IST">
          <params>
            <param index="0">
              <value>
                <![CDATA[public void Projects.ProjectProperties.gettitleofpage()]]>
              </value>
            </param>
          </params>
          <reporter-output>
          </reporter-output>
        </test-method> <!-- BeforeMethod -->
        <test-method status="PASS" signature="gettitleofpage()[pri:8, instance:Projects.ProjectProperties@59494225]" name="gettitleofpage" duration-ms="7" started-at="2022-03-19T23:08:42 IST" finished-at="2022-03-19T23:08:42 IST">
          <reporter-output>
          </reporter-output>
        </test-method> <!-- gettitleofpage -->
        <test-method status="PASS" signature="BeforeMethod(java.lang.reflect.Method)[pri:0, instance:Projects.ProjectProperties@59494225]" name="BeforeMethod" is-config="true" duration-ms="44" started-at="2022-03-19T23:08:42 IST" finished-at="2022-03-19T23:08:42 IST">
          <params>
            <param index="0">
              <value>
                <![CDATA[public void Projects.ProjectProperties.ClickCreateStragey() throws java.lang.InterruptedException]]>
              </value>
            </param>
          </params>
          <reporter-output>
          </reporter-output>
        </test-method> <!-- BeforeMethod -->
        <test-method status="PASS" signature="ClickCreateStragey()[pri:9, instance:Projects.ProjectProperties@59494225]" name="ClickCreateStragey" duration-ms="5149" started-at="2022-03-19T23:08:42 IST" finished-at="2022-03-19T23:08:47 IST">
          <reporter-output>
          </reporter-output>
        </test-method> <!-- ClickCreateStragey -->
        <test-method status="PASS" signature="BeforeMethod(java.lang.reflect.Method)[pri:0, instance:Projects.ProjectProperties@59494225]" name="BeforeMethod" is-config="true" duration-ms="48" started-at="2022-03-19T23:08:47 IST" finished-at="2022-03-19T23:08:47 IST">
          <params>
            <param index="0">
              <value>
                <![CDATA[public void Projects.ProjectProperties.verifyCreateStrategypopupDetails()]]>
              </value>
            </param>
          </params>
          <reporter-output>
          </reporter-output>
        </test-method> <!-- BeforeMethod -->
        <test-method status="PASS" signature="verifyCreateStrategypopupDetails()[pri:10, instance:Projects.ProjectProperties@59494225]" name="verifyCreateStrategypopupDetails" duration-ms="40" started-at="2022-03-19T23:08:47 IST" finished-at="2022-03-19T23:08:47 IST">
          <reporter-output>
          </reporter-output>
        </test-method> <!-- verifyCreateStrategypopupDetails -->
        <test-method status="PASS" signature="BeforeMethod(java.lang.reflect.Method)[pri:0, instance:Projects.ProjectProperties@59494225]" name="BeforeMethod" is-config="true" duration-ms="47" started-at="2022-03-19T23:08:47 IST" finished-at="2022-03-19T23:08:47 IST">
          <params>
            <param index="0">
              <value>
                <![CDATA[public void Projects.ProjectProperties.HelpTextofCreateStrategy()]]>
              </value>
            </param>
          </params>
          <reporter-output>
          </reporter-output>
        </test-method> <!-- BeforeMethod -->
        <test-method status="PASS" signature="HelpTextofCreateStrategy()[pri:11, instance:Projects.ProjectProperties@59494225]" name="HelpTextofCreateStrategy" duration-ms="29" started-at="2022-03-19T23:08:47 IST" finished-at="2022-03-19T23:08:47 IST">
          <reporter-output>
          </reporter-output>
        </test-method> <!-- HelpTextofCreateStrategy -->
        <test-method status="PASS" signature="BeforeMethod(java.lang.reflect.Method)[pri:0, instance:Projects.ProjectProperties@59494225]" name="BeforeMethod" is-config="true" duration-ms="45" started-at="2022-03-19T23:08:47 IST" finished-at="2022-03-19T23:08:47 IST">
          <params>
            <param index="0">
              <value>
                <![CDATA[public void Projects.ProjectProperties.VerifyHelpText()]]>
              </value>
            </param>
          </params>
          <reporter-output>
          </reporter-output>
        </test-method> <!-- BeforeMethod -->
        <test-method status="PASS" signature="VerifyHelpText()[pri:12, instance:Projects.ProjectProperties@59494225]" name="VerifyHelpText" duration-ms="46" started-at="2022-03-19T23:08:47 IST" finished-at="2022-03-19T23:08:47 IST">
          <reporter-output>
          </reporter-output>
        </test-method> <!-- VerifyHelpText -->
        <test-method status="PASS" signature="BeforeMethod(java.lang.reflect.Method)[pri:0, instance:Projects.ProjectProperties@59494225]" name="BeforeMethod" is-config="true" duration-ms="41" started-at="2022-03-19T23:08:47 IST" finished-at="2022-03-19T23:08:47 IST">
          <params>
            <param index="0">
              <value>
                <![CDATA[public void Projects.ProjectProperties.TitleLabel_exists()]]>
              </value>
            </param>
          </params>
          <reporter-output>
          </reporter-output>
        </test-method> <!-- BeforeMethod -->
        <test-method status="PASS" signature="TitleLabel_exists()[pri:13, instance:Projects.ProjectProperties@59494225]" name="TitleLabel_exists" duration-ms="34" started-at="2022-03-19T23:08:47 IST" finished-at="2022-03-19T23:08:47 IST">
          <reporter-output>
          </reporter-output>
        </test-method> <!-- TitleLabel_exists -->
        <test-method status="PASS" signature="BeforeMethod(java.lang.reflect.Method)[pri:0, instance:Projects.ProjectProperties@59494225]" name="BeforeMethod" is-config="true" duration-ms="32" started-at="2022-03-19T23:08:47 IST" finished-at="2022-03-19T23:08:47 IST">
          <params>
            <param index="0">
              <value>
                <![CDATA[public void Projects.ProjectProperties.ProblemStatement_exists() throws java.lang.InterruptedException]]>
              </value>
            </param>
          </params>
          <reporter-output>
          </reporter-output>
        </test-method> <!-- BeforeMethod -->
        <test-method status="PASS" signature="ProblemStatement_exists()[pri:14, instance:Projects.ProjectProperties@59494225]" name="ProblemStatement_exists" duration-ms="5041" started-at="2022-03-19T23:08:47 IST" finished-at="2022-03-19T23:08:52 IST">
          <reporter-output>
          </reporter-output>
        </test-method> <!-- ProblemStatement_exists -->
        <test-method status="PASS" signature="BeforeMethod(java.lang.reflect.Method)[pri:0, instance:Projects.ProjectProperties@59494225]" name="BeforeMethod" is-config="true" duration-ms="48" started-at="2022-03-19T23:08:52 IST" finished-at="2022-03-19T23:08:52 IST">
          <params>
            <param index="0">
              <value>
                <![CDATA[public void Projects.ProjectProperties.enterTitleofStrategy() throws java.lang.InterruptedException]]>
              </value>
            </param>
          </params>
          <reporter-output>
          </reporter-output>
        </test-method> <!-- BeforeMethod -->
        <test-method status="PASS" signature="enterTitleofStrategy()[pri:15, instance:Projects.ProjectProperties@59494225]" name="enterTitleofStrategy" duration-ms="117" started-at="2022-03-19T23:08:52 IST" finished-at="2022-03-19T23:08:52 IST">
          <reporter-output>
          </reporter-output>
        </test-method> <!-- enterTitleofStrategy -->
        <test-method status="PASS" signature="BeforeMethod(java.lang.reflect.Method)[pri:0, instance:Projects.ProjectProperties@59494225]" name="BeforeMethod" is-config="true" duration-ms="26" started-at="2022-03-19T23:08:52 IST" finished-at="2022-03-19T23:08:52 IST">
          <params>
            <param index="0">
              <value>
                <![CDATA[public void Projects.ProjectProperties.enterProblemStatements() throws java.lang.InterruptedException]]>
              </value>
            </param>
          </params>
          <reporter-output>
          </reporter-output>
        </test-method> <!-- BeforeMethod -->
        <test-method status="PASS" signature="enterProblemStatements()[pri:16, instance:Projects.ProjectProperties@59494225]" name="enterProblemStatements" duration-ms="5139" started-at="2022-03-19T23:08:52 IST" finished-at="2022-03-19T23:08:58 IST">
          <reporter-output>
          </reporter-output>
        </test-method> <!-- enterProblemStatements -->
        <test-method status="PASS" signature="BeforeMethod(java.lang.reflect.Method)[pri:0, instance:Projects.ProjectProperties@59494225]" name="BeforeMethod" is-config="true" duration-ms="29" started-at="2022-03-19T23:08:58 IST" finished-at="2022-03-19T23:08:58 IST">
          <params>
            <param index="0">
              <value>
                <![CDATA[public void Projects.ProjectProperties.ClickCreateStargeyDoneButton() throws java.lang.InterruptedException]]>
              </value>
            </param>
          </params>
          <reporter-output>
          </reporter-output>
        </test-method> <!-- BeforeMethod -->
        <test-method status="PASS" signature="ClickCreateStargeyDoneButton()[pri:17, instance:Projects.ProjectProperties@59494225]" name="ClickCreateStargeyDoneButton" duration-ms="5091" started-at="2022-03-19T23:08:58 IST" finished-at="2022-03-19T23:09:03 IST">
          <reporter-output>
          </reporter-output>
        </test-method> <!-- ClickCreateStargeyDoneButton -->
        <test-method status="PASS" signature="BeforeMethod(java.lang.reflect.Method)[pri:0, instance:Projects.ProjectProperties@59494225]" name="BeforeMethod" is-config="true" duration-ms="25" started-at="2022-03-19T23:09:03 IST" finished-at="2022-03-19T23:09:03 IST">
          <params>
            <param index="0">
              <value>
                <![CDATA[public void Projects.ProjectProperties.DeleteStargeyMenu() throws java.lang.InterruptedException]]>
              </value>
            </param>
          </params>
          <reporter-output>
          </reporter-output>
        </test-method> <!-- BeforeMethod -->
        <test-method status="PASS" signature="DeleteStargeyMenu()[pri:18, instance:Projects.ProjectProperties@59494225]" name="DeleteStargeyMenu" duration-ms="4059" started-at="2022-03-19T23:09:03 IST" finished-at="2022-03-19T23:09:07 IST">
          <reporter-output>
          </reporter-output>
        </test-method> <!-- DeleteStargeyMenu -->
        <test-method status="PASS" signature="BeforeMethod(java.lang.reflect.Method)[pri:0, instance:Projects.ProjectProperties@59494225]" name="BeforeMethod" is-config="true" duration-ms="44" started-at="2022-03-19T23:09:07 IST" finished-at="2022-03-19T23:09:07 IST">
          <params>
            <param index="0">
              <value>
                <![CDATA[public void Projects.ProjectProperties.DeleteStragey() throws java.lang.InterruptedException]]>
              </value>
            </param>
          </params>
          <reporter-output>
          </reporter-output>
        </test-method> <!-- BeforeMethod -->
        <test-method status="PASS" signature="DeleteStragey()[pri:18, instance:Projects.ProjectProperties@59494225]" name="DeleteStragey" duration-ms="4136" started-at="2022-03-19T23:09:07 IST" finished-at="2022-03-19T23:09:11 IST">
          <reporter-output>
          </reporter-output>
        </test-method> <!-- DeleteStragey -->
        <test-method status="PASS" signature="BeforeMethod(java.lang.reflect.Method)[pri:0, instance:Projects.ProjectProperties@59494225]" name="BeforeMethod" is-config="true" duration-ms="46" started-at="2022-03-19T23:09:11 IST" finished-at="2022-03-19T23:09:11 IST">
          <params>
            <param index="0">
              <value>
                <![CDATA[public void Projects.ProjectProperties.DeleteConfirmmessage() throws java.lang.InterruptedException]]>
              </value>
            </param>
          </params>
          <reporter-output>
          </reporter-output>
        </test-method> <!-- BeforeMethod -->
        <test-method status="PASS" signature="DeleteConfirmmessage()[pri:19, instance:Projects.ProjectProperties@59494225]" name="DeleteConfirmmessage" duration-ms="5045" started-at="2022-03-19T23:09:11 IST" finished-at="2022-03-19T23:09:16 IST">
          <reporter-output>
          </reporter-output>
        </test-method> <!-- DeleteConfirmmessage -->
        <test-method status="PASS" signature="BeforeMethod(java.lang.reflect.Method)[pri:0, instance:Projects.ProjectProperties@59494225]" name="BeforeMethod" is-config="true" duration-ms="50" started-at="2022-03-19T23:09:16 IST" finished-at="2022-03-19T23:09:16 IST">
          <params>
            <param index="0">
              <value>
                <![CDATA[public void Projects.ProjectProperties.Deleteaction() throws java.lang.InterruptedException]]>
              </value>
            </param>
          </params>
          <reporter-output>
          </reporter-output>
        </test-method> <!-- BeforeMethod -->
        <test-method status="PASS" signature="Deleteaction()[pri:20, instance:Projects.ProjectProperties@59494225]" name="Deleteaction" duration-ms="7079" started-at="2022-03-19T23:09:16 IST" finished-at="2022-03-19T23:09:23 IST">
          <reporter-output>
          </reporter-output>
        </test-method> <!-- Deleteaction -->
        <test-method status="PASS" signature="QuitWindows()[pri:0, instance:Projects.ProjectProperties@59494225]" name="QuitWindows" is-config="true" duration-ms="862" started-at="2022-03-19T23:09:23 IST" finished-at="2022-03-19T23:09:24 IST">
          <reporter-output>
          </reporter-output>
        </test-method> <!-- QuitWindows -->
      </class> <!-- Projects.ProjectProperties -->
      <class name="Onboardingnewclient.OnBoardingArtemis">
        <test-method status="PASS" signature="LaunchArtemisURL()[pri:0, instance:Onboardingnewclient.OnBoardingArtemis@cb644e]" name="LaunchArtemisURL" is-config="true" duration-ms="6277" started-at="2022-03-19T23:11:20 IST" finished-at="2022-03-19T23:11:26 IST">
          <reporter-output>
          </reporter-output>
        </test-method> <!-- LaunchArtemisURL -->
        <test-method status="PASS" signature="BeforeMethod(java.lang.reflect.Method)[pri:0, instance:Onboardingnewclient.OnBoardingArtemis@cb644e]" name="BeforeMethod" is-config="true" duration-ms="26" started-at="2022-03-19T23:11:26 IST" finished-at="2022-03-19T23:11:26 IST">
          <params>
            <param index="0">
              <value>
                <![CDATA[public void Onboardingnewclient.OnBoardingArtemis.LaunchURL() throws java.io.IOException]]>
              </value>
            </param>
          </params>
          <reporter-output>
          </reporter-output>
        </test-method> <!-- BeforeMethod -->
        <test-method status="PASS" signature="LaunchURL()[pri:1, instance:Onboardingnewclient.OnBoardingArtemis@cb644e]" name="LaunchURL" duration-ms="2234" started-at="2022-03-19T23:11:26 IST" finished-at="2022-03-19T23:11:29 IST">
          <reporter-output>
          </reporter-output>
        </test-method> <!-- LaunchURL -->
        <test-method status="PASS" signature="BeforeMethod(java.lang.reflect.Method)[pri:0, instance:Onboardingnewclient.OnBoardingArtemis@cb644e]" name="BeforeMethod" is-config="true" duration-ms="28" started-at="2022-03-19T23:11:29 IST" finished-at="2022-03-19T23:11:29 IST">
          <params>
            <param index="0">
              <value>
                <![CDATA[public void Onboardingnewclient.OnBoardingArtemis.LoginErrorMessage_Wrongemailformat() throws java.lang.InterruptedException,java.io.IOException]]>
              </value>
            </param>
          </params>
          <reporter-output>
          </reporter-output>
        </test-method> <!-- BeforeMethod -->
        <test-method status="PASS" signature="LoginErrorMessage_Wrongemailformat()[pri:2, instance:Onboardingnewclient.OnBoardingArtemis@cb644e]" name="LoginErrorMessage_Wrongemailformat" duration-ms="4813" started-at="2022-03-19T23:11:29 IST" finished-at="2022-03-19T23:11:33 IST">
          <reporter-output>
          </reporter-output>
        </test-method> <!-- LoginErrorMessage_Wrongemailformat -->
        <test-method status="PASS" signature="BeforeMethod(java.lang.reflect.Method)[pri:0, instance:Onboardingnewclient.OnBoardingArtemis@cb644e]" name="BeforeMethod" is-config="true" duration-ms="29" started-at="2022-03-19T23:11:33 IST" finished-at="2022-03-19T23:11:33 IST">
          <params>
            <param index="0">
              <value>
                <![CDATA[public void Onboardingnewclient.OnBoardingArtemis.LoginAction() throws java.lang.InterruptedException]]>
              </value>
            </param>
          </params>
          <reporter-output>
          </reporter-output>
        </test-method> <!-- BeforeMethod -->
        <test-method status="PASS" signature="LoginAction()[pri:3, instance:Onboardingnewclient.OnBoardingArtemis@cb644e]" name="LoginAction" duration-ms="4405" started-at="2022-03-19T23:11:33 IST" finished-at="2022-03-19T23:11:38 IST">
          <reporter-output>
          </reporter-output>
        </test-method> <!-- LoginAction -->
        <test-method status="PASS" signature="BeforeMethod(java.lang.reflect.Method)[pri:0, instance:Onboardingnewclient.OnBoardingArtemis@cb644e]" name="BeforeMethod" is-config="true" duration-ms="25" started-at="2022-03-19T23:11:38 IST" finished-at="2022-03-19T23:11:38 IST">
          <params>
            <param index="0">
              <value>
                <![CDATA[public void Onboardingnewclient.OnBoardingArtemis.HomePageTitle()]]>
              </value>
            </param>
          </params>
          <reporter-output>
          </reporter-output>
        </test-method> <!-- BeforeMethod -->
        <test-method status="PASS" signature="HomePageTitle()[pri:4, instance:Onboardingnewclient.OnBoardingArtemis@cb644e]" name="HomePageTitle" duration-ms="8" started-at="2022-03-19T23:11:38 IST" finished-at="2022-03-19T23:11:38 IST">
          <reporter-output>
          </reporter-output>
        </test-method> <!-- HomePageTitle -->
        <test-method status="PASS" signature="BeforeMethod(java.lang.reflect.Method)[pri:0, instance:Onboardingnewclient.OnBoardingArtemis@cb644e]" name="BeforeMethod" is-config="true" duration-ms="32" started-at="2022-03-19T23:11:38 IST" finished-at="2022-03-19T23:11:38 IST">
          <params>
            <param index="0">
              <value>
                <![CDATA[public void Onboardingnewclient.OnBoardingArtemis.UserNameDisplay()]]>
              </value>
            </param>
          </params>
          <reporter-output>
          </reporter-output>
        </test-method> <!-- BeforeMethod -->
        <test-method status="PASS" signature="UserNameDisplay()[pri:5, instance:Onboardingnewclient.OnBoardingArtemis@cb644e]" name="UserNameDisplay" duration-ms="5014" started-at="2022-03-19T23:11:38 IST" finished-at="2022-03-19T23:11:43 IST">
          <reporter-output>
          </reporter-output>
        </test-method> <!-- UserNameDisplay -->
        <test-method status="PASS" signature="BeforeMethod(java.lang.reflect.Method)[pri:0, instance:Onboardingnewclient.OnBoardingArtemis@cb644e]" name="BeforeMethod" is-config="true" duration-ms="45" started-at="2022-03-19T23:11:43 IST" finished-at="2022-03-19T23:11:43 IST">
          <params>
            <param index="0">
              <value>
                <![CDATA[public void Onboardingnewclient.OnBoardingArtemis.isCreateNewButtonPresent()]]>
              </value>
            </param>
          </params>
          <reporter-output>
          </reporter-output>
        </test-method> <!-- BeforeMethod -->
        <test-method status="PASS" signature="isCreateNewButtonPresent()[pri:6, instance:Onboardingnewclient.OnBoardingArtemis@cb644e]" name="isCreateNewButtonPresent" duration-ms="253" started-at="2022-03-19T23:11:43 IST" finished-at="2022-03-19T23:11:43 IST">
          <reporter-output>
          </reporter-output>
        </test-method> <!-- isCreateNewButtonPresent -->
        <test-method status="PASS" signature="BeforeMethod(java.lang.reflect.Method)[pri:0, instance:Onboardingnewclient.OnBoardingArtemis@cb644e]" name="BeforeMethod" is-config="true" duration-ms="24" started-at="2022-03-19T23:11:43 IST" finished-at="2022-03-19T23:11:43 IST">
          <params>
            <param index="0">
              <value>
                <![CDATA[public void Onboardingnewclient.OnBoardingArtemis.isCreateNewButtonEnabled()]]>
              </value>
            </param>
          </params>
          <reporter-output>
          </reporter-output>
        </test-method> <!-- BeforeMethod -->
        <test-method status="PASS" signature="isCreateNewButtonEnabled()[pri:7, instance:Onboardingnewclient.OnBoardingArtemis@cb644e]" name="isCreateNewButtonEnabled" duration-ms="25" started-at="2022-03-19T23:11:43 IST" finished-at="2022-03-19T23:11:43 IST">
          <reporter-output>
          </reporter-output>
        </test-method> <!-- isCreateNewButtonEnabled -->
        <test-method status="PASS" signature="BeforeMethod(java.lang.reflect.Method)[pri:0, instance:Onboardingnewclient.OnBoardingArtemis@cb644e]" name="BeforeMethod" is-config="true" duration-ms="25" started-at="2022-03-19T23:11:43 IST" finished-at="2022-03-19T23:11:43 IST">
          <params>
            <param index="0">
              <value>
                <![CDATA[public void Onboardingnewclient.OnBoardingArtemis.ClickCreatenewproject()]]>
              </value>
            </param>
          </params>
          <reporter-output>
          </reporter-output>
        </test-method> <!-- BeforeMethod -->
        <test-method status="PASS" signature="ClickCreatenewproject()[pri:8, instance:Onboardingnewclient.OnBoardingArtemis@cb644e]" name="ClickCreatenewproject" duration-ms="372" started-at="2022-03-19T23:11:43 IST" finished-at="2022-03-19T23:11:44 IST">
          <reporter-output>
          </reporter-output>
        </test-method> <!-- ClickCreatenewproject -->
        <test-method status="PASS" signature="BeforeMethod(java.lang.reflect.Method)[pri:0, instance:Onboardingnewclient.OnBoardingArtemis@cb644e]" name="BeforeMethod" is-config="true" duration-ms="33" started-at="2022-03-19T23:11:44 IST" finished-at="2022-03-19T23:11:44 IST">
          <params>
            <param index="0">
              <value>
                <![CDATA[public void Onboardingnewclient.OnBoardingArtemis.ClickCancelProjectDialog() throws java.lang.InterruptedException]]>
              </value>
            </param>
          </params>
          <reporter-output>
          </reporter-output>
        </test-method> <!-- BeforeMethod -->
        <test-method status="PASS" signature="ClickCancelProjectDialog()[pri:9, instance:Onboardingnewclient.OnBoardingArtemis@cb644e]" name="ClickCancelProjectDialog" duration-ms="5181" started-at="2022-03-19T23:11:44 IST" finished-at="2022-03-19T23:11:49 IST">
          <reporter-output>
          </reporter-output>
        </test-method> <!-- ClickCancelProjectDialog -->
        <test-method status="PASS" signature="BeforeMethod(java.lang.reflect.Method)[pri:0, instance:Onboardingnewclient.OnBoardingArtemis@cb644e]" name="BeforeMethod" is-config="true" duration-ms="28" started-at="2022-03-19T23:11:49 IST" finished-at="2022-03-19T23:11:49 IST">
          <params>
            <param index="0">
              <value>
                <![CDATA[public void Onboardingnewclient.OnBoardingArtemis.LogoutAction() throws java.lang.InterruptedException]]>
              </value>
            </param>
          </params>
          <reporter-output>
          </reporter-output>
        </test-method> <!-- BeforeMethod -->
        <test-method status="PASS" signature="LogoutAction()[pri:10, instance:Onboardingnewclient.OnBoardingArtemis@cb644e]" name="LogoutAction" duration-ms="4451" started-at="2022-03-19T23:11:49 IST" finished-at="2022-03-19T23:11:53 IST">
          <reporter-output>
          </reporter-output>
        </test-method> <!-- LogoutAction -->
        <test-method status="PASS" signature="BeforeMethod(java.lang.reflect.Method)[pri:0, instance:Onboardingnewclient.OnBoardingArtemis@cb644e]" name="BeforeMethod" is-config="true" duration-ms="55" started-at="2022-03-19T23:11:53 IST" finished-at="2022-03-19T23:11:53 IST">
          <params>
            <param index="0">
              <value>
                <![CDATA[public void Onboardingnewclient.OnBoardingArtemis.Setting_is_Present()]]>
              </value>
            </param>
          </params>
          <reporter-output>
          </reporter-output>
        </test-method> <!-- BeforeMethod -->
        <test-method status="PASS" signature="Setting_is_Present()[pri:11, instance:Onboardingnewclient.OnBoardingArtemis@cb644e]" name="Setting_is_Present" duration-ms="50" started-at="2022-03-19T23:11:53 IST" finished-at="2022-03-19T23:11:53 IST">
          <reporter-output>
          </reporter-output>
        </test-method> <!-- Setting_is_Present -->
        <test-method status="PASS" signature="BeforeMethod(java.lang.reflect.Method)[pri:0, instance:Onboardingnewclient.OnBoardingArtemis@cb644e]" name="BeforeMethod" is-config="true" duration-ms="25" started-at="2022-03-19T23:11:53 IST" finished-at="2022-03-19T23:11:53 IST">
          <params>
            <param index="0">
              <value>
                <![CDATA[public void Onboardingnewclient.OnBoardingArtemis.Settings_is_Clickable()]]>
              </value>
            </param>
          </params>
          <reporter-output>
          </reporter-output>
        </test-method> <!-- BeforeMethod -->
        <test-method status="PASS" signature="Settings_is_Clickable()[pri:12, instance:Onboardingnewclient.OnBoardingArtemis@cb644e]" name="Settings_is_Clickable" duration-ms="33" started-at="2022-03-19T23:11:53 IST" finished-at="2022-03-19T23:11:53 IST">
          <reporter-output>
          </reporter-output>
        </test-method> <!-- Settings_is_Clickable -->
        <test-method status="PASS" signature="BeforeMethod(java.lang.reflect.Method)[pri:0, instance:Onboardingnewclient.OnBoardingArtemis@cb644e]" name="BeforeMethod" is-config="true" duration-ms="34" started-at="2022-03-19T23:11:53 IST" finished-at="2022-03-19T23:11:53 IST">
          <params>
            <param index="0">
              <value>
                <![CDATA[public void Onboardingnewclient.OnBoardingArtemis.Settings_Navigations_Popup() throws java.lang.InterruptedException]]>
              </value>
            </param>
          </params>
          <reporter-output>
          </reporter-output>
        </test-method> <!-- BeforeMethod -->
        <test-method status="PASS" signature="Settings_Navigations_Popup()[pri:13, instance:Onboardingnewclient.OnBoardingArtemis@cb644e]" name="Settings_Navigations_Popup" duration-ms="4235" started-at="2022-03-19T23:11:53 IST" finished-at="2022-03-19T23:11:58 IST">
          <reporter-output>
          </reporter-output>
        </test-method> <!-- Settings_Navigations_Popup -->
        <test-method status="PASS" signature="BeforeMethod(java.lang.reflect.Method)[pri:0, instance:Onboardingnewclient.OnBoardingArtemis@cb644e]" name="BeforeMethod" is-config="true" duration-ms="50" started-at="2022-03-19T23:11:58 IST" finished-at="2022-03-19T23:11:58 IST">
          <params>
            <param index="0">
              <value>
                <![CDATA[public void Onboardingnewclient.OnBoardingArtemis.Logout_Click()]]>
              </value>
            </param>
          </params>
          <reporter-output>
          </reporter-output>
        </test-method> <!-- BeforeMethod -->
        <test-method status="PASS" signature="Logout_Click()[pri:14, instance:Onboardingnewclient.OnBoardingArtemis@cb644e]" name="Logout_Click" duration-ms="99" started-at="2022-03-19T23:11:58 IST" finished-at="2022-03-19T23:11:58 IST">
          <reporter-output>
          </reporter-output>
        </test-method> <!-- Logout_Click -->
        <test-method status="PASS" signature="BeforeMethod(java.lang.reflect.Method)[pri:0, instance:Onboardingnewclient.OnBoardingArtemis@cb644e]" name="BeforeMethod" is-config="true" duration-ms="32" started-at="2022-03-19T23:11:58 IST" finished-at="2022-03-19T23:11:58 IST">
          <params>
            <param index="0">
              <value>
                <![CDATA[public void Onboardingnewclient.OnBoardingArtemis.Logout_Confirmation()]]>
              </value>
            </param>
          </params>
          <reporter-output>
          </reporter-output>
        </test-method> <!-- BeforeMethod -->
        <test-method status="PASS" signature="Logout_Confirmation()[pri:15, instance:Onboardingnewclient.OnBoardingArtemis@cb644e]" name="Logout_Confirmation" duration-ms="27" started-at="2022-03-19T23:11:58 IST" finished-at="2022-03-19T23:11:58 IST">
          <reporter-output>
          </reporter-output>
        </test-method> <!-- Logout_Confirmation -->
        <test-method status="PASS" signature="BeforeMethod(java.lang.reflect.Method)[pri:0, instance:Onboardingnewclient.OnBoardingArtemis@cb644e]" name="BeforeMethod" is-config="true" duration-ms="29" started-at="2022-03-19T23:11:58 IST" finished-at="2022-03-19T23:11:58 IST">
          <params>
            <param index="0">
              <value>
                <![CDATA[public void Onboardingnewclient.OnBoardingArtemis.Logout_click()]]>
              </value>
            </param>
          </params>
          <reporter-output>
          </reporter-output>
        </test-method> <!-- BeforeMethod -->
        <test-method status="PASS" signature="Logout_click()[pri:16, instance:Onboardingnewclient.OnBoardingArtemis@cb644e]" name="Logout_click" duration-ms="114" started-at="2022-03-19T23:11:58 IST" finished-at="2022-03-19T23:11:58 IST">
          <reporter-output>
          </reporter-output>
        </test-method> <!-- Logout_click -->
        <test-method status="PASS" signature="QuitWindows()[pri:0, instance:Onboardingnewclient.OnBoardingArtemis@cb644e]" name="QuitWindows" is-config="true" duration-ms="714" started-at="2022-03-19T23:11:58 IST" finished-at="2022-03-19T23:11:59 IST">
          <reporter-output>
          </reporter-output>
        </test-method> <!-- QuitWindows -->
        <test-method status="PASS" signature="closewindows()[pri:0, instance:Onboardingnewclient.OnBoardingArtemis@cb644e]" name="closewindows" is-config="true" duration-ms="759" started-at="2022-03-19T23:12:31 IST" finished-at="2022-03-19T23:12:32 IST">
          <reporter-output>
          </reporter-output>
        </test-method> <!-- closewindows -->
      </class> <!-- Onboardingnewclient.OnBoardingArtemis -->
      <class name="Forms.FormsProperties">
        <test-method status="PASS" signature="LaunchArtemisURL()[pri:0, instance:Forms.FormsProperties@6e1567f1]" name="LaunchArtemisURL" is-config="true" duration-ms="1991" started-at="2022-03-19T23:09:24 IST" finished-at="2022-03-19T23:09:26 IST">
          <reporter-output>
          </reporter-output>
        </test-method> <!-- LaunchArtemisURL -->
        <test-method status="PASS" signature="BeforeMethod(java.lang.reflect.Method)[pri:0, instance:Forms.FormsProperties@6e1567f1]" name="BeforeMethod" is-config="true" duration-ms="29" started-at="2022-03-19T23:09:26 IST" finished-at="2022-03-19T23:09:26 IST">
          <params>
            <param index="0">
              <value>
                <![CDATA[public void Forms.FormsProperties.NavigatetoProjectDetailsPage() throws java.lang.InterruptedException]]>
              </value>
            </param>
          </params>
          <reporter-output>
          </reporter-output>
        </test-method> <!-- BeforeMethod -->
        <test-method status="PASS" signature="NavigatetoProjectDetailsPage()[pri:1, instance:Forms.FormsProperties@6e1567f1]" name="NavigatetoProjectDetailsPage" duration-ms="21567" started-at="2022-03-19T23:09:26 IST" finished-at="2022-03-19T23:09:48 IST">
          <reporter-output>
            <line>
              <![CDATA[User ented the email id details succefully]]>
            </line>
            <line>
              <![CDATA[User clicks Login button succefully]]>
            </line>
            <line>
              <![CDATA[User entered the passowrd succefully]]>
            </line>
            <line>
              <![CDATA[User clicks the next button]]>
            </line>
          </reporter-output>
        </test-method> <!-- NavigatetoProjectDetailsPage -->
        <test-method status="PASS" signature="BeforeMethod(java.lang.reflect.Method)[pri:0, instance:Forms.FormsProperties@6e1567f1]" name="BeforeMethod" is-config="true" duration-ms="61" started-at="2022-03-19T23:09:48 IST" finished-at="2022-03-19T23:09:48 IST">
          <params>
            <param index="0">
              <value>
                <![CDATA[public void Forms.FormsProperties.NavigatetoFormsTab()]]>
              </value>
            </param>
          </params>
          <reporter-output>
          </reporter-output>
        </test-method> <!-- BeforeMethod -->
        <test-method status="PASS" signature="NavigatetoFormsTab()[pri:2, instance:Forms.FormsProperties@6e1567f1]" name="NavigatetoFormsTab" duration-ms="106" started-at="2022-03-19T23:09:48 IST" finished-at="2022-03-19T23:09:48 IST">
          <reporter-output>
          </reporter-output>
        </test-method> <!-- NavigatetoFormsTab -->
        <test-method status="PASS" signature="BeforeMethod(java.lang.reflect.Method)[pri:0, instance:Forms.FormsProperties@6e1567f1]" name="BeforeMethod" is-config="true" duration-ms="32" started-at="2022-03-19T23:09:48 IST" finished-at="2022-03-19T23:09:48 IST">
          <params>
            <param index="0">
              <value>
                <![CDATA[public void Forms.FormsProperties.formspagetitle()]]>
              </value>
            </param>
          </params>
          <reporter-output>
          </reporter-output>
        </test-method> <!-- BeforeMethod -->
        <test-method status="PASS" signature="formspagetitle()[pri:3, instance:Forms.FormsProperties@6e1567f1]" name="formspagetitle" duration-ms="38" started-at="2022-03-19T23:09:48 IST" finished-at="2022-03-19T23:09:48 IST">
          <reporter-output>
          </reporter-output>
        </test-method> <!-- formspagetitle -->
        <test-method status="PASS" signature="BeforeMethod(java.lang.reflect.Method)[pri:0, instance:Forms.FormsProperties@6e1567f1]" name="BeforeMethod" is-config="true" duration-ms="53" started-at="2022-03-19T23:09:48 IST" finished-at="2022-03-19T23:09:48 IST">
          <params>
            <param index="0">
              <value>
                <![CDATA[public void Forms.FormsProperties.createforms() throws java.lang.InterruptedException]]>
              </value>
            </param>
          </params>
          <reporter-output>
          </reporter-output>
        </test-method> <!-- BeforeMethod -->
        <test-method status="PASS" signature="createforms()[pri:4, instance:Forms.FormsProperties@6e1567f1]" name="createforms" duration-ms="8190" started-at="2022-03-19T23:09:48 IST" finished-at="2022-03-19T23:09:56 IST">
          <reporter-output>
          </reporter-output>
        </test-method> <!-- createforms -->
        <test-method status="PASS" signature="BeforeMethod(java.lang.reflect.Method)[pri:0, instance:Forms.FormsProperties@6e1567f1]" name="BeforeMethod" is-config="true" duration-ms="40" started-at="2022-03-19T23:09:56 IST" finished-at="2022-03-19T23:09:56 IST">
          <params>
            <param index="0">
              <value>
                <![CDATA[public void Forms.FormsProperties.redirectedurl()]]>
              </value>
            </param>
          </params>
          <reporter-output>
          </reporter-output>
        </test-method> <!-- BeforeMethod -->
        <test-method status="PASS" signature="redirectedurl()[pri:5, instance:Forms.FormsProperties@6e1567f1]" name="redirectedurl" duration-ms="5" started-at="2022-03-19T23:09:56 IST" finished-at="2022-03-19T23:09:56 IST">
          <reporter-output>
          </reporter-output>
        </test-method> <!-- redirectedurl -->
        <test-method status="PASS" signature="BeforeMethod(java.lang.reflect.Method)[pri:0, instance:Forms.FormsProperties@6e1567f1]" name="BeforeMethod" is-config="true" duration-ms="26" started-at="2022-03-19T23:09:56 IST" finished-at="2022-03-19T23:09:56 IST">
          <params>
            <param index="0">
              <value>
                <![CDATA[public void Forms.FormsProperties.formstitle()]]>
              </value>
            </param>
          </params>
          <reporter-output>
          </reporter-output>
        </test-method> <!-- BeforeMethod -->
        <test-method status="PASS" signature="formstitle()[pri:6, instance:Forms.FormsProperties@6e1567f1]" name="formstitle" duration-ms="27" started-at="2022-03-19T23:09:56 IST" finished-at="2022-03-19T23:09:56 IST">
          <reporter-output>
          </reporter-output>
        </test-method> <!-- formstitle -->
        <test-method status="PASS" signature="BeforeMethod(java.lang.reflect.Method)[pri:0, instance:Forms.FormsProperties@6e1567f1]" name="BeforeMethod" is-config="true" duration-ms="42" started-at="2022-03-19T23:09:56 IST" finished-at="2022-03-19T23:09:56 IST">
          <params>
            <param index="0">
              <value>
                <![CDATA[public void Forms.FormsProperties.formtitle() throws java.lang.InterruptedException]]>
              </value>
            </param>
          </params>
          <reporter-output>
          </reporter-output>
        </test-method> <!-- BeforeMethod -->
        <test-method status="PASS" signature="formtitle()[pri:7, instance:Forms.FormsProperties@6e1567f1]" name="formtitle" duration-ms="5149" started-at="2022-03-19T23:09:56 IST" finished-at="2022-03-19T23:10:01 IST">
          <reporter-output>
          </reporter-output>
        </test-method> <!-- formtitle -->
        <test-method status="PASS" signature="BeforeMethod(java.lang.reflect.Method)[pri:0, instance:Forms.FormsProperties@6e1567f1]" name="BeforeMethod" is-config="true" duration-ms="20" started-at="2022-03-19T23:10:01 IST" finished-at="2022-03-19T23:10:01 IST">
          <params>
            <param index="0">
              <value>
                <![CDATA[public void Forms.FormsProperties.createQuestion1() throws java.lang.InterruptedException]]>
              </value>
            </param>
          </params>
          <reporter-output>
          </reporter-output>
        </test-method> <!-- BeforeMethod -->
        <test-method status="PASS" signature="createQuestion1()[pri:8, instance:Forms.FormsProperties@6e1567f1]" name="createQuestion1" duration-ms="5201" started-at="2022-03-19T23:10:01 IST" finished-at="2022-03-19T23:10:07 IST">
          <reporter-output>
          </reporter-output>
        </test-method> <!-- createQuestion1 -->
        <test-method status="PASS" signature="BeforeMethod(java.lang.reflect.Method)[pri:0, instance:Forms.FormsProperties@6e1567f1]" name="BeforeMethod" is-config="true" duration-ms="28" started-at="2022-03-19T23:10:07 IST" finished-at="2022-03-19T23:10:07 IST">
          <params>
            <param index="0">
              <value>
                <![CDATA[public void Forms.FormsProperties.PublishForm() throws java.lang.InterruptedException]]>
              </value>
            </param>
          </params>
          <reporter-output>
          </reporter-output>
        </test-method> <!-- BeforeMethod -->
        <test-method status="PASS" signature="PublishForm()[pri:9, instance:Forms.FormsProperties@6e1567f1]" name="PublishForm" duration-ms="6301" started-at="2022-03-19T23:10:07 IST" finished-at="2022-03-19T23:10:13 IST">
          <reporter-output>
          </reporter-output>
        </test-method> <!-- PublishForm -->
        <test-method status="PASS" signature="QuitWindows()[pri:0, instance:Forms.FormsProperties@6e1567f1]" name="QuitWindows" is-config="true" duration-ms="771" started-at="2022-03-19T23:10:13 IST" finished-at="2022-03-19T23:10:14 IST">
          <reporter-output>
          </reporter-output>
        </test-method> <!-- QuitWindows -->
      </class> <!-- Forms.FormsProperties -->
      <class name="Login.LoginInvalidAndForgotPassword">
        <test-method status="PASS" signature="LaunchArtemisURL()[pri:0, instance:Login.LoginInvalidAndForgotPassword@6e06451e]" name="LaunchArtemisURL" is-config="true" duration-ms="2039" started-at="2022-03-19T23:07:36 IST" finished-at="2022-03-19T23:07:38 IST">
          <reporter-output>
          </reporter-output>
        </test-method> <!-- LaunchArtemisURL -->
        <test-method status="PASS" signature="BeforeMethod(java.lang.reflect.Method)[pri:0, instance:Login.LoginInvalidAndForgotPassword@6e06451e]" name="BeforeMethod" is-config="true" duration-ms="41" started-at="2022-03-19T23:07:38 IST" finished-at="2022-03-19T23:07:38 IST">
          <params>
            <param index="0">
              <value>
                <![CDATA[public void Login.LoginInvalidAndForgotPassword.EnterWrongemailid() throws java.lang.InterruptedException]]>
              </value>
            </param>
          </params>
          <reporter-output>
          </reporter-output>
        </test-method> <!-- BeforeMethod -->
        <test-method status="PASS" signature="EnterWrongemailid()[pri:0, instance:Login.LoginInvalidAndForgotPassword@6e06451e]" name="EnterWrongemailid" duration-ms="5262" started-at="2022-03-19T23:07:38 IST" finished-at="2022-03-19T23:07:43 IST">
          <reporter-output>
          </reporter-output>
        </test-method> <!-- EnterWrongemailid -->
        <test-method status="PASS" signature="BeforeMethod(java.lang.reflect.Method)[pri:0, instance:Login.LoginInvalidAndForgotPassword@6e06451e]" name="BeforeMethod" is-config="true" duration-ms="43" started-at="2022-03-19T23:07:43 IST" finished-at="2022-03-19T23:07:43 IST">
          <params>
            <param index="0">
              <value>
                <![CDATA[public void Login.LoginInvalidAndForgotPassword.wrongpassword() throws java.lang.InterruptedException]]>
              </value>
            </param>
          </params>
          <reporter-output>
          </reporter-output>
        </test-method> <!-- BeforeMethod -->
        <test-method status="PASS" signature="wrongpassword()[pri:0, instance:Login.LoginInvalidAndForgotPassword@6e06451e]" name="wrongpassword" duration-ms="9417" started-at="2022-03-19T23:07:43 IST" finished-at="2022-03-19T23:07:53 IST">
          <reporter-output>
          </reporter-output>
        </test-method> <!-- wrongpassword -->
        <test-method status="PASS" signature="BeforeMethod(java.lang.reflect.Method)[pri:0, instance:Login.LoginInvalidAndForgotPassword@6e06451e]" name="BeforeMethod" is-config="true" duration-ms="43" started-at="2022-03-19T23:07:53 IST" finished-at="2022-03-19T23:07:53 IST">
          <params>
            <param index="0">
              <value>
                <![CDATA[public void Login.LoginInvalidAndForgotPassword.LaunchURL()]]>
              </value>
            </param>
          </params>
          <reporter-output>
          </reporter-output>
        </test-method> <!-- BeforeMethod -->
        <test-method status="PASS" signature="LaunchURL()[pri:1, instance:Login.LoginInvalidAndForgotPassword@6e06451e]" name="LaunchURL" duration-ms="582" started-at="2022-03-19T23:07:53 IST" finished-at="2022-03-19T23:07:53 IST">
          <reporter-output>
          </reporter-output>
        </test-method> <!-- LaunchURL -->
        <test-method status="PASS" signature="BeforeMethod(java.lang.reflect.Method)[pri:0, instance:Login.LoginInvalidAndForgotPassword@6e06451e]" name="BeforeMethod" is-config="true" duration-ms="55" started-at="2022-03-19T23:07:53 IST" finished-at="2022-03-19T23:07:53 IST">
          <params>
            <param index="0">
              <value>
                <![CDATA[public void Login.LoginInvalidAndForgotPassword.checklabelsinLoginPage()]]>
              </value>
            </param>
          </params>
          <reporter-output>
          </reporter-output>
        </test-method> <!-- BeforeMethod -->
        <test-method status="PASS" signature="checklabelsinLoginPage()[pri:2, instance:Login.LoginInvalidAndForgotPassword@6e06451e]" name="checklabelsinLoginPage" duration-ms="5" started-at="2022-03-19T23:07:53 IST" finished-at="2022-03-19T23:07:53 IST">
          <reporter-output>
          </reporter-output>
        </test-method> <!-- checklabelsinLoginPage -->
        <test-method status="PASS" signature="BeforeMethod(java.lang.reflect.Method)[pri:0, instance:Login.LoginInvalidAndForgotPassword@6e06451e]" name="BeforeMethod" is-config="true" duration-ms="40" started-at="2022-03-19T23:07:53 IST" finished-at="2022-03-19T23:07:53 IST">
          <params>
            <param index="0">
              <value>
                <![CDATA[public void Login.LoginInvalidAndForgotPassword.navigatetoforgotpasswordpage() throws java.lang.InterruptedException]]>
              </value>
            </param>
          </params>
          <reporter-output>
          </reporter-output>
        </test-method> <!-- BeforeMethod -->
        <test-method status="PASS" signature="navigatetoforgotpasswordpage()[pri:3, instance:Login.LoginInvalidAndForgotPassword@6e06451e]" name="navigatetoforgotpasswordpage" duration-ms="8302" started-at="2022-03-19T23:07:53 IST" finished-at="2022-03-19T23:08:02 IST">
          <reporter-output>
          </reporter-output>
        </test-method> <!-- navigatetoforgotpasswordpage -->
        <test-method status="PASS" signature="BeforeMethod(java.lang.reflect.Method)[pri:0, instance:Login.LoginInvalidAndForgotPassword@6e06451e]" name="BeforeMethod" is-config="true" duration-ms="50" started-at="2022-03-19T23:08:02 IST" finished-at="2022-03-19T23:08:02 IST">
          <params>
            <param index="0">
              <value>
                <![CDATA[public void Login.LoginInvalidAndForgotPassword.CheckForgotpasswordlink_exists()]]>
              </value>
            </param>
          </params>
          <reporter-output>
          </reporter-output>
        </test-method> <!-- BeforeMethod -->
        <test-method status="PASS" signature="CheckForgotpasswordlink_exists()[pri:4, instance:Login.LoginInvalidAndForgotPassword@6e06451e]" name="CheckForgotpasswordlink_exists" duration-ms="37" started-at="2022-03-19T23:08:02 IST" finished-at="2022-03-19T23:08:02 IST">
          <reporter-output>
          </reporter-output>
        </test-method> <!-- CheckForgotpasswordlink_exists -->
        <test-method status="PASS" signature="BeforeMethod(java.lang.reflect.Method)[pri:0, instance:Login.LoginInvalidAndForgotPassword@6e06451e]" name="BeforeMethod" is-config="true" duration-ms="44" started-at="2022-03-19T23:08:02 IST" finished-at="2022-03-19T23:08:02 IST">
          <params>
            <param index="0">
              <value>
                <![CDATA[public void Login.LoginInvalidAndForgotPassword.ClickForgotpasswordlink() throws java.lang.InterruptedException]]>
              </value>
            </param>
          </params>
          <reporter-output>
          </reporter-output>
        </test-method> <!-- BeforeMethod -->
        <test-method status="PASS" signature="ClickForgotpasswordlink()[pri:5, instance:Login.LoginInvalidAndForgotPassword@6e06451e]" name="ClickForgotpasswordlink" duration-ms="6077" started-at="2022-03-19T23:08:02 IST" finished-at="2022-03-19T23:08:08 IST">
          <reporter-output>
          </reporter-output>
        </test-method> <!-- ClickForgotpasswordlink -->
        <test-method status="PASS" signature="BeforeMethod(java.lang.reflect.Method)[pri:0, instance:Login.LoginInvalidAndForgotPassword@6e06451e]" name="BeforeMethod" is-config="true" duration-ms="52" started-at="2022-03-19T23:08:08 IST" finished-at="2022-03-19T23:08:08 IST">
          <params>
            <param index="0">
              <value>
                <![CDATA[public void Login.LoginInvalidAndForgotPassword.userinputemail() throws java.lang.InterruptedException]]>
              </value>
            </param>
          </params>
          <reporter-output>
          </reporter-output>
        </test-method> <!-- BeforeMethod -->
        <test-method status="PASS" signature="userinputemail()[pri:6, instance:Login.LoginInvalidAndForgotPassword@6e06451e]" name="userinputemail" duration-ms="5199" started-at="2022-03-19T23:08:08 IST" finished-at="2022-03-19T23:08:13 IST">
          <reporter-output>
          </reporter-output>
        </test-method> <!-- userinputemail -->
        <test-method status="PASS" signature="BeforeMethod(java.lang.reflect.Method)[pri:0, instance:Login.LoginInvalidAndForgotPassword@6e06451e]" name="BeforeMethod" is-config="true" duration-ms="42" started-at="2022-03-19T23:08:13 IST" finished-at="2022-03-19T23:08:13 IST">
          <params>
            <param index="0">
              <value>
                <![CDATA[public void Login.LoginInvalidAndForgotPassword.recoveryhelptext()]]>
              </value>
            </param>
          </params>
          <reporter-output>
          </reporter-output>
        </test-method> <!-- BeforeMethod -->
        <test-method status="PASS" signature="recoveryhelptext()[pri:7, instance:Login.LoginInvalidAndForgotPassword@6e06451e]" name="recoveryhelptext" duration-ms="33" started-at="2022-03-19T23:08:13 IST" finished-at="2022-03-19T23:08:13 IST">
          <reporter-output>
          </reporter-output>
        </test-method> <!-- recoveryhelptext -->
        <test-method status="PASS" signature="BeforeMethod(java.lang.reflect.Method)[pri:0, instance:Login.LoginInvalidAndForgotPassword@6e06451e]" name="BeforeMethod" is-config="true" duration-ms="37" started-at="2022-03-19T23:08:13 IST" finished-at="2022-03-19T23:08:13 IST">
          <params>
            <param index="0">
              <value>
                <![CDATA[public void Login.LoginInvalidAndForgotPassword.clickcontinuelogin() throws java.lang.InterruptedException]]>
              </value>
            </param>
          </params>
          <reporter-output>
          </reporter-output>
        </test-method> <!-- BeforeMethod -->
        <test-method status="PASS" signature="clickcontinuelogin()[pri:8, instance:Login.LoginInvalidAndForgotPassword@6e06451e]" name="clickcontinuelogin" duration-ms="5080" started-at="2022-03-19T23:08:13 IST" finished-at="2022-03-19T23:08:18 IST">
          <reporter-output>
          </reporter-output>
        </test-method> <!-- clickcontinuelogin -->
        <test-method status="PASS" signature="QuitWindows()[pri:0, instance:Login.LoginInvalidAndForgotPassword@6e06451e]" name="QuitWindows" is-config="true" duration-ms="716" started-at="2022-03-19T23:08:18 IST" finished-at="2022-03-19T23:08:19 IST">
          <reporter-output>
          </reporter-output>
        </test-method> <!-- QuitWindows -->
      </class> <!-- Login.LoginInvalidAndForgotPassword -->
      <class name="NewUserSiteNavigation.newusernavigation">
        <test-method status="PASS" signature="LaunchArtemisURL()[pri:0, instance:NewUserSiteNavigation.newusernavigation@56ef9176]" name="LaunchArtemisURL" is-config="true" duration-ms="1977" started-at="2022-03-19T23:12:17 IST" finished-at="2022-03-19T23:12:19 IST">
          <reporter-output>
          </reporter-output>
        </test-method> <!-- LaunchArtemisURL -->
        <test-method status="PASS" signature="BeforeMethod(java.lang.reflect.Method)[pri:0, instance:NewUserSiteNavigation.newusernavigation@56ef9176]" name="BeforeMethod" is-config="true" duration-ms="26" started-at="2022-03-19T23:12:19 IST" finished-at="2022-03-19T23:12:19 IST">
          <params>
            <param index="0">
              <value>
                <![CDATA[public void NewUserSiteNavigation.newusernavigation.logintoSite() throws java.lang.InterruptedException]]>
              </value>
            </param>
          </params>
          <reporter-output>
          </reporter-output>
        </test-method> <!-- BeforeMethod -->
        <test-method status="PASS" signature="logintoSite()[pri:0, instance:NewUserSiteNavigation.newusernavigation@56ef9176]" name="logintoSite" duration-ms="10594" started-at="2022-03-19T23:12:19 IST" finished-at="2022-03-19T23:12:30 IST">
          <reporter-output>
          </reporter-output>
        </test-method> <!-- logintoSite -->
        <test-method status="PASS" signature="QuitWindows()[pri:0, instance:NewUserSiteNavigation.newusernavigation@56ef9176]" name="QuitWindows" is-config="true" duration-ms="787" started-at="2022-03-19T23:12:30 IST" finished-at="2022-03-19T23:12:31 IST">
          <reporter-output>
          </reporter-output>
        </test-method> <!-- QuitWindows -->
      </class> <!-- NewUserSiteNavigation.newusernavigation -->
      <class name="Login.Login_Test">
        <test-method status="PASS" signature="BeforeTestMethod()[pri:0, instance:Login.Login_Test@27c20538]" name="BeforeTestMethod" is-config="true" duration-ms="124" started-at="2022-03-19T23:07:22 IST" finished-at="2022-03-19T23:07:23 IST">
          <reporter-output>
          </reporter-output>
        </test-method> <!-- BeforeTestMethod -->
        <test-method status="PASS" signature="LaunchArtemisURL()[pri:0, instance:Login.Login_Test@27c20538]" name="LaunchArtemisURL" is-config="true" duration-ms="1985" started-at="2022-03-19T23:07:26 IST" finished-at="2022-03-19T23:07:28 IST">
          <reporter-output>
          </reporter-output>
        </test-method> <!-- LaunchArtemisURL -->
        <test-method status="PASS" signature="BeforeMethod(java.lang.reflect.Method)[pri:0, instance:Login.Login_Test@27c20538]" name="BeforeMethod" is-config="true" duration-ms="419" started-at="2022-03-19T23:07:28 IST" finished-at="2022-03-19T23:07:29 IST">
          <params>
            <param index="0">
              <value>
                <![CDATA[public void Login.Login_Test.Login_HomePage()]]>
              </value>
            </param>
          </params>
          <reporter-output>
          </reporter-output>
        </test-method> <!-- BeforeMethod -->
        <test-method status="PASS" signature="Login_HomePage()[pri:1, instance:Login.Login_Test@27c20538]" name="Login_HomePage" duration-ms="12" started-at="2022-03-19T23:07:29 IST" description="Check the Login page title" finished-at="2022-03-19T23:07:29 IST">
          <reporter-output>
            <line>
              <![CDATA[Fetch the title of the page]]>
            </line>
            <line>
              <![CDATA[Verify the title of the page is Artemis Accounts Portal]]>
            </line>
          </reporter-output>
        </test-method> <!-- Login_HomePage -->
        <test-method status="PASS" signature="BeforeMethod(java.lang.reflect.Method)[pri:0, instance:Login.Login_Test@27c20538]" name="BeforeMethod" is-config="true" duration-ms="43" started-at="2022-03-19T23:07:29 IST" finished-at="2022-03-19T23:07:29 IST">
          <params>
            <param index="0">
              <value>
                <![CDATA[public void Login.Login_Test.LogintoApp() throws java.lang.InterruptedException]]>
              </value>
            </param>
          </params>
          <reporter-output>
          </reporter-output>
        </test-method> <!-- BeforeMethod -->
        <test-method status="PASS" signature="LogintoApp()[pri:2, instance:Login.Login_Test@27c20538]" name="LogintoApp" duration-ms="6428" started-at="2022-03-19T23:07:29 IST" description="Verify Login to application with valid details" finished-at="2022-03-19T23:07:35 IST">
          <reporter-output>
            <line>
              <![CDATA[User ented the email id details succefully]]>
            </line>
            <line>
              <![CDATA[User clicks Login button succefully]]>
            </line>
            <line>
              <![CDATA[User entered the passowrd succefully]]>
            </line>
            <line>
              <![CDATA[User clicks the next button]]>
            </line>
          </reporter-output>
        </test-method> <!-- LogintoApp -->
        <test-method status="PASS" signature="BeforeMethod(java.lang.reflect.Method)[pri:0, instance:Login.Login_Test@27c20538]" name="BeforeMethod" is-config="true" duration-ms="46" started-at="2022-03-19T23:07:35 IST" finished-at="2022-03-19T23:07:35 IST">
          <params>
            <param index="0">
              <value>
                <![CDATA[public void Login.Login_Test.Loginsuccesful()]]>
              </value>
            </param>
          </params>
          <reporter-output>
          </reporter-output>
        </test-method> <!-- BeforeMethod -->
        <test-method status="PASS" signature="Loginsuccesful()[pri:3, instance:Login.Login_Test@27c20538]" name="Loginsuccesful" duration-ms="7" started-at="2022-03-19T23:07:35 IST" finished-at="2022-03-19T23:07:35 IST">
          <reporter-output>
            <line>
              <![CDATA[User able to login succefully]]>
            </line>
          </reporter-output>
        </test-method> <!-- Loginsuccesful -->
        <test-method status="PASS" signature="QuitWindows()[pri:0, instance:Login.Login_Test@27c20538]" name="QuitWindows" is-config="true" duration-ms="728" started-at="2022-03-19T23:07:35 IST" finished-at="2022-03-19T23:07:36 IST">
          <reporter-output>
          </reporter-output>
        </test-method> <!-- QuitWindows -->
        <test-method status="PASS" signature="AfterTestMethod()[pri:0, instance:Login.Login_Test@27c20538]" name="AfterTestMethod" is-config="true" duration-ms="22" started-at="2022-03-19T23:12:32 IST" depends-on-methods="Onboardingnewclient.SingupNewUser.quitwindows, Onboardingnewclient.OnBoardingArtemis.closewindows" finished-at="2022-03-19T23:12:32 IST">
          <reporter-output>
          </reporter-output>
        </test-method> <!-- AfterTestMethod -->
      </class> <!-- Login.Login_Test -->
      <class name="Onboardingnewclient.SingupNewUser">
        <test-method status="PASS" signature="LaunchURL()[pri:0, instance:Onboardingnewclient.SingupNewUser@56ac3a89]" name="LaunchURL" is-config="true" duration-ms="3567" started-at="2022-03-19T23:07:23 IST" depends-on-methods="Login.BaseTest.BeforeTestMethod" finished-at="2022-03-19T23:07:26 IST">
          <reporter-output>
          </reporter-output>
        </test-method> <!-- LaunchURL -->
        <test-method status="PASS" signature="LaunchArtemisURL()[pri:0, instance:Onboardingnewclient.SingupNewUser@56ac3a89]" name="LaunchArtemisURL" is-config="true" duration-ms="1999" started-at="2022-03-19T23:12:14 IST" finished-at="2022-03-19T23:12:16 IST">
          <reporter-output>
          </reporter-output>
        </test-method> <!-- LaunchArtemisURL -->
        <test-method status="PASS" signature="BeforeMethod(java.lang.reflect.Method)[pri:0, instance:Onboardingnewclient.SingupNewUser@56ac3a89]" name="BeforeMethod" is-config="true" duration-ms="30" started-at="2022-03-19T23:12:16 IST" finished-at="2022-03-19T23:12:16 IST">
          <params>
            <param index="0">
              <value>
                <![CDATA[public void Onboardingnewclient.SingupNewUser.VerifySignupLinkisavailable()]]>
              </value>
            </param>
          </params>
          <reporter-output>
          </reporter-output>
        </test-method> <!-- BeforeMethod -->
        <test-method status="PASS" signature="VerifySignupLinkisavailable()[pri:1, instance:Onboardingnewclient.SingupNewUser@56ac3a89]" name="VerifySignupLinkisavailable" duration-ms="54" started-at="2022-03-19T23:12:16 IST" description="Verify user able to see signup link" finished-at="2022-03-19T23:12:16 IST">
          <reporter-output>
          </reporter-output>
        </test-method> <!-- VerifySignupLinkisavailable -->
        <test-method status="PASS" signature="BeforeMethod(java.lang.reflect.Method)[pri:0, instance:Onboardingnewclient.SingupNewUser@56ac3a89]" name="BeforeMethod" is-config="true" duration-ms="24" started-at="2022-03-19T23:12:16 IST" finished-at="2022-03-19T23:12:16 IST">
          <params>
            <param index="0">
              <value>
                <![CDATA[public void Onboardingnewclient.SingupNewUser.clickSignuplink()]]>
              </value>
            </param>
          </params>
          <reporter-output>
          </reporter-output>
        </test-method> <!-- BeforeMethod -->
        <test-method status="PASS" signature="clickSignuplink()[pri:2, instance:Onboardingnewclient.SingupNewUser@56ac3a89]" name="clickSignuplink" duration-ms="101" started-at="2022-03-19T23:12:16 IST" description="Verify User clicks the signuplink" finished-at="2022-03-19T23:12:17 IST">
          <reporter-output>
          </reporter-output>
        </test-method> <!-- clickSignuplink -->
        <test-method status="PASS" signature="BeforeMethod(java.lang.reflect.Method)[pri:0, instance:Onboardingnewclient.SingupNewUser@56ac3a89]" name="BeforeMethod" is-config="true" duration-ms="32" started-at="2022-03-19T23:12:17 IST" finished-at="2022-03-19T23:12:17 IST">
          <params>
            <param index="0">
              <value>
                <![CDATA[public void Onboardingnewclient.SingupNewUser.verifyTitleofsignup()]]>
              </value>
            </param>
          </params>
          <reporter-output>
          </reporter-output>
        </test-method> <!-- BeforeMethod -->
        <test-method status="PASS" signature="verifyTitleofsignup()[pri:3, instance:Onboardingnewclient.SingupNewUser@56ac3a89]" name="verifyTitleofsignup" duration-ms="33" started-at="2022-03-19T23:12:17 IST" description="user navigated to Signup screen" finished-at="2022-03-19T23:12:17 IST">
          <reporter-output>
          </reporter-output>
        </test-method> <!-- verifyTitleofsignup -->
        <test-method status="PASS" signature="QuitWindows()[pri:0, instance:Onboardingnewclient.SingupNewUser@56ac3a89]" name="QuitWindows" is-config="true" duration-ms="708" started-at="2022-03-19T23:12:17 IST" finished-at="2022-03-19T23:12:17 IST">
          <reporter-output>
          </reporter-output>
        </test-method> <!-- QuitWindows -->
        <test-method status="PASS" signature="quitwindows()[pri:0, instance:Onboardingnewclient.SingupNewUser@56ac3a89]" name="quitwindows" is-config="true" duration-ms="786" started-at="2022-03-19T23:12:32 IST" depends-on-methods="Onboardingnewclient.OnBoardingArtemis.closewindows" finished-at="2022-03-19T23:12:32 IST">
          <reporter-output>
          </reporter-output>
        </test-method> <!-- quitwindows -->
      </class> <!-- Onboardingnewclient.SingupNewUser -->
      <class name="Onboardingnewclient.SettingsPage">
        <test-method status="PASS" signature="LaunchArtemisURL()[pri:0, instance:Onboardingnewclient.SettingsPage@13805618]" name="LaunchArtemisURL" is-config="true" duration-ms="2111" started-at="2022-03-19T23:11:59 IST" finished-at="2022-03-19T23:12:01 IST">
          <reporter-output>
          </reporter-output>
        </test-method> <!-- LaunchArtemisURL -->
        <test-method status="PASS" signature="BeforeMethod(java.lang.reflect.Method)[pri:0, instance:Onboardingnewclient.SettingsPage@13805618]" name="BeforeMethod" is-config="true" duration-ms="25" started-at="2022-03-19T23:12:01 IST" finished-at="2022-03-19T23:12:01 IST">
          <params>
            <param index="0">
              <value>
                <![CDATA[public void Onboardingnewclient.SettingsPage.NavigatetoSettingsPage() throws java.lang.InterruptedException]]>
              </value>
            </param>
          </params>
          <reporter-output>
          </reporter-output>
        </test-method> <!-- BeforeMethod -->
        <test-method status="PASS" signature="NavigatetoSettingsPage()[pri:1, instance:Onboardingnewclient.SettingsPage@13805618]" name="NavigatetoSettingsPage" duration-ms="12307" started-at="2022-03-19T23:12:01 IST" finished-at="2022-03-19T23:12:13 IST">
          <reporter-output>
            <line>
              <![CDATA[User ented the email id details succefully]]>
            </line>
            <line>
              <![CDATA[User clicks Login button succefully]]>
            </line>
            <line>
              <![CDATA[User entered the passowrd succefully]]>
            </line>
            <line>
              <![CDATA[User clicks the next button]]>
            </line>
          </reporter-output>
        </test-method> <!-- NavigatetoSettingsPage -->
        <test-method status="PASS" signature="BeforeMethod(java.lang.reflect.Method)[pri:0, instance:Onboardingnewclient.SettingsPage@13805618]" name="BeforeMethod" is-config="true" duration-ms="27" started-at="2022-03-19T23:12:13 IST" finished-at="2022-03-19T23:12:13 IST">
          <params>
            <param index="0">
              <value>
                <![CDATA[public void Onboardingnewclient.SettingsPage.click_SettingsTab()]]>
              </value>
            </param>
          </params>
          <reporter-output>
          </reporter-output>
        </test-method> <!-- BeforeMethod -->
        <test-method status="PASS" signature="click_SettingsTab()[pri:2, instance:Onboardingnewclient.SettingsPage@13805618]" name="click_SettingsTab" duration-ms="163" started-at="2022-03-19T23:12:13 IST" finished-at="2022-03-19T23:12:13 IST">
          <reporter-output>
          </reporter-output>
        </test-method> <!-- click_SettingsTab -->
        <test-method status="PASS" signature="BeforeMethod(java.lang.reflect.Method)[pri:0, instance:Onboardingnewclient.SettingsPage@13805618]" name="BeforeMethod" is-config="true" duration-ms="29" started-at="2022-03-19T23:12:13 IST" finished-at="2022-03-19T23:12:13 IST">
          <params>
            <param index="0">
              <value>
                <![CDATA[public void Onboardingnewclient.SettingsPage.AccountsTab_exists()]]>
              </value>
            </param>
          </params>
          <reporter-output>
          </reporter-output>
        </test-method> <!-- BeforeMethod -->
        <test-method status="PASS" signature="AccountsTab_exists()[pri:3, instance:Onboardingnewclient.SettingsPage@13805618]" name="AccountsTab_exists" duration-ms="123" started-at="2022-03-19T23:12:13 IST" finished-at="2022-03-19T23:12:14 IST">
          <reporter-output>
          </reporter-output>
        </test-method> <!-- AccountsTab_exists -->
        <test-method status="PASS" signature="QuitWindows()[pri:0, instance:Onboardingnewclient.SettingsPage@13805618]" name="QuitWindows" is-config="true" duration-ms="784" started-at="2022-03-19T23:12:14 IST" finished-at="2022-03-19T23:12:14 IST">
          <reporter-output>
          </reporter-output>
        </test-method> <!-- QuitWindows -->
      </class> <!-- Onboardingnewclient.SettingsPage -->
    </test> <!-- Regression suite 1 -->
  </suite> <!-- example suite 1 -->
</testng-results>
