<?xml version="1.0" encoding="UTF-8"?>
<testng-results skipped="0" failed="16" ignored="20" total="118" passed="82">
  <reporter-output>
    <line>
      <![CDATA[Fetch the title of the page]]>
    </line>
    <line>
      <![CDATA[Verify the title of the page is Artemis Accounts Portal]]>
    </line>
    <line>
      <![CDATA[User ented the email id details succefully]]>
    </line>
    <line>
      <![CDATA[User clicks Login button succefully]]>
    </line>
    <line>
      <![CDATA[User entered the passowrd succefully]]>
    </line>
    <line>
      <![CDATA[User clicks the next button]]>
    </line>
    <line>
      <![CDATA[User able to login succefully]]>
    </line>
    <line>
      <![CDATA[User ented the email id details succefully]]>
    </line>
    <line>
      <![CDATA[User clicks Login button succefully]]>
    </line>
    <line>
      <![CDATA[User entered the passowrd succefully]]>
    </line>
    <line>
      <![CDATA[User clicks the next button]]>
    </line>
    <line>
      <![CDATA[User ented the email id details succefully]]>
    </line>
    <line>
      <![CDATA[User clicks Login button succefully]]>
    </line>
    <line>
      <![CDATA[User entered the passowrd succefully]]>
    </line>
    <line>
      <![CDATA[User clicks the next button]]>
    </line>
    <line>
      <![CDATA[User ented the email id details succefully]]>
    </line>
    <line>
      <![CDATA[User clicks Login button succefully]]>
    </line>
    <line>
      <![CDATA[User entered the passowrd succefully]]>
    </line>
    <line>
      <![CDATA[User clicks the next button]]>
    </line>
    <line>
      <![CDATA[User ented the email id details succefully]]>
    </line>
    <line>
      <![CDATA[User clicks Login button succefully]]>
    </line>
    <line>
      <![CDATA[User entered the passowrd succefully]]>
    </line>
    <line>
      <![CDATA[User clicks the next button]]>
    </line>
    <line>
      <![CDATA[User ented the email id details succefully]]>
    </line>
    <line>
      <![CDATA[User clicks Login button succefully]]>
    </line>
    <line>
      <![CDATA[User entered the passowrd succefully]]>
    </line>
    <line>
      <![CDATA[User clicks the next button]]>
    </line>
  </reporter-output>
  <suite name="example suite 1" duration-ms="853591" started-at="2022-04-07T12:47:26 IST" finished-at="2022-04-07T13:01:40 IST">
    <groups>
    </groups>
    <test name="Regression suite 1" duration-ms="853591" started-at="2022-04-07T12:47:26 IST" finished-at="2022-04-07T13:01:40 IST">
      <class name="Projects.editproject">
        <test-method status="PASS" signature="LaunchArtemisURL()[pri:0, instance:Projects.editproject@13805618]" name="LaunchArtemisURL" is-config="true" duration-ms="2705" started-at="2022-04-07T12:50:29 IST" finished-at="2022-04-07T12:50:32 IST">
          <reporter-output>
          </reporter-output>
        </test-method> <!-- LaunchArtemisURL -->
        <test-method status="PASS" signature="BeforeMethod(java.lang.reflect.Method)[pri:0, instance:Projects.editproject@13805618]" name="BeforeMethod" is-config="true" duration-ms="22" started-at="2022-04-07T12:50:32 IST" finished-at="2022-04-07T12:50:32 IST">
          <params>
            <param index="0">
              <value>
                <![CDATA[public void Projects.editproject.NavigatetoProjectBoard() throws java.lang.InterruptedException]]>
              </value>
            </param>
          </params>
          <reporter-output>
          </reporter-output>
        </test-method> <!-- BeforeMethod -->
        <test-method status="PASS" signature="NavigatetoProjectBoard()[pri:1, instance:Projects.editproject@13805618]" name="NavigatetoProjectBoard" duration-ms="15416" started-at="2022-04-07T12:50:32 IST" finished-at="2022-04-07T12:50:47 IST">
          <reporter-output>
            <line>
              <![CDATA[User ented the email id details succefully]]>
            </line>
            <line>
              <![CDATA[User clicks Login button succefully]]>
            </line>
            <line>
              <![CDATA[User entered the passowrd succefully]]>
            </line>
            <line>
              <![CDATA[User clicks the next button]]>
            </line>
          </reporter-output>
        </test-method> <!-- NavigatetoProjectBoard -->
        <test-method status="PASS" signature="BeforeMethod(java.lang.reflect.Method)[pri:0, instance:Projects.editproject@13805618]" name="BeforeMethod" is-config="true" duration-ms="17" started-at="2022-04-07T12:50:47 IST" finished-at="2022-04-07T12:50:48 IST">
          <params>
            <param index="0">
              <value>
                <![CDATA[public void Projects.editproject.fetchProjectaccess()]]>
              </value>
            </param>
          </params>
          <reporter-output>
          </reporter-output>
        </test-method> <!-- BeforeMethod -->
        <test-method status="PASS" signature="fetchProjectaccess()[pri:2, instance:Projects.editproject@13805618]" name="fetchProjectaccess" duration-ms="32" started-at="2022-04-07T12:50:48 IST" finished-at="2022-04-07T12:50:48 IST">
          <reporter-output>
          </reporter-output>
        </test-method> <!-- fetchProjectaccess -->
        <test-method status="PASS" signature="BeforeMethod(java.lang.reflect.Method)[pri:0, instance:Projects.editproject@13805618]" name="BeforeMethod" is-config="true" duration-ms="25" started-at="2022-04-07T12:50:48 IST" finished-at="2022-04-07T12:50:48 IST">
          <params>
            <param index="0">
              <value>
                <![CDATA[public void Projects.editproject.checkProjectState() throws java.lang.InterruptedException]]>
              </value>
            </param>
          </params>
          <reporter-output>
          </reporter-output>
        </test-method> <!-- BeforeMethod -->
        <test-method status="PASS" signature="checkProjectState()[pri:3, instance:Projects.editproject@13805618]" name="checkProjectState" duration-ms="5022" started-at="2022-04-07T12:50:48 IST" finished-at="2022-04-07T12:50:53 IST">
          <reporter-output>
          </reporter-output>
        </test-method> <!-- checkProjectState -->
        <test-method status="PASS" signature="BeforeMethod(java.lang.reflect.Method)[pri:0, instance:Projects.editproject@13805618]" name="BeforeMethod" is-config="true" duration-ms="16" started-at="2022-04-07T12:50:53 IST" finished-at="2022-04-07T12:50:53 IST">
          <params>
            <param index="0">
              <value>
                <![CDATA[public void Projects.editproject.clickProjectHamburgicon() throws java.lang.InterruptedException]]>
              </value>
            </param>
          </params>
          <reporter-output>
          </reporter-output>
        </test-method> <!-- BeforeMethod -->
        <test-method status="PASS" signature="clickProjectHamburgicon()[pri:4, instance:Projects.editproject@13805618]" name="clickProjectHamburgicon" duration-ms="8085" started-at="2022-04-07T12:50:53 IST" finished-at="2022-04-07T12:51:01 IST">
          <reporter-output>
          </reporter-output>
        </test-method> <!-- clickProjectHamburgicon -->
        <test-method status="PASS" signature="BeforeMethod(java.lang.reflect.Method)[pri:0, instance:Projects.editproject@13805618]" name="BeforeMethod" is-config="true" duration-ms="18" started-at="2022-04-07T12:51:01 IST" finished-at="2022-04-07T12:51:01 IST">
          <params>
            <param index="0">
              <value>
                <![CDATA[public void Projects.editproject.ClickEditProject() throws java.lang.InterruptedException]]>
              </value>
            </param>
          </params>
          <reporter-output>
          </reporter-output>
        </test-method> <!-- BeforeMethod -->
        <test-method status="PASS" signature="ClickEditProject()[pri:5, instance:Projects.editproject@13805618]" name="ClickEditProject" duration-ms="8172" started-at="2022-04-07T12:51:01 IST" finished-at="2022-04-07T12:51:09 IST">
          <reporter-output>
          </reporter-output>
        </test-method> <!-- ClickEditProject -->
        <test-method status="PASS" signature="BeforeMethod(java.lang.reflect.Method)[pri:0, instance:Projects.editproject@13805618]" name="BeforeMethod" is-config="true" duration-ms="33" started-at="2022-04-07T12:51:09 IST" finished-at="2022-04-07T12:51:09 IST">
          <params>
            <param index="0">
              <value>
                <![CDATA[public void Projects.editproject.VerifyTitleofeditproject() throws java.lang.InterruptedException]]>
              </value>
            </param>
          </params>
          <reporter-output>
          </reporter-output>
        </test-method> <!-- BeforeMethod -->
        <test-method status="PASS" signature="VerifyTitleofeditproject()[pri:6, instance:Projects.editproject@13805618]" name="VerifyTitleofeditproject" duration-ms="6045" started-at="2022-04-07T12:51:09 IST" finished-at="2022-04-07T12:51:15 IST">
          <reporter-output>
          </reporter-output>
        </test-method> <!-- VerifyTitleofeditproject -->
        <test-method status="PASS" signature="BeforeMethod(java.lang.reflect.Method)[pri:0, instance:Projects.editproject@13805618]" name="BeforeMethod" is-config="true" duration-ms="40" started-at="2022-04-07T12:51:15 IST" finished-at="2022-04-07T12:51:15 IST">
          <params>
            <param index="0">
              <value>
                <![CDATA[public void Projects.editproject.edittitleofproject() throws java.lang.InterruptedException]]>
              </value>
            </param>
          </params>
          <reporter-output>
          </reporter-output>
        </test-method> <!-- BeforeMethod -->
        <test-method status="PASS" signature="edittitleofproject()[pri:7, instance:Projects.editproject@13805618]" name="edittitleofproject" duration-ms="13218" started-at="2022-04-07T12:51:15 IST" finished-at="2022-04-07T12:51:28 IST">
          <reporter-output>
          </reporter-output>
        </test-method> <!-- edittitleofproject -->
        <test-method status="PASS" signature="BeforeMethod(java.lang.reflect.Method)[pri:0, instance:Projects.editproject@13805618]" name="BeforeMethod" is-config="true" duration-ms="32" started-at="2022-04-07T12:51:28 IST" finished-at="2022-04-07T12:51:28 IST">
          <params>
            <param index="0">
              <value>
                <![CDATA[public void Projects.editproject.clickCancelButton() throws java.lang.InterruptedException]]>
              </value>
            </param>
          </params>
          <reporter-output>
          </reporter-output>
        </test-method> <!-- BeforeMethod -->
        <test-method status="PASS" signature="clickCancelButton()[pri:8, instance:Projects.editproject@13805618]" name="clickCancelButton" duration-ms="8111" started-at="2022-04-07T12:51:28 IST" finished-at="2022-04-07T12:51:36 IST">
          <reporter-output>
          </reporter-output>
        </test-method> <!-- clickCancelButton -->
        <test-method status="PASS" signature="QuitWindows()[pri:0, instance:Projects.editproject@13805618]" name="QuitWindows" is-config="true" duration-ms="727" started-at="2022-04-07T12:51:36 IST" finished-at="2022-04-07T12:51:37 IST">
          <reporter-output>
          </reporter-output>
        </test-method> <!-- QuitWindows -->
      </class> <!-- Projects.editproject -->
      <class name="Onboardingnewclient.OnBoardingArtemis">
        <test-method status="PASS" signature="LaunchArtemisURL()[pri:0, instance:Onboardingnewclient.OnBoardingArtemis@56ef9176]" name="LaunchArtemisURL" is-config="true" duration-ms="3318" started-at="2022-04-07T12:51:37 IST" finished-at="2022-04-07T12:51:40 IST">
          <reporter-output>
          </reporter-output>
        </test-method> <!-- LaunchArtemisURL -->
        <test-method status="PASS" signature="BeforeMethod(java.lang.reflect.Method)[pri:0, instance:Onboardingnewclient.OnBoardingArtemis@56ef9176]" name="BeforeMethod" is-config="true" duration-ms="19" started-at="2022-04-07T12:51:40 IST" finished-at="2022-04-07T12:51:40 IST">
          <params>
            <param index="0">
              <value>
                <![CDATA[public void Onboardingnewclient.OnBoardingArtemis.LaunchURL() throws java.io.IOException]]>
              </value>
            </param>
          </params>
          <reporter-output>
          </reporter-output>
        </test-method> <!-- BeforeMethod -->
        <test-method status="PASS" signature="LaunchURL()[pri:1, instance:Onboardingnewclient.OnBoardingArtemis@56ef9176]" name="LaunchURL" duration-ms="2027" started-at="2022-04-07T12:51:40 IST" finished-at="2022-04-07T12:51:42 IST">
          <reporter-output>
          </reporter-output>
        </test-method> <!-- LaunchURL -->
        <test-method status="PASS" signature="BeforeMethod(java.lang.reflect.Method)[pri:0, instance:Onboardingnewclient.OnBoardingArtemis@56ef9176]" name="BeforeMethod" is-config="true" duration-ms="25" started-at="2022-04-07T12:51:42 IST" finished-at="2022-04-07T12:51:42 IST">
          <params>
            <param index="0">
              <value>
                <![CDATA[public void Onboardingnewclient.OnBoardingArtemis.LoginErrorMessage_Wrongemailformat() throws java.lang.InterruptedException,java.io.IOException]]>
              </value>
            </param>
          </params>
          <reporter-output>
          </reporter-output>
        </test-method> <!-- BeforeMethod -->
        <test-method status="PASS" signature="LoginErrorMessage_Wrongemailformat()[pri:2, instance:Onboardingnewclient.OnBoardingArtemis@56ef9176]" name="LoginErrorMessage_Wrongemailformat" duration-ms="4768" started-at="2022-04-07T12:51:42 IST" finished-at="2022-04-07T12:51:47 IST">
          <reporter-output>
          </reporter-output>
        </test-method> <!-- LoginErrorMessage_Wrongemailformat -->
        <test-method status="PASS" signature="BeforeMethod(java.lang.reflect.Method)[pri:0, instance:Onboardingnewclient.OnBoardingArtemis@56ef9176]" name="BeforeMethod" is-config="true" duration-ms="23" started-at="2022-04-07T12:51:47 IST" finished-at="2022-04-07T12:51:47 IST">
          <params>
            <param index="0">
              <value>
                <![CDATA[public void Onboardingnewclient.OnBoardingArtemis.LoginAction() throws java.lang.InterruptedException]]>
              </value>
            </param>
          </params>
          <reporter-output>
          </reporter-output>
        </test-method> <!-- BeforeMethod -->
        <test-method status="PASS" signature="LoginAction()[pri:3, instance:Onboardingnewclient.OnBoardingArtemis@56ef9176]" name="LoginAction" duration-ms="4415" started-at="2022-04-07T12:51:47 IST" finished-at="2022-04-07T12:51:52 IST">
          <reporter-output>
          </reporter-output>
        </test-method> <!-- LoginAction -->
        <test-method status="PASS" signature="BeforeMethod(java.lang.reflect.Method)[pri:0, instance:Onboardingnewclient.OnBoardingArtemis@56ef9176]" name="BeforeMethod" is-config="true" duration-ms="22" started-at="2022-04-07T12:51:52 IST" finished-at="2022-04-07T12:51:52 IST">
          <params>
            <param index="0">
              <value>
                <![CDATA[public void Onboardingnewclient.OnBoardingArtemis.HomePageTitle()]]>
              </value>
            </param>
          </params>
          <reporter-output>
          </reporter-output>
        </test-method> <!-- BeforeMethod -->
        <test-method status="PASS" signature="HomePageTitle()[pri:4, instance:Onboardingnewclient.OnBoardingArtemis@56ef9176]" name="HomePageTitle" duration-ms="8" started-at="2022-04-07T12:51:52 IST" finished-at="2022-04-07T12:51:52 IST">
          <reporter-output>
          </reporter-output>
        </test-method> <!-- HomePageTitle -->
        <test-method status="PASS" signature="BeforeMethod(java.lang.reflect.Method)[pri:0, instance:Onboardingnewclient.OnBoardingArtemis@56ef9176]" name="BeforeMethod" is-config="true" duration-ms="16" started-at="2022-04-07T12:51:52 IST" finished-at="2022-04-07T12:51:52 IST">
          <params>
            <param index="0">
              <value>
                <![CDATA[public void Onboardingnewclient.OnBoardingArtemis.UserNameDisplay()]]>
              </value>
            </param>
          </params>
          <reporter-output>
          </reporter-output>
        </test-method> <!-- BeforeMethod -->
        <test-method status="PASS" signature="UserNameDisplay()[pri:5, instance:Onboardingnewclient.OnBoardingArtemis@56ef9176]" name="UserNameDisplay" duration-ms="8125" started-at="2022-04-07T12:51:52 IST" finished-at="2022-04-07T12:52:00 IST">
          <reporter-output>
          </reporter-output>
        </test-method> <!-- UserNameDisplay -->
        <test-method status="PASS" signature="BeforeMethod(java.lang.reflect.Method)[pri:0, instance:Onboardingnewclient.OnBoardingArtemis@56ef9176]" name="BeforeMethod" is-config="true" duration-ms="22" started-at="2022-04-07T12:52:00 IST" finished-at="2022-04-07T12:52:00 IST">
          <params>
            <param index="0">
              <value>
                <![CDATA[public void Onboardingnewclient.OnBoardingArtemis.isCreateNewButtonPresent()]]>
              </value>
            </param>
          </params>
          <reporter-output>
          </reporter-output>
        </test-method> <!-- BeforeMethod -->
        <test-method status="PASS" signature="isCreateNewButtonPresent()[pri:6, instance:Onboardingnewclient.OnBoardingArtemis@56ef9176]" name="isCreateNewButtonPresent" duration-ms="226" started-at="2022-04-07T12:52:00 IST" finished-at="2022-04-07T12:52:00 IST">
          <reporter-output>
          </reporter-output>
        </test-method> <!-- isCreateNewButtonPresent -->
        <test-method status="PASS" signature="BeforeMethod(java.lang.reflect.Method)[pri:0, instance:Onboardingnewclient.OnBoardingArtemis@56ef9176]" name="BeforeMethod" is-config="true" duration-ms="24" started-at="2022-04-07T12:52:00 IST" finished-at="2022-04-07T12:52:00 IST">
          <params>
            <param index="0">
              <value>
                <![CDATA[public void Onboardingnewclient.OnBoardingArtemis.isCreateNewButtonEnabled()]]>
              </value>
            </param>
          </params>
          <reporter-output>
          </reporter-output>
        </test-method> <!-- BeforeMethod -->
        <test-method status="PASS" signature="isCreateNewButtonEnabled()[pri:7, instance:Onboardingnewclient.OnBoardingArtemis@56ef9176]" name="isCreateNewButtonEnabled" duration-ms="31" started-at="2022-04-07T12:52:00 IST" finished-at="2022-04-07T12:52:00 IST">
          <reporter-output>
          </reporter-output>
        </test-method> <!-- isCreateNewButtonEnabled -->
        <test-method status="PASS" signature="BeforeMethod(java.lang.reflect.Method)[pri:0, instance:Onboardingnewclient.OnBoardingArtemis@56ef9176]" name="BeforeMethod" is-config="true" duration-ms="21" started-at="2022-04-07T12:52:00 IST" finished-at="2022-04-07T12:52:00 IST">
          <params>
            <param index="0">
              <value>
                <![CDATA[public void Onboardingnewclient.OnBoardingArtemis.ClickCreatenewproject()]]>
              </value>
            </param>
          </params>
          <reporter-output>
          </reporter-output>
        </test-method> <!-- BeforeMethod -->
        <test-method status="PASS" signature="ClickCreatenewproject()[pri:8, instance:Onboardingnewclient.OnBoardingArtemis@56ef9176]" name="ClickCreatenewproject" duration-ms="336" started-at="2022-04-07T12:52:00 IST" finished-at="2022-04-07T12:52:01 IST">
          <reporter-output>
          </reporter-output>
        </test-method> <!-- ClickCreatenewproject -->
        <test-method status="PASS" signature="BeforeMethod(java.lang.reflect.Method)[pri:0, instance:Onboardingnewclient.OnBoardingArtemis@56ef9176]" name="BeforeMethod" is-config="true" duration-ms="28" started-at="2022-04-07T12:52:01 IST" finished-at="2022-04-07T12:52:01 IST">
          <params>
            <param index="0">
              <value>
                <![CDATA[public void Onboardingnewclient.OnBoardingArtemis.ClickCancelProjectDialog() throws java.lang.InterruptedException]]>
              </value>
            </param>
          </params>
          <reporter-output>
          </reporter-output>
        </test-method> <!-- BeforeMethod -->
        <test-method status="PASS" signature="ClickCancelProjectDialog()[pri:9, instance:Onboardingnewclient.OnBoardingArtemis@56ef9176]" name="ClickCancelProjectDialog" duration-ms="5342" started-at="2022-04-07T12:52:01 IST" finished-at="2022-04-07T12:52:06 IST">
          <reporter-output>
          </reporter-output>
        </test-method> <!-- ClickCancelProjectDialog -->
        <test-method status="PASS" signature="BeforeMethod(java.lang.reflect.Method)[pri:0, instance:Onboardingnewclient.OnBoardingArtemis@56ef9176]" name="BeforeMethod" is-config="true" duration-ms="29" started-at="2022-04-07T12:52:06 IST" finished-at="2022-04-07T12:52:06 IST">
          <params>
            <param index="0">
              <value>
                <![CDATA[public void Onboardingnewclient.OnBoardingArtemis.LogoutAction() throws java.lang.InterruptedException]]>
              </value>
            </param>
          </params>
          <reporter-output>
          </reporter-output>
        </test-method> <!-- BeforeMethod -->
        <test-method status="PASS" signature="LogoutAction()[pri:10, instance:Onboardingnewclient.OnBoardingArtemis@56ef9176]" name="LogoutAction" duration-ms="4298" started-at="2022-04-07T12:52:06 IST" finished-at="2022-04-07T12:52:10 IST">
          <reporter-output>
          </reporter-output>
        </test-method> <!-- LogoutAction -->
        <test-method status="PASS" signature="BeforeMethod(java.lang.reflect.Method)[pri:0, instance:Onboardingnewclient.OnBoardingArtemis@56ef9176]" name="BeforeMethod" is-config="true" duration-ms="16" started-at="2022-04-07T12:52:10 IST" finished-at="2022-04-07T12:52:10 IST">
          <params>
            <param index="0">
              <value>
                <![CDATA[public void Onboardingnewclient.OnBoardingArtemis.Setting_is_Present()]]>
              </value>
            </param>
          </params>
          <reporter-output>
          </reporter-output>
        </test-method> <!-- BeforeMethod -->
        <test-method status="PASS" signature="Setting_is_Present()[pri:11, instance:Onboardingnewclient.OnBoardingArtemis@56ef9176]" name="Setting_is_Present" duration-ms="55" started-at="2022-04-07T12:52:10 IST" finished-at="2022-04-07T12:52:10 IST">
          <reporter-output>
          </reporter-output>
        </test-method> <!-- Setting_is_Present -->
        <test-method status="PASS" signature="BeforeMethod(java.lang.reflect.Method)[pri:0, instance:Onboardingnewclient.OnBoardingArtemis@56ef9176]" name="BeforeMethod" is-config="true" duration-ms="16" started-at="2022-04-07T12:52:10 IST" finished-at="2022-04-07T12:52:10 IST">
          <params>
            <param index="0">
              <value>
                <![CDATA[public void Onboardingnewclient.OnBoardingArtemis.Settings_is_Clickable()]]>
              </value>
            </param>
          </params>
          <reporter-output>
          </reporter-output>
        </test-method> <!-- BeforeMethod -->
        <test-method status="PASS" signature="Settings_is_Clickable()[pri:12, instance:Onboardingnewclient.OnBoardingArtemis@56ef9176]" name="Settings_is_Clickable" duration-ms="24" started-at="2022-04-07T12:52:10 IST" finished-at="2022-04-07T12:52:10 IST">
          <reporter-output>
          </reporter-output>
        </test-method> <!-- Settings_is_Clickable -->
        <test-method status="PASS" signature="BeforeMethod(java.lang.reflect.Method)[pri:0, instance:Onboardingnewclient.OnBoardingArtemis@56ef9176]" name="BeforeMethod" is-config="true" duration-ms="16" started-at="2022-04-07T12:52:10 IST" finished-at="2022-04-07T12:52:10 IST">
          <params>
            <param index="0">
              <value>
                <![CDATA[public void Onboardingnewclient.OnBoardingArtemis.Settings_Navigations_Popup() throws java.lang.InterruptedException]]>
              </value>
            </param>
          </params>
          <reporter-output>
          </reporter-output>
        </test-method> <!-- BeforeMethod -->
        <test-method status="PASS" signature="Settings_Navigations_Popup()[pri:13, instance:Onboardingnewclient.OnBoardingArtemis@56ef9176]" name="Settings_Navigations_Popup" duration-ms="4123" started-at="2022-04-07T12:52:10 IST" finished-at="2022-04-07T12:52:14 IST">
          <reporter-output>
          </reporter-output>
        </test-method> <!-- Settings_Navigations_Popup -->
        <test-method status="PASS" signature="BeforeMethod(java.lang.reflect.Method)[pri:0, instance:Onboardingnewclient.OnBoardingArtemis@56ef9176]" name="BeforeMethod" is-config="true" duration-ms="17" started-at="2022-04-07T12:52:14 IST" finished-at="2022-04-07T12:52:14 IST">
          <params>
            <param index="0">
              <value>
                <![CDATA[public void Onboardingnewclient.OnBoardingArtemis.Logout_Click()]]>
              </value>
            </param>
          </params>
          <reporter-output>
          </reporter-output>
        </test-method> <!-- BeforeMethod -->
        <test-method status="PASS" signature="Logout_Click()[pri:14, instance:Onboardingnewclient.OnBoardingArtemis@56ef9176]" name="Logout_Click" duration-ms="92" started-at="2022-04-07T12:52:14 IST" finished-at="2022-04-07T12:52:15 IST">
          <reporter-output>
          </reporter-output>
        </test-method> <!-- Logout_Click -->
        <test-method status="PASS" signature="BeforeMethod(java.lang.reflect.Method)[pri:0, instance:Onboardingnewclient.OnBoardingArtemis@56ef9176]" name="BeforeMethod" is-config="true" duration-ms="18" started-at="2022-04-07T12:52:15 IST" finished-at="2022-04-07T12:52:15 IST">
          <params>
            <param index="0">
              <value>
                <![CDATA[public void Onboardingnewclient.OnBoardingArtemis.Logout_Confirmation()]]>
              </value>
            </param>
          </params>
          <reporter-output>
          </reporter-output>
        </test-method> <!-- BeforeMethod -->
        <test-method status="PASS" signature="Logout_Confirmation()[pri:15, instance:Onboardingnewclient.OnBoardingArtemis@56ef9176]" name="Logout_Confirmation" duration-ms="31" started-at="2022-04-07T12:52:15 IST" finished-at="2022-04-07T12:52:15 IST">
          <reporter-output>
          </reporter-output>
        </test-method> <!-- Logout_Confirmation -->
        <test-method status="PASS" signature="BeforeMethod(java.lang.reflect.Method)[pri:0, instance:Onboardingnewclient.OnBoardingArtemis@56ef9176]" name="BeforeMethod" is-config="true" duration-ms="18" started-at="2022-04-07T12:52:15 IST" finished-at="2022-04-07T12:52:15 IST">
          <params>
            <param index="0">
              <value>
                <![CDATA[public void Onboardingnewclient.OnBoardingArtemis.Logout_click()]]>
              </value>
            </param>
          </params>
          <reporter-output>
          </reporter-output>
        </test-method> <!-- BeforeMethod -->
        <test-method status="PASS" signature="Logout_click()[pri:16, instance:Onboardingnewclient.OnBoardingArtemis@56ef9176]" name="Logout_click" duration-ms="104" started-at="2022-04-07T12:52:15 IST" finished-at="2022-04-07T12:52:15 IST">
          <reporter-output>
          </reporter-output>
        </test-method> <!-- Logout_click -->
        <test-method status="PASS" signature="QuitWindows()[pri:0, instance:Onboardingnewclient.OnBoardingArtemis@56ef9176]" name="QuitWindows" is-config="true" duration-ms="694" started-at="2022-04-07T12:52:15 IST" finished-at="2022-04-07T12:52:15 IST">
          <reporter-output>
          </reporter-output>
        </test-method> <!-- QuitWindows -->
        <test-method status="PASS" signature="closewindows()[pri:0, instance:Onboardingnewclient.OnBoardingArtemis@56ef9176]" name="closewindows" is-config="true" duration-ms="789" started-at="2022-04-07T13:01:38 IST" finished-at="2022-04-07T13:01:39 IST">
          <reporter-output>
          </reporter-output>
        </test-method> <!-- closewindows -->
      </class> <!-- Onboardingnewclient.OnBoardingArtemis -->
      <class name="Projects.ProjectProperties">
        <test-method status="PASS" signature="LaunchArtemisURL()[pri:0, instance:Projects.ProjectProperties@5cb9f472]" name="LaunchArtemisURL" is-config="true" duration-ms="8503" started-at="2022-04-07T12:48:24 IST" finished-at="2022-04-07T12:48:32 IST">
          <reporter-output>
          </reporter-output>
        </test-method> <!-- LaunchArtemisURL -->
        <test-method status="PASS" signature="BeforeMethod(java.lang.reflect.Method)[pri:0, instance:Projects.ProjectProperties@5cb9f472]" name="BeforeMethod" is-config="true" duration-ms="42" started-at="2022-04-07T12:48:32 IST" finished-at="2022-04-07T12:48:32 IST">
          <params>
            <param index="0">
              <value>
                <![CDATA[public void Projects.ProjectProperties.fetchprojecttitle() throws java.lang.InterruptedException]]>
              </value>
            </param>
          </params>
          <reporter-output>
          </reporter-output>
        </test-method> <!-- BeforeMethod -->
        <test-method status="PASS" signature="fetchprojecttitle()[pri:1, instance:Projects.ProjectProperties@5cb9f472]" name="fetchprojecttitle" duration-ms="18379" started-at="2022-04-07T12:48:32 IST" finished-at="2022-04-07T12:48:51 IST">
          <reporter-output>
            <line>
              <![CDATA[User ented the email id details succefully]]>
            </line>
            <line>
              <![CDATA[User clicks Login button succefully]]>
            </line>
            <line>
              <![CDATA[User entered the passowrd succefully]]>
            </line>
            <line>
              <![CDATA[User clicks the next button]]>
            </line>
          </reporter-output>
        </test-method> <!-- fetchprojecttitle -->
        <test-method status="PASS" signature="BeforeMethod(java.lang.reflect.Method)[pri:0, instance:Projects.ProjectProperties@5cb9f472]" name="BeforeMethod" is-config="true" duration-ms="26" started-at="2022-04-07T12:48:51 IST" finished-at="2022-04-07T12:48:51 IST">
          <params>
            <param index="0">
              <value>
                <![CDATA[public void Projects.ProjectProperties.ClickProject()]]>
              </value>
            </param>
          </params>
          <reporter-output>
          </reporter-output>
        </test-method> <!-- BeforeMethod -->
        <test-method status="PASS" signature="ClickProject()[pri:3, instance:Projects.ProjectProperties@5cb9f472]" name="ClickProject" duration-ms="99" started-at="2022-04-07T12:48:51 IST" finished-at="2022-04-07T12:48:51 IST">
          <reporter-output>
          </reporter-output>
        </test-method> <!-- ClickProject -->
        <test-method status="PASS" signature="BeforeMethod(java.lang.reflect.Method)[pri:0, instance:Projects.ProjectProperties@5cb9f472]" name="BeforeMethod" is-config="true" duration-ms="28" started-at="2022-04-07T12:48:51 IST" finished-at="2022-04-07T12:48:51 IST">
          <params>
            <param index="0">
              <value>
                <![CDATA[public void Projects.ProjectProperties.getProjectClassification()]]>
              </value>
            </param>
          </params>
          <reporter-output>
          </reporter-output>
        </test-method> <!-- BeforeMethod -->
        <test-method status="PASS" signature="getProjectClassification()[pri:4, instance:Projects.ProjectProperties@5cb9f472]" name="getProjectClassification" duration-ms="388" started-at="2022-04-07T12:48:51 IST" finished-at="2022-04-07T12:48:51 IST">
          <reporter-output>
          </reporter-output>
        </test-method> <!-- getProjectClassification -->
        <test-method status="PASS" signature="BeforeMethod(java.lang.reflect.Method)[pri:0, instance:Projects.ProjectProperties@5cb9f472]" name="BeforeMethod" is-config="true" duration-ms="21" started-at="2022-04-07T12:48:51 IST" finished-at="2022-04-07T12:48:51 IST">
          <params>
            <param index="0">
              <value>
                <![CDATA[public void Projects.ProjectProperties.getProjectDetailsContent() throws java.lang.InterruptedException]]>
              </value>
            </param>
          </params>
          <reporter-output>
          </reporter-output>
        </test-method> <!-- BeforeMethod -->
        <test-method status="PASS" signature="getProjectDetailsContent()[pri:5, instance:Projects.ProjectProperties@5cb9f472]" name="getProjectDetailsContent" duration-ms="5110" started-at="2022-04-07T12:48:51 IST" finished-at="2022-04-07T12:48:56 IST">
          <reporter-output>
          </reporter-output>
        </test-method> <!-- getProjectDetailsContent -->
        <test-method status="PASS" signature="BeforeMethod(java.lang.reflect.Method)[pri:0, instance:Projects.ProjectProperties@5cb9f472]" name="BeforeMethod" is-config="true" duration-ms="19" started-at="2022-04-07T12:48:56 IST" finished-at="2022-04-07T12:48:56 IST">
          <params>
            <param index="0">
              <value>
                <![CDATA[public void Projects.ProjectProperties.closeProjectDetailsContent()]]>
              </value>
            </param>
          </params>
          <reporter-output>
          </reporter-output>
        </test-method> <!-- BeforeMethod -->
        <test-method status="PASS" signature="closeProjectDetailsContent()[pri:6, instance:Projects.ProjectProperties@5cb9f472]" name="closeProjectDetailsContent" duration-ms="60" started-at="2022-04-07T12:48:56 IST" finished-at="2022-04-07T12:48:57 IST">
          <reporter-output>
          </reporter-output>
        </test-method> <!-- closeProjectDetailsContent -->
        <test-method status="PASS" signature="BeforeMethod(java.lang.reflect.Method)[pri:0, instance:Projects.ProjectProperties@5cb9f472]" name="BeforeMethod" is-config="true" duration-ms="29" started-at="2022-04-07T12:48:57 IST" finished-at="2022-04-07T12:48:57 IST">
          <params>
            <param index="0">
              <value>
                <![CDATA[public void Projects.ProjectProperties.ClickStrategyTab()]]>
              </value>
            </param>
          </params>
          <reporter-output>
          </reporter-output>
        </test-method> <!-- BeforeMethod -->
        <test-method status="PASS" signature="ClickStrategyTab()[pri:7, instance:Projects.ProjectProperties@5cb9f472]" name="ClickStrategyTab" duration-ms="88" started-at="2022-04-07T12:48:57 IST" finished-at="2022-04-07T12:48:57 IST">
          <reporter-output>
          </reporter-output>
        </test-method> <!-- ClickStrategyTab -->
        <test-method status="PASS" signature="BeforeMethod(java.lang.reflect.Method)[pri:0, instance:Projects.ProjectProperties@5cb9f472]" name="BeforeMethod" is-config="true" duration-ms="29" started-at="2022-04-07T12:48:57 IST" finished-at="2022-04-07T12:48:57 IST">
          <params>
            <param index="0">
              <value>
                <![CDATA[public void Projects.ProjectProperties.gettitleofpage()]]>
              </value>
            </param>
          </params>
          <reporter-output>
          </reporter-output>
        </test-method> <!-- BeforeMethod -->
        <test-method status="PASS" signature="gettitleofpage()[pri:8, instance:Projects.ProjectProperties@5cb9f472]" name="gettitleofpage" duration-ms="4" started-at="2022-04-07T12:48:57 IST" finished-at="2022-04-07T12:48:57 IST">
          <reporter-output>
          </reporter-output>
        </test-method> <!-- gettitleofpage -->
        <test-method status="PASS" signature="BeforeMethod(java.lang.reflect.Method)[pri:0, instance:Projects.ProjectProperties@5cb9f472]" name="BeforeMethod" is-config="true" duration-ms="26" started-at="2022-04-07T12:48:57 IST" finished-at="2022-04-07T12:48:57 IST">
          <params>
            <param index="0">
              <value>
                <![CDATA[public void Projects.ProjectProperties.ClickCreateStragey() throws java.lang.InterruptedException]]>
              </value>
            </param>
          </params>
          <reporter-output>
          </reporter-output>
        </test-method> <!-- BeforeMethod -->
        <test-method status="PASS" signature="ClickCreateStragey()[pri:9, instance:Projects.ProjectProperties@5cb9f472]" name="ClickCreateStragey" duration-ms="5167" started-at="2022-04-07T12:48:57 IST" finished-at="2022-04-07T12:49:02 IST">
          <reporter-output>
          </reporter-output>
        </test-method> <!-- ClickCreateStragey -->
        <test-method status="PASS" signature="BeforeMethod(java.lang.reflect.Method)[pri:0, instance:Projects.ProjectProperties@5cb9f472]" name="BeforeMethod" is-config="true" duration-ms="19" started-at="2022-04-07T12:49:02 IST" finished-at="2022-04-07T12:49:02 IST">
          <params>
            <param index="0">
              <value>
                <![CDATA[public void Projects.ProjectProperties.verifyCreateStrategypopupDetails()]]>
              </value>
            </param>
          </params>
          <reporter-output>
          </reporter-output>
        </test-method> <!-- BeforeMethod -->
        <test-method status="PASS" signature="verifyCreateStrategypopupDetails()[pri:10, instance:Projects.ProjectProperties@5cb9f472]" name="verifyCreateStrategypopupDetails" duration-ms="31" started-at="2022-04-07T12:49:02 IST" finished-at="2022-04-07T12:49:02 IST">
          <reporter-output>
          </reporter-output>
        </test-method> <!-- verifyCreateStrategypopupDetails -->
        <test-method status="PASS" signature="BeforeMethod(java.lang.reflect.Method)[pri:0, instance:Projects.ProjectProperties@5cb9f472]" name="BeforeMethod" is-config="true" duration-ms="18" started-at="2022-04-07T12:49:02 IST" finished-at="2022-04-07T12:49:02 IST">
          <params>
            <param index="0">
              <value>
                <![CDATA[public void Projects.ProjectProperties.HelpTextofCreateStrategy()]]>
              </value>
            </param>
          </params>
          <reporter-output>
          </reporter-output>
        </test-method> <!-- BeforeMethod -->
        <test-method status="PASS" signature="HelpTextofCreateStrategy()[pri:11, instance:Projects.ProjectProperties@5cb9f472]" name="HelpTextofCreateStrategy" duration-ms="28" started-at="2022-04-07T12:49:02 IST" finished-at="2022-04-07T12:49:02 IST">
          <reporter-output>
          </reporter-output>
        </test-method> <!-- HelpTextofCreateStrategy -->
        <test-method status="PASS" signature="BeforeMethod(java.lang.reflect.Method)[pri:0, instance:Projects.ProjectProperties@5cb9f472]" name="BeforeMethod" is-config="true" duration-ms="17" started-at="2022-04-07T12:49:02 IST" finished-at="2022-04-07T12:49:02 IST">
          <params>
            <param index="0">
              <value>
                <![CDATA[public void Projects.ProjectProperties.VerifyHelpText()]]>
              </value>
            </param>
          </params>
          <reporter-output>
          </reporter-output>
        </test-method> <!-- BeforeMethod -->
        <test-method status="PASS" signature="VerifyHelpText()[pri:12, instance:Projects.ProjectProperties@5cb9f472]" name="VerifyHelpText" duration-ms="28" started-at="2022-04-07T12:49:02 IST" finished-at="2022-04-07T12:49:02 IST">
          <reporter-output>
          </reporter-output>
        </test-method> <!-- VerifyHelpText -->
        <test-method status="PASS" signature="BeforeMethod(java.lang.reflect.Method)[pri:0, instance:Projects.ProjectProperties@5cb9f472]" name="BeforeMethod" is-config="true" duration-ms="18" started-at="2022-04-07T12:49:02 IST" finished-at="2022-04-07T12:49:02 IST">
          <params>
            <param index="0">
              <value>
                <![CDATA[public void Projects.ProjectProperties.TitleLabel_exists()]]>
              </value>
            </param>
          </params>
          <reporter-output>
          </reporter-output>
        </test-method> <!-- BeforeMethod -->
        <test-method status="PASS" signature="TitleLabel_exists()[pri:13, instance:Projects.ProjectProperties@5cb9f472]" name="TitleLabel_exists" duration-ms="28" started-at="2022-04-07T12:49:02 IST" finished-at="2022-04-07T12:49:02 IST">
          <reporter-output>
          </reporter-output>
        </test-method> <!-- TitleLabel_exists -->
        <test-method status="PASS" signature="BeforeMethod(java.lang.reflect.Method)[pri:0, instance:Projects.ProjectProperties@5cb9f472]" name="BeforeMethod" is-config="true" duration-ms="17" started-at="2022-04-07T12:49:02 IST" finished-at="2022-04-07T12:49:02 IST">
          <params>
            <param index="0">
              <value>
                <![CDATA[public void Projects.ProjectProperties.ProblemStatement_exists() throws java.lang.InterruptedException]]>
              </value>
            </param>
          </params>
          <reporter-output>
          </reporter-output>
        </test-method> <!-- BeforeMethod -->
        <test-method status="PASS" signature="ProblemStatement_exists()[pri:14, instance:Projects.ProjectProperties@5cb9f472]" name="ProblemStatement_exists" duration-ms="5031" started-at="2022-04-07T12:49:02 IST" finished-at="2022-04-07T12:49:07 IST">
          <reporter-output>
          </reporter-output>
        </test-method> <!-- ProblemStatement_exists -->
        <test-method status="PASS" signature="BeforeMethod(java.lang.reflect.Method)[pri:0, instance:Projects.ProjectProperties@5cb9f472]" name="BeforeMethod" is-config="true" duration-ms="18" started-at="2022-04-07T12:49:07 IST" finished-at="2022-04-07T12:49:07 IST">
          <params>
            <param index="0">
              <value>
                <![CDATA[public void Projects.ProjectProperties.enterTitleofStrategy() throws java.lang.InterruptedException]]>
              </value>
            </param>
          </params>
          <reporter-output>
          </reporter-output>
        </test-method> <!-- BeforeMethod -->
        <test-method status="PASS" signature="enterTitleofStrategy()[pri:15, instance:Projects.ProjectProperties@5cb9f472]" name="enterTitleofStrategy" duration-ms="101" started-at="2022-04-07T12:49:07 IST" finished-at="2022-04-07T12:49:07 IST">
          <reporter-output>
          </reporter-output>
        </test-method> <!-- enterTitleofStrategy -->
        <test-method status="PASS" signature="BeforeMethod(java.lang.reflect.Method)[pri:0, instance:Projects.ProjectProperties@5cb9f472]" name="BeforeMethod" is-config="true" duration-ms="20" started-at="2022-04-07T12:49:07 IST" finished-at="2022-04-07T12:49:07 IST">
          <params>
            <param index="0">
              <value>
                <![CDATA[public void Projects.ProjectProperties.enterProblemStatements() throws java.lang.InterruptedException]]>
              </value>
            </param>
          </params>
          <reporter-output>
          </reporter-output>
        </test-method> <!-- BeforeMethod -->
        <test-method status="PASS" signature="enterProblemStatements()[pri:16, instance:Projects.ProjectProperties@5cb9f472]" name="enterProblemStatements" duration-ms="5124" started-at="2022-04-07T12:49:07 IST" finished-at="2022-04-07T12:49:12 IST">
          <reporter-output>
          </reporter-output>
        </test-method> <!-- enterProblemStatements -->
        <test-method status="PASS" signature="BeforeMethod(java.lang.reflect.Method)[pri:0, instance:Projects.ProjectProperties@5cb9f472]" name="BeforeMethod" is-config="true" duration-ms="17" started-at="2022-04-07T12:49:12 IST" finished-at="2022-04-07T12:49:12 IST">
          <params>
            <param index="0">
              <value>
                <![CDATA[public void Projects.ProjectProperties.ClickCreateStargeyDoneButton() throws java.lang.InterruptedException]]>
              </value>
            </param>
          </params>
          <reporter-output>
          </reporter-output>
        </test-method> <!-- BeforeMethod -->
        <test-method status="PASS" signature="ClickCreateStargeyDoneButton()[pri:17, instance:Projects.ProjectProperties@5cb9f472]" name="ClickCreateStargeyDoneButton" duration-ms="5106" started-at="2022-04-07T12:49:12 IST" finished-at="2022-04-07T12:49:17 IST">
          <reporter-output>
          </reporter-output>
        </test-method> <!-- ClickCreateStargeyDoneButton -->
        <test-method status="PASS" signature="BeforeMethod(java.lang.reflect.Method)[pri:0, instance:Projects.ProjectProperties@5cb9f472]" name="BeforeMethod" is-config="true" duration-ms="18" started-at="2022-04-07T12:49:17 IST" finished-at="2022-04-07T12:49:17 IST">
          <params>
            <param index="0">
              <value>
                <![CDATA[public void Projects.ProjectProperties.DeleteStargeyMenu() throws java.lang.InterruptedException]]>
              </value>
            </param>
          </params>
          <reporter-output>
          </reporter-output>
        </test-method> <!-- BeforeMethod -->
        <test-method status="PASS" signature="DeleteStargeyMenu()[pri:18, instance:Projects.ProjectProperties@5cb9f472]" name="DeleteStargeyMenu" duration-ms="4080" started-at="2022-04-07T12:49:17 IST" finished-at="2022-04-07T12:49:22 IST">
          <reporter-output>
          </reporter-output>
        </test-method> <!-- DeleteStargeyMenu -->
        <test-method status="PASS" signature="BeforeMethod(java.lang.reflect.Method)[pri:0, instance:Projects.ProjectProperties@5cb9f472]" name="BeforeMethod" is-config="true" duration-ms="18" started-at="2022-04-07T12:49:22 IST" finished-at="2022-04-07T12:49:22 IST">
          <params>
            <param index="0">
              <value>
                <![CDATA[public void Projects.ProjectProperties.DeleteStragey() throws java.lang.InterruptedException]]>
              </value>
            </param>
          </params>
          <reporter-output>
          </reporter-output>
        </test-method> <!-- BeforeMethod -->
        <test-method status="PASS" signature="DeleteStragey()[pri:18, instance:Projects.ProjectProperties@5cb9f472]" name="DeleteStragey" duration-ms="4105" started-at="2022-04-07T12:49:22 IST" finished-at="2022-04-07T12:49:26 IST">
          <reporter-output>
          </reporter-output>
        </test-method> <!-- DeleteStragey -->
        <test-method status="PASS" signature="BeforeMethod(java.lang.reflect.Method)[pri:0, instance:Projects.ProjectProperties@5cb9f472]" name="BeforeMethod" is-config="true" duration-ms="18" started-at="2022-04-07T12:49:26 IST" finished-at="2022-04-07T12:49:26 IST">
          <params>
            <param index="0">
              <value>
                <![CDATA[public void Projects.ProjectProperties.DeleteConfirmmessage() throws java.lang.InterruptedException]]>
              </value>
            </param>
          </params>
          <reporter-output>
          </reporter-output>
        </test-method> <!-- BeforeMethod -->
        <test-method status="PASS" signature="DeleteConfirmmessage()[pri:19, instance:Projects.ProjectProperties@5cb9f472]" name="DeleteConfirmmessage" duration-ms="5036" started-at="2022-04-07T12:49:26 IST" finished-at="2022-04-07T12:49:31 IST">
          <reporter-output>
          </reporter-output>
        </test-method> <!-- DeleteConfirmmessage -->
        <test-method status="PASS" signature="BeforeMethod(java.lang.reflect.Method)[pri:0, instance:Projects.ProjectProperties@5cb9f472]" name="BeforeMethod" is-config="true" duration-ms="19" started-at="2022-04-07T12:49:31 IST" finished-at="2022-04-07T12:49:31 IST">
          <params>
            <param index="0">
              <value>
                <![CDATA[public void Projects.ProjectProperties.Deleteaction() throws java.lang.InterruptedException]]>
              </value>
            </param>
          </params>
          <reporter-output>
          </reporter-output>
        </test-method> <!-- BeforeMethod -->
        <test-method status="PASS" signature="Deleteaction()[pri:20, instance:Projects.ProjectProperties@5cb9f472]" name="Deleteaction" duration-ms="7073" started-at="2022-04-07T12:49:31 IST" finished-at="2022-04-07T12:49:38 IST">
          <reporter-output>
          </reporter-output>
        </test-method> <!-- Deleteaction -->
        <test-method status="PASS" signature="QuitWindows()[pri:0, instance:Projects.ProjectProperties@5cb9f472]" name="QuitWindows" is-config="true" duration-ms="743" started-at="2022-04-07T12:49:38 IST" finished-at="2022-04-07T12:49:39 IST">
          <reporter-output>
          </reporter-output>
        </test-method> <!-- QuitWindows -->
      </class> <!-- Projects.ProjectProperties -->
      <class name="Forms.FormsProperties">
        <test-method status="PASS" signature="LaunchArtemisURL()[pri:0, instance:Forms.FormsProperties@cb644e]" name="LaunchArtemisURL" is-config="true" duration-ms="2967" started-at="2022-04-07T12:49:39 IST" finished-at="2022-04-07T12:49:42 IST">
          <reporter-output>
          </reporter-output>
        </test-method> <!-- LaunchArtemisURL -->
        <test-method status="PASS" signature="BeforeMethod(java.lang.reflect.Method)[pri:0, instance:Forms.FormsProperties@cb644e]" name="BeforeMethod" is-config="true" duration-ms="27" started-at="2022-04-07T12:49:42 IST" finished-at="2022-04-07T12:49:42 IST">
          <params>
            <param index="0">
              <value>
                <![CDATA[public void Forms.FormsProperties.NavigatetoProjectDetailsPage() throws java.lang.InterruptedException]]>
              </value>
            </param>
          </params>
          <reporter-output>
          </reporter-output>
        </test-method> <!-- BeforeMethod -->
        <test-method status="PASS" signature="NavigatetoProjectDetailsPage()[pri:1, instance:Forms.FormsProperties@cb644e]" name="NavigatetoProjectDetailsPage" duration-ms="22189" started-at="2022-04-07T12:49:42 IST" finished-at="2022-04-07T12:50:04 IST">
          <reporter-output>
            <line>
              <![CDATA[User ented the email id details succefully]]>
            </line>
            <line>
              <![CDATA[User clicks Login button succefully]]>
            </line>
            <line>
              <![CDATA[User entered the passowrd succefully]]>
            </line>
            <line>
              <![CDATA[User clicks the next button]]>
            </line>
          </reporter-output>
        </test-method> <!-- NavigatetoProjectDetailsPage -->
        <test-method status="PASS" signature="BeforeMethod(java.lang.reflect.Method)[pri:0, instance:Forms.FormsProperties@cb644e]" name="BeforeMethod" is-config="true" duration-ms="19" started-at="2022-04-07T12:50:04 IST" finished-at="2022-04-07T12:50:04 IST">
          <params>
            <param index="0">
              <value>
                <![CDATA[public void Forms.FormsProperties.NavigatetoFormsTab()]]>
              </value>
            </param>
          </params>
          <reporter-output>
          </reporter-output>
        </test-method> <!-- BeforeMethod -->
        <test-method status="PASS" signature="NavigatetoFormsTab()[pri:2, instance:Forms.FormsProperties@cb644e]" name="NavigatetoFormsTab" duration-ms="97" started-at="2022-04-07T12:50:04 IST" finished-at="2022-04-07T12:50:04 IST">
          <reporter-output>
          </reporter-output>
        </test-method> <!-- NavigatetoFormsTab -->
        <test-method status="PASS" signature="BeforeMethod(java.lang.reflect.Method)[pri:0, instance:Forms.FormsProperties@cb644e]" name="BeforeMethod" is-config="true" duration-ms="23" started-at="2022-04-07T12:50:04 IST" finished-at="2022-04-07T12:50:04 IST">
          <params>
            <param index="0">
              <value>
                <![CDATA[public void Forms.FormsProperties.formspagetitle()]]>
              </value>
            </param>
          </params>
          <reporter-output>
          </reporter-output>
        </test-method> <!-- BeforeMethod -->
        <test-method status="PASS" signature="formspagetitle()[pri:3, instance:Forms.FormsProperties@cb644e]" name="formspagetitle" duration-ms="24" started-at="2022-04-07T12:50:04 IST" finished-at="2022-04-07T12:50:04 IST">
          <reporter-output>
          </reporter-output>
        </test-method> <!-- formspagetitle -->
        <test-method status="PASS" signature="BeforeMethod(java.lang.reflect.Method)[pri:0, instance:Forms.FormsProperties@cb644e]" name="BeforeMethod" is-config="true" duration-ms="20" started-at="2022-04-07T12:50:04 IST" finished-at="2022-04-07T12:50:04 IST">
          <params>
            <param index="0">
              <value>
                <![CDATA[public void Forms.FormsProperties.createforms() throws java.lang.InterruptedException]]>
              </value>
            </param>
          </params>
          <reporter-output>
          </reporter-output>
        </test-method> <!-- BeforeMethod -->
        <test-method status="PASS" signature="createforms()[pri:4, instance:Forms.FormsProperties@cb644e]" name="createforms" duration-ms="8163" started-at="2022-04-07T12:50:04 IST" finished-at="2022-04-07T12:50:12 IST">
          <reporter-output>
          </reporter-output>
        </test-method> <!-- createforms -->
        <test-method status="PASS" signature="BeforeMethod(java.lang.reflect.Method)[pri:0, instance:Forms.FormsProperties@cb644e]" name="BeforeMethod" is-config="true" duration-ms="17" started-at="2022-04-07T12:50:12 IST" finished-at="2022-04-07T12:50:12 IST">
          <params>
            <param index="0">
              <value>
                <![CDATA[public void Forms.FormsProperties.redirectedurl()]]>
              </value>
            </param>
          </params>
          <reporter-output>
          </reporter-output>
        </test-method> <!-- BeforeMethod -->
        <test-method status="PASS" signature="redirectedurl()[pri:5, instance:Forms.FormsProperties@cb644e]" name="redirectedurl" duration-ms="5" started-at="2022-04-07T12:50:12 IST" finished-at="2022-04-07T12:50:12 IST">
          <reporter-output>
          </reporter-output>
        </test-method> <!-- redirectedurl -->
        <test-method status="PASS" signature="BeforeMethod(java.lang.reflect.Method)[pri:0, instance:Forms.FormsProperties@cb644e]" name="BeforeMethod" is-config="true" duration-ms="15" started-at="2022-04-07T12:50:12 IST" finished-at="2022-04-07T12:50:12 IST">
          <params>
            <param index="0">
              <value>
                <![CDATA[public void Forms.FormsProperties.formstitle()]]>
              </value>
            </param>
          </params>
          <reporter-output>
          </reporter-output>
        </test-method> <!-- BeforeMethod -->
        <test-method status="PASS" signature="formstitle()[pri:6, instance:Forms.FormsProperties@cb644e]" name="formstitle" duration-ms="27" started-at="2022-04-07T12:50:12 IST" finished-at="2022-04-07T12:50:12 IST">
          <reporter-output>
          </reporter-output>
        </test-method> <!-- formstitle -->
        <test-method status="PASS" signature="BeforeMethod(java.lang.reflect.Method)[pri:0, instance:Forms.FormsProperties@cb644e]" name="BeforeMethod" is-config="true" duration-ms="22" started-at="2022-04-07T12:50:12 IST" finished-at="2022-04-07T12:50:12 IST">
          <params>
            <param index="0">
              <value>
                <![CDATA[public void Forms.FormsProperties.formtitle() throws java.lang.InterruptedException]]>
              </value>
            </param>
          </params>
          <reporter-output>
          </reporter-output>
        </test-method> <!-- BeforeMethod -->
        <test-method status="PASS" signature="formtitle()[pri:7, instance:Forms.FormsProperties@cb644e]" name="formtitle" duration-ms="5152" started-at="2022-04-07T12:50:12 IST" finished-at="2022-04-07T12:50:17 IST">
          <reporter-output>
          </reporter-output>
        </test-method> <!-- formtitle -->
        <test-method status="PASS" signature="BeforeMethod(java.lang.reflect.Method)[pri:0, instance:Forms.FormsProperties@cb644e]" name="BeforeMethod" is-config="true" duration-ms="16" started-at="2022-04-07T12:50:17 IST" finished-at="2022-04-07T12:50:17 IST">
          <params>
            <param index="0">
              <value>
                <![CDATA[public void Forms.FormsProperties.createQuestion1() throws java.lang.InterruptedException]]>
              </value>
            </param>
          </params>
          <reporter-output>
          </reporter-output>
        </test-method> <!-- BeforeMethod -->
        <test-method status="PASS" signature="createQuestion1()[pri:8, instance:Forms.FormsProperties@cb644e]" name="createQuestion1" duration-ms="5214" started-at="2022-04-07T12:50:17 IST" finished-at="2022-04-07T12:50:23 IST">
          <reporter-output>
          </reporter-output>
        </test-method> <!-- createQuestion1 -->
        <test-method status="PASS" signature="BeforeMethod(java.lang.reflect.Method)[pri:0, instance:Forms.FormsProperties@cb644e]" name="BeforeMethod" is-config="true" duration-ms="22" started-at="2022-04-07T12:50:23 IST" finished-at="2022-04-07T12:50:23 IST">
          <params>
            <param index="0">
              <value>
                <![CDATA[public void Forms.FormsProperties.PublishForm() throws java.lang.InterruptedException]]>
              </value>
            </param>
          </params>
          <reporter-output>
          </reporter-output>
        </test-method> <!-- BeforeMethod -->
        <test-method status="PASS" signature="PublishForm()[pri:9, instance:Forms.FormsProperties@cb644e]" name="PublishForm" duration-ms="5987" started-at="2022-04-07T12:50:23 IST" finished-at="2022-04-07T12:50:29 IST">
          <reporter-output>
          </reporter-output>
        </test-method> <!-- PublishForm -->
        <test-method status="PASS" signature="QuitWindows()[pri:0, instance:Forms.FormsProperties@cb644e]" name="QuitWindows" is-config="true" duration-ms="743" started-at="2022-04-07T12:50:29 IST" finished-at="2022-04-07T12:50:29 IST">
          <reporter-output>
          </reporter-output>
        </test-method> <!-- QuitWindows -->
      </class> <!-- Forms.FormsProperties -->
      <class name="NewUserSiteNavigation.newusernavigation">
        <test-method status="PASS" signature="LaunchArtemisURL()[pri:0, instance:NewUserSiteNavigation.newusernavigation@1ed4004b]" name="LaunchArtemisURL" is-config="true" duration-ms="2131" started-at="2022-04-07T12:52:38 IST" finished-at="2022-04-07T12:52:41 IST">
          <reporter-output>
          </reporter-output>
        </test-method> <!-- LaunchArtemisURL -->
        <test-method status="PASS" signature="BeforeMethod(java.lang.reflect.Method)[pri:0, instance:NewUserSiteNavigation.newusernavigation@1ed4004b]" name="BeforeMethod" is-config="true" duration-ms="28" started-at="2022-04-07T12:52:41 IST" finished-at="2022-04-07T12:52:41 IST">
          <params>
            <param index="0">
              <value>
                <![CDATA[public void NewUserSiteNavigation.newusernavigation.logintoSite() throws java.lang.InterruptedException]]>
              </value>
            </param>
          </params>
          <reporter-output>
          </reporter-output>
        </test-method> <!-- BeforeMethod -->
        <test-method status="PASS" signature="logintoSite()[pri:1, instance:NewUserSiteNavigation.newusernavigation@1ed4004b]" name="logintoSite" duration-ms="10572" started-at="2022-04-07T12:52:41 IST" finished-at="2022-04-07T12:52:51 IST">
          <reporter-output>
          </reporter-output>
        </test-method> <!-- logintoSite -->
        <test-method status="PASS" signature="BeforeMethod(java.lang.reflect.Method)[pri:0, instance:NewUserSiteNavigation.newusernavigation@1ed4004b]" name="BeforeMethod" is-config="true" duration-ms="18" started-at="2022-04-07T12:52:51 IST" finished-at="2022-04-07T12:52:51 IST">
          <params>
            <param index="0">
              <value>
                <![CDATA[public void NewUserSiteNavigation.newusernavigation.checkDisplayName() throws java.lang.InterruptedException]]>
              </value>
            </param>
          </params>
          <reporter-output>
          </reporter-output>
        </test-method> <!-- BeforeMethod -->
        <test-method status="PASS" signature="checkDisplayName()[pri:2, instance:NewUserSiteNavigation.newusernavigation@1ed4004b]" name="checkDisplayName" duration-ms="37" started-at="2022-04-07T12:52:51 IST" finished-at="2022-04-07T12:52:51 IST">
          <reporter-output>
          </reporter-output>
        </test-method> <!-- checkDisplayName -->
        <test-method status="PASS" signature="BeforeMethod(java.lang.reflect.Method)[pri:0, instance:NewUserSiteNavigation.newusernavigation@1ed4004b]" name="BeforeMethod" is-config="true" duration-ms="17" started-at="2022-04-07T12:52:51 IST" finished-at="2022-04-07T12:52:51 IST">
          <params>
            <param index="0">
              <value>
                <![CDATA[public void NewUserSiteNavigation.newusernavigation.getNotifications() throws java.lang.InterruptedException]]>
              </value>
            </param>
          </params>
          <reporter-output>
          </reporter-output>
        </test-method> <!-- BeforeMethod -->
        <test-method status="PASS" signature="getNotifications()[pri:3, instance:NewUserSiteNavigation.newusernavigation@1ed4004b]" name="getNotifications" duration-ms="6081" started-at="2022-04-07T12:52:51 IST" finished-at="2022-04-07T12:52:57 IST">
          <reporter-output>
          </reporter-output>
        </test-method> <!-- getNotifications -->
        <test-method status="PASS" signature="BeforeMethod(java.lang.reflect.Method)[pri:0, instance:NewUserSiteNavigation.newusernavigation@1ed4004b]" name="BeforeMethod" is-config="true" duration-ms="22" started-at="2022-04-07T12:52:57 IST" finished-at="2022-04-07T12:52:57 IST">
          <params>
            <param index="0">
              <value>
                <![CDATA[public void NewUserSiteNavigation.newusernavigation.seeAllnotifications()]]>
              </value>
            </param>
          </params>
          <reporter-output>
          </reporter-output>
        </test-method> <!-- BeforeMethod -->
        <test-method status="PASS" signature="seeAllnotifications()[pri:5, instance:NewUserSiteNavigation.newusernavigation@1ed4004b]" name="seeAllnotifications" duration-ms="92" started-at="2022-04-07T12:52:57 IST" finished-at="2022-04-07T12:52:57 IST">
          <reporter-output>
          </reporter-output>
        </test-method> <!-- seeAllnotifications -->
        <test-method status="PASS" signature="BeforeMethod(java.lang.reflect.Method)[pri:0, instance:NewUserSiteNavigation.newusernavigation@1ed4004b]" name="BeforeMethod" is-config="true" duration-ms="21" started-at="2022-04-07T12:52:57 IST" finished-at="2022-04-07T12:52:57 IST">
          <params>
            <param index="0">
              <value>
                <![CDATA[public void NewUserSiteNavigation.newusernavigation.redirectedURL()]]>
              </value>
            </param>
          </params>
          <reporter-output>
          </reporter-output>
        </test-method> <!-- BeforeMethod -->
        <test-method status="PASS" signature="redirectedURL()[pri:6, instance:NewUserSiteNavigation.newusernavigation@1ed4004b]" name="redirectedURL" duration-ms="5" started-at="2022-04-07T12:52:57 IST" finished-at="2022-04-07T12:52:57 IST">
          <reporter-output>
          </reporter-output>
        </test-method> <!-- redirectedURL -->
        <test-method status="PASS" signature="BeforeMethod(java.lang.reflect.Method)[pri:0, instance:NewUserSiteNavigation.newusernavigation@1ed4004b]" name="BeforeMethod" is-config="true" duration-ms="21" started-at="2022-04-07T12:52:57 IST" finished-at="2022-04-07T12:52:57 IST">
          <params>
            <param index="0">
              <value>
                <![CDATA[public void NewUserSiteNavigation.newusernavigation.titleofwindow()]]>
              </value>
            </param>
          </params>
          <reporter-output>
          </reporter-output>
        </test-method> <!-- BeforeMethod -->
        <test-method status="PASS" signature="titleofwindow()[pri:7, instance:NewUserSiteNavigation.newusernavigation@1ed4004b]" name="titleofwindow" duration-ms="25" started-at="2022-04-07T12:52:57 IST" finished-at="2022-04-07T12:52:57 IST">
          <reporter-output>
          </reporter-output>
        </test-method> <!-- titleofwindow -->
        <test-method status="PASS" signature="BeforeMethod(java.lang.reflect.Method)[pri:0, instance:NewUserSiteNavigation.newusernavigation@1ed4004b]" name="BeforeMethod" is-config="true" duration-ms="17" started-at="2022-04-07T12:52:58 IST" finished-at="2022-04-07T12:52:58 IST">
          <params>
            <param index="0">
              <value>
                <![CDATA[public void NewUserSiteNavigation.newusernavigation.clickArtemisLogo() throws java.lang.InterruptedException]]>
              </value>
            </param>
          </params>
          <reporter-output>
          </reporter-output>
        </test-method> <!-- BeforeMethod -->
        <test-method status="PASS" signature="clickArtemisLogo()[pri:8, instance:NewUserSiteNavigation.newusernavigation@1ed4004b]" name="clickArtemisLogo" duration-ms="8098" started-at="2022-04-07T12:52:58 IST" finished-at="2022-04-07T12:53:06 IST">
          <reporter-output>
          </reporter-output>
        </test-method> <!-- clickArtemisLogo -->
        <test-method status="PASS" signature="QuitWindows()[pri:0, instance:NewUserSiteNavigation.newusernavigation@1ed4004b]" name="QuitWindows" is-config="true" duration-ms="714" started-at="2022-04-07T12:53:06 IST" finished-at="2022-04-07T12:53:06 IST">
          <reporter-output>
          </reporter-output>
        </test-method> <!-- QuitWindows -->
      </class> <!-- NewUserSiteNavigation.newusernavigation -->
      <class name="Login.LoginInvalidAndForgotPassword">
        <test-method status="PASS" signature="LaunchArtemisURL()[pri:0, instance:Login.LoginInvalidAndForgotPassword@6e1567f1]" name="LaunchArtemisURL" is-config="true" duration-ms="2709" started-at="2022-04-07T12:47:40 IST" finished-at="2022-04-07T12:47:43 IST">
          <reporter-output>
          </reporter-output>
        </test-method> <!-- LaunchArtemisURL -->
        <test-method status="PASS" signature="BeforeMethod(java.lang.reflect.Method)[pri:0, instance:Login.LoginInvalidAndForgotPassword@6e1567f1]" name="BeforeMethod" is-config="true" duration-ms="31" started-at="2022-04-07T12:47:43 IST" finished-at="2022-04-07T12:47:43 IST">
          <params>
            <param index="0">
              <value>
                <![CDATA[public void Login.LoginInvalidAndForgotPassword.EnterWrongemailid() throws java.lang.InterruptedException]]>
              </value>
            </param>
          </params>
          <reporter-output>
          </reporter-output>
        </test-method> <!-- BeforeMethod -->
        <test-method status="PASS" signature="EnterWrongemailid()[pri:0, instance:Login.LoginInvalidAndForgotPassword@6e1567f1]" name="EnterWrongemailid" duration-ms="5273" started-at="2022-04-07T12:47:43 IST" finished-at="2022-04-07T12:47:48 IST">
          <reporter-output>
          </reporter-output>
        </test-method> <!-- EnterWrongemailid -->
        <test-method status="PASS" signature="BeforeMethod(java.lang.reflect.Method)[pri:0, instance:Login.LoginInvalidAndForgotPassword@6e1567f1]" name="BeforeMethod" is-config="true" duration-ms="23" started-at="2022-04-07T12:47:48 IST" finished-at="2022-04-07T12:47:48 IST">
          <params>
            <param index="0">
              <value>
                <![CDATA[public void Login.LoginInvalidAndForgotPassword.wrongpassword() throws java.lang.InterruptedException]]>
              </value>
            </param>
          </params>
          <reporter-output>
          </reporter-output>
        </test-method> <!-- BeforeMethod -->
        <test-method status="PASS" signature="wrongpassword()[pri:0, instance:Login.LoginInvalidAndForgotPassword@6e1567f1]" name="wrongpassword" duration-ms="9401" started-at="2022-04-07T12:47:48 IST" finished-at="2022-04-07T12:47:57 IST">
          <reporter-output>
          </reporter-output>
        </test-method> <!-- wrongpassword -->
        <test-method status="PASS" signature="BeforeMethod(java.lang.reflect.Method)[pri:0, instance:Login.LoginInvalidAndForgotPassword@6e1567f1]" name="BeforeMethod" is-config="true" duration-ms="21" started-at="2022-04-07T12:47:57 IST" finished-at="2022-04-07T12:47:57 IST">
          <params>
            <param index="0">
              <value>
                <![CDATA[public void Login.LoginInvalidAndForgotPassword.LaunchURL()]]>
              </value>
            </param>
          </params>
          <reporter-output>
          </reporter-output>
        </test-method> <!-- BeforeMethod -->
        <test-method status="PASS" signature="LaunchURL()[pri:1, instance:Login.LoginInvalidAndForgotPassword@6e1567f1]" name="LaunchURL" duration-ms="610" started-at="2022-04-07T12:47:57 IST" finished-at="2022-04-07T12:47:58 IST">
          <reporter-output>
          </reporter-output>
        </test-method> <!-- LaunchURL -->
        <test-method status="PASS" signature="BeforeMethod(java.lang.reflect.Method)[pri:0, instance:Login.LoginInvalidAndForgotPassword@6e1567f1]" name="BeforeMethod" is-config="true" duration-ms="39" started-at="2022-04-07T12:47:58 IST" finished-at="2022-04-07T12:47:58 IST">
          <params>
            <param index="0">
              <value>
                <![CDATA[public void Login.LoginInvalidAndForgotPassword.checklabelsinLoginPage()]]>
              </value>
            </param>
          </params>
          <reporter-output>
          </reporter-output>
        </test-method> <!-- BeforeMethod -->
        <test-method status="PASS" signature="checklabelsinLoginPage()[pri:2, instance:Login.LoginInvalidAndForgotPassword@6e1567f1]" name="checklabelsinLoginPage" duration-ms="5" started-at="2022-04-07T12:47:58 IST" finished-at="2022-04-07T12:47:58 IST">
          <reporter-output>
          </reporter-output>
        </test-method> <!-- checklabelsinLoginPage -->
        <test-method status="PASS" signature="BeforeMethod(java.lang.reflect.Method)[pri:0, instance:Login.LoginInvalidAndForgotPassword@6e1567f1]" name="BeforeMethod" is-config="true" duration-ms="24" started-at="2022-04-07T12:47:58 IST" finished-at="2022-04-07T12:47:58 IST">
          <params>
            <param index="0">
              <value>
                <![CDATA[public void Login.LoginInvalidAndForgotPassword.navigatetoforgotpasswordpage() throws java.lang.InterruptedException]]>
              </value>
            </param>
          </params>
          <reporter-output>
          </reporter-output>
        </test-method> <!-- BeforeMethod -->
        <test-method status="PASS" signature="navigatetoforgotpasswordpage()[pri:3, instance:Login.LoginInvalidAndForgotPassword@6e1567f1]" name="navigatetoforgotpasswordpage" duration-ms="8303" started-at="2022-04-07T12:47:58 IST" finished-at="2022-04-07T12:48:06 IST">
          <reporter-output>
          </reporter-output>
        </test-method> <!-- navigatetoforgotpasswordpage -->
        <test-method status="PASS" signature="BeforeMethod(java.lang.reflect.Method)[pri:0, instance:Login.LoginInvalidAndForgotPassword@6e1567f1]" name="BeforeMethod" is-config="true" duration-ms="19" started-at="2022-04-07T12:48:06 IST" finished-at="2022-04-07T12:48:06 IST">
          <params>
            <param index="0">
              <value>
                <![CDATA[public void Login.LoginInvalidAndForgotPassword.CheckForgotpasswordlink_exists()]]>
              </value>
            </param>
          </params>
          <reporter-output>
          </reporter-output>
        </test-method> <!-- BeforeMethod -->
        <test-method status="PASS" signature="CheckForgotpasswordlink_exists()[pri:4, instance:Login.LoginInvalidAndForgotPassword@6e1567f1]" name="CheckForgotpasswordlink_exists" duration-ms="28" started-at="2022-04-07T12:48:06 IST" finished-at="2022-04-07T12:48:07 IST">
          <reporter-output>
          </reporter-output>
        </test-method> <!-- CheckForgotpasswordlink_exists -->
        <test-method status="PASS" signature="BeforeMethod(java.lang.reflect.Method)[pri:0, instance:Login.LoginInvalidAndForgotPassword@6e1567f1]" name="BeforeMethod" is-config="true" duration-ms="19" started-at="2022-04-07T12:48:07 IST" finished-at="2022-04-07T12:48:07 IST">
          <params>
            <param index="0">
              <value>
                <![CDATA[public void Login.LoginInvalidAndForgotPassword.ClickForgotpasswordlink() throws java.lang.InterruptedException]]>
              </value>
            </param>
          </params>
          <reporter-output>
          </reporter-output>
        </test-method> <!-- BeforeMethod -->
        <test-method status="PASS" signature="ClickForgotpasswordlink()[pri:5, instance:Login.LoginInvalidAndForgotPassword@6e1567f1]" name="ClickForgotpasswordlink" duration-ms="6068" started-at="2022-04-07T12:48:07 IST" finished-at="2022-04-07T12:48:13 IST">
          <reporter-output>
          </reporter-output>
        </test-method> <!-- ClickForgotpasswordlink -->
        <test-method status="PASS" signature="BeforeMethod(java.lang.reflect.Method)[pri:0, instance:Login.LoginInvalidAndForgotPassword@6e1567f1]" name="BeforeMethod" is-config="true" duration-ms="26" started-at="2022-04-07T12:48:13 IST" finished-at="2022-04-07T12:48:13 IST">
          <params>
            <param index="0">
              <value>
                <![CDATA[public void Login.LoginInvalidAndForgotPassword.userinputemail() throws java.lang.InterruptedException]]>
              </value>
            </param>
          </params>
          <reporter-output>
          </reporter-output>
        </test-method> <!-- BeforeMethod -->
        <test-method status="PASS" signature="userinputemail()[pri:6, instance:Login.LoginInvalidAndForgotPassword@6e1567f1]" name="userinputemail" duration-ms="5208" started-at="2022-04-07T12:48:13 IST" finished-at="2022-04-07T12:48:18 IST">
          <reporter-output>
          </reporter-output>
        </test-method> <!-- userinputemail -->
        <test-method status="PASS" signature="BeforeMethod(java.lang.reflect.Method)[pri:0, instance:Login.LoginInvalidAndForgotPassword@6e1567f1]" name="BeforeMethod" is-config="true" duration-ms="24" started-at="2022-04-07T12:48:18 IST" finished-at="2022-04-07T12:48:18 IST">
          <params>
            <param index="0">
              <value>
                <![CDATA[public void Login.LoginInvalidAndForgotPassword.recoveryhelptext()]]>
              </value>
            </param>
          </params>
          <reporter-output>
          </reporter-output>
        </test-method> <!-- BeforeMethod -->
        <test-method status="PASS" signature="recoveryhelptext()[pri:7, instance:Login.LoginInvalidAndForgotPassword@6e1567f1]" name="recoveryhelptext" duration-ms="33" started-at="2022-04-07T12:48:18 IST" finished-at="2022-04-07T12:48:18 IST">
          <reporter-output>
          </reporter-output>
        </test-method> <!-- recoveryhelptext -->
        <test-method status="PASS" signature="BeforeMethod(java.lang.reflect.Method)[pri:0, instance:Login.LoginInvalidAndForgotPassword@6e1567f1]" name="BeforeMethod" is-config="true" duration-ms="24" started-at="2022-04-07T12:48:18 IST" finished-at="2022-04-07T12:48:18 IST">
          <params>
            <param index="0">
              <value>
                <![CDATA[public void Login.LoginInvalidAndForgotPassword.clickcontinuelogin() throws java.lang.InterruptedException]]>
              </value>
            </param>
          </params>
          <reporter-output>
          </reporter-output>
        </test-method> <!-- BeforeMethod -->
        <test-method status="PASS" signature="clickcontinuelogin()[pri:8, instance:Login.LoginInvalidAndForgotPassword@6e1567f1]" name="clickcontinuelogin" duration-ms="5085" started-at="2022-04-07T12:48:18 IST" finished-at="2022-04-07T12:48:23 IST">
          <reporter-output>
          </reporter-output>
        </test-method> <!-- clickcontinuelogin -->
        <test-method status="PASS" signature="QuitWindows()[pri:0, instance:Login.LoginInvalidAndForgotPassword@6e1567f1]" name="QuitWindows" is-config="true" duration-ms="811" started-at="2022-04-07T12:48:23 IST" finished-at="2022-04-07T12:48:24 IST">
          <reporter-output>
          </reporter-output>
        </test-method> <!-- QuitWindows -->
      </class> <!-- Login.LoginInvalidAndForgotPassword -->
      <class name="Login.GmailLogin">
        <test-method status="PASS" signature="LaunchArtemisURL()[pri:0, instance:Login.GmailLogin@25bbe1b6]" name="LaunchArtemisURL" is-config="true" duration-ms="2479" started-at="2022-04-07T13:01:34 IST" finished-at="2022-04-07T13:01:36 IST">
          <reporter-output>
          </reporter-output>
        </test-method> <!-- LaunchArtemisURL -->
        <test-method status="PASS" signature="BeforeMethod(java.lang.reflect.Method)[pri:0, instance:Login.GmailLogin@25bbe1b6]" name="BeforeMethod" is-config="true" duration-ms="26" started-at="2022-04-07T13:01:36 IST" finished-at="2022-04-07T13:01:36 IST">
          <params>
            <param index="0">
              <value>
                <![CDATA[public void Login.GmailLogin.GmailLogin()]]>
              </value>
            </param>
          </params>
          <reporter-output>
          </reporter-output>
        </test-method> <!-- BeforeMethod -->
        <test-method status="PASS" signature="GmailLogin()[pri:0, instance:Login.GmailLogin@25bbe1b6]" name="GmailLogin" duration-ms="1261" started-at="2022-04-07T13:01:36 IST" finished-at="2022-04-07T13:01:37 IST">
          <reporter-output>
          </reporter-output>
        </test-method> <!-- GmailLogin -->
        <test-method status="PASS" signature="QuitWindows()[pri:0, instance:Login.GmailLogin@25bbe1b6]" name="QuitWindows" is-config="true" duration-ms="696" started-at="2022-04-07T13:01:37 IST" finished-at="2022-04-07T13:01:38 IST">
          <reporter-output>
          </reporter-output>
        </test-method> <!-- QuitWindows -->
      </class> <!-- Login.GmailLogin -->
      <class name="Login.Login_Test">
        <test-method status="PASS" signature="BeforeTestMethod()[pri:0, instance:Login.Login_Test@6e06451e]" name="BeforeTestMethod" is-config="true" duration-ms="92" started-at="2022-04-07T12:47:26 IST" finished-at="2022-04-07T12:47:26 IST">
          <reporter-output>
          </reporter-output>
        </test-method> <!-- BeforeTestMethod -->
        <test-method status="PASS" signature="LaunchArtemisURL()[pri:0, instance:Login.Login_Test@6e06451e]" name="LaunchArtemisURL" is-config="true" duration-ms="2137" started-at="2022-04-07T12:47:30 IST" finished-at="2022-04-07T12:47:33 IST">
          <reporter-output>
          </reporter-output>
        </test-method> <!-- LaunchArtemisURL -->
        <test-method status="PASS" signature="BeforeMethod(java.lang.reflect.Method)[pri:0, instance:Login.Login_Test@6e06451e]" name="BeforeMethod" is-config="true" duration-ms="267" started-at="2022-04-07T12:47:33 IST" finished-at="2022-04-07T12:47:33 IST">
          <params>
[...]
Session ID: 189b3f8b02f5bef492ef212e60fcfbb3
*** Element info: {Using=xpath, value=//div[@id='surveys']/div/div/div[3]/div/div/div/table/thead/tr/th[4]/div/div/span}
at sun.reflect.GeneratedConstructorAccessor16.newInstance(Unknown Source)
at sun.reflect.DelegatingConstructorAccessorImpl.newInstance(DelegatingConstructorAccessorImpl.java:45)
at java.lang.reflect.Constructor.newInstance(Constructor.java:423)
at org.openqa.selenium.remote.http.W3CHttpResponseCodec.createException(W3CHttpResponseCodec.java:187)
at org.openqa.selenium.remote.http.W3CHttpResponseCodec.decode(W3CHttpResponseCodec.java:122)
at org.openqa.selenium.remote.http.W3CHttpResponseCodec.decode(W3CHttpResponseCodec.java:49)
at org.openqa.selenium.remote.HttpCommandExecutor.execute(HttpCommandExecutor.java:158)
at org.openqa.selenium.remote.service.DriverCommandExecutor.execute(DriverCommandExecutor.java:83)
at org.openqa.selenium.remote.RemoteWebDriver.execute(RemoteWebDriver.java:552)
at org.openqa.selenium.remote.RemoteWebDriver.findElement(RemoteWebDriver.java:323)
at org.openqa.selenium.remote.RemoteWebDriver.findElementByXPath(RemoteWebDriver.java:428)
at org.openqa.selenium.By$ByXPath.findElement(By.java:353)
at org.openqa.selenium.remote.RemoteWebDriver.findElement(RemoteWebDriver.java:315)
at Forms.CreateForms.SortStatus_AscOrder(CreateForms.java:138)
at sun.reflect.NativeMethodAccessorImpl.invoke0(Native Method)
at sun.reflect.NativeMethodAccessorImpl.invoke(NativeMethodAccessorImpl.java:62)
at sun.reflect.DelegatingMethodAccessorImpl.invoke(DelegatingMethodAccessorImpl.java:43)
at java.lang.reflect.Method.invoke(Method.java:498)
at org.testng.internal.MethodInvocationHelper.invokeMethod(MethodInvocationHelper.java:134)
at org.testng.internal.TestInvoker.invokeMethod(TestInvoker.java:597)
at org.testng.internal.TestInvoker.invokeTestMethod(TestInvoker.java:173)
at org.testng.internal.MethodRunner.runInSequence(MethodRunner.java:46)
at org.testng.internal.TestInvoker$MethodInvocationAgent.invoke(TestInvoker.java:816)
at org.testng.internal.TestInvoker.invokeTestMethods(TestInvoker.java:146)
at org.testng.internal.TestMethodWorker.invokeTestMethods(TestMethodWorker.java:146)
at org.testng.internal.TestMethodWorker.run(TestMethodWorker.java:128)
at java.util.ArrayList.forEach(ArrayList.java:1259)
at org.testng.TestRunner.privateRun(TestRunner.java:766)
at org.testng.TestRunner.run(TestRunner.java:587)
at org.testng.SuiteRunner.runTest(SuiteRunner.java:384)
at org.testng.SuiteRunner.runSequentially(SuiteRunner.java:378)
at org.testng.SuiteRunner.privateRun(SuiteRunner.java:337)
at org.testng.SuiteRunner.run(SuiteRunner.java:286)
at org.testng.SuiteRunnerWorker.runSuite(SuiteRunnerWorker.java:53)
at org.testng.SuiteRunnerWorker.run(SuiteRunnerWorker.java:96)
at org.testng.TestNG.runSuitesSequentially(TestNG.java:1187)
at org.testng.TestNG.runSuitesLocally(TestNG.java:1109)
at org.testng.TestNG.runSuites(TestNG.java:1039)
at org.testng.TestNG.run(TestNG.java:1007)
at com.intellij.rt.testng.IDEARemoteTestNG.run(IDEARemoteTestNG.java:66)
at com.intellij.rt.testng.RemoteTestNGStarter.main(RemoteTestNGStarter.java:109)
]]>
            </full-stacktrace>
          </exception> <!-- org.openqa.selenium.NoSuchElementException -->
          <reporter-output>
          </reporter-output>
        </test-method> <!-- SortStatus_AscOrder -->
        <test-method status="PASS" signature="BeforeMethod(java.lang.reflect.Method)[pri:0, instance:Forms.CreateForms@ff5b51f]" name="BeforeMethod" is-config="true" duration-ms="22" started-at="2022-04-07T13:01:03 IST" finished-at="2022-04-07T13:01:03 IST">
          <params>
            <param index="0">
              <value>
                <![CDATA[public void Forms.CreateForms.SortStatus_DscOrder() throws java.lang.InterruptedException]]>
              </value>
            </param>
          </params>
          <reporter-output>
          </reporter-output>
        </test-method> <!-- BeforeMethod -->
        <test-method status="FAIL" signature="SortStatus_DscOrder()[pri:18, instance:Forms.CreateForms@ff5b51f]" name="SortStatus_DscOrder" duration-ms="30085" started-at="2022-04-07T13:01:03 IST" finished-at="2022-04-07T13:01:33 IST">
          <exception class="org.openqa.selenium.NoSuchElementException">
            <message>
              <![CDATA[no such element: Unable to locate element: {"method":"xpath","selector":"//div[@id='surveys']/div/div/div[3]/div/div/div/table/thead/tr/th[4]/div/div/span"}
  (Session info: chrome=99.0.4844.84)
For documentation on this error, please visit: https://www.seleniumhq.org/exceptions/no_such_element.html
Build info: version: '3.141.59', revision: 'e82be7d358', time: '2018-11-14T08:17:03'
System info: host: 'LAPTOP-TKGHDD60', ip: '192.168.1.2', os.name: 'Windows 10', os.arch: 'amd64', os.version: '10.0', java.version: '1.8.0_301'
Driver info: org.openqa.selenium.chrome.ChromeDriver
Capabilities {acceptInsecureCerts: false, browserName: chrome, browserVersion: 99.0.4844.84, chrome: {chromedriverVersion: 98.0.4758.80 (7f0488e8ba0d8..., userDataDir: C:\Users\vamse\AppData\Loca...}, goog:chromeOptions: {debuggerAddress: localhost:53912}, javascriptEnabled: true, networkConnectionEnabled: false, pageLoadStrategy: normal, platform: WINDOWS, platformName: WINDOWS, proxy: Proxy(), setWindowRect: true, strictFileInteractability: false, timeouts: {implicit: 0, pageLoad: 300000, script: 30000}, unhandledPromptBehavior: dismiss and notify, webauthn:extension:credBlob: true, webauthn:extension:largeBlob: true, webauthn:virtualAuthenticators: true}
Session ID: 189b3f8b02f5bef492ef212e60fcfbb3
*** Element info: {Using=xpath, value=//div[@id='surveys']/div/div/div[3]/div/div/div/table/thead/tr/th[4]/div/div/span}]]>
            </message>
            <full-stacktrace>
              <![CDATA[org.openqa.selenium.NoSuchElementException: no such element: Unable to locate element: {"method":"xpath","selector":"//div[@id='surveys']/div/div/div[3]/div/div/div/table/thead/tr/th[4]/div/div/span"}
  (Session info: chrome=99.0.4844.84)
For documentation on this error, please visit: https://www.seleniumhq.org/exceptions/no_such_element.html
Build info: version: '3.141.59', revision: 'e82be7d358', time: '2018-11-14T08:17:03'
System info: host: 'LAPTOP-TKGHDD60', ip: '192.168.1.2', os.name: 'Windows 10', os.arch: 'amd64', os.version: '10.0', java.version: '1.8.0_301'
Driver info: org.openqa.selenium.chrome.ChromeDriver
Capabilities {acceptInsecureCerts: false, browserName: chrome, browserVersion: 99.0.4844.84, chrome: {chromedriverVersion: 98.0.4758.80 (7f0488e8ba0d8..., userDataDir: C:\Users\vamse\AppData\Loca...}, goog:chromeOptions: {debuggerAddress: localhost:53912}, javascriptEnabled: true, networkConnectionEnabled: false, pageLoadStrategy: normal, platform: WINDOWS, platformName: WINDOWS, proxy: Proxy(), setWindowRect: true, strictFileInteractability: false, timeouts: {implicit: 0, pageLoad: 300000, script: 30000}, unhandledPromptBehavior: dismiss and notify, webauthn:extension:credBlob: true, webauthn:extension:largeBlob: true, webauthn:virtualAuthenticators: true}
Session ID: 189b3f8b02f5bef492ef212e60fcfbb3
*** Element info: {Using=xpath, value=//div[@id='surveys']/div/div/div[3]/div/div/div/table/thead/tr/th[4]/div/div/span}
at sun.reflect.GeneratedConstructorAccessor16.newInstance(Unknown Source)
at sun.reflect.DelegatingConstructorAccessorImpl.newInstance(DelegatingConstructorAccessorImpl.java:45)
at java.lang.reflect.Constructor.newInstance(Constructor.java:423)
at org.openqa.selenium.remote.http.W3CHttpResponseCodec.createException(W3CHttpResponseCodec.java:187)
at org.openqa.selenium.remote.http.W3CHttpResponseCodec.decode(W3CHttpResponseCodec.java:122)
at org.openqa.selenium.remote.http.W3CHttpResponseCodec.decode(W3CHttpResponseCodec.java:49)
at org.openqa.selenium.remote.HttpCommandExecutor.execute(HttpCommandExecutor.java:158)
at org.openqa.selenium.remote.service.DriverCommandExecutor.execute(DriverCommandExecutor.java:83)
at org.openqa.selenium.remote.RemoteWebDriver.execute(RemoteWebDriver.java:552)
at org.openqa.selenium.remote.RemoteWebDriver.findElement(RemoteWebDriver.java:323)
at org.openqa.selenium.remote.RemoteWebDriver.findElementByXPath(RemoteWebDriver.java:428)
at org.openqa.selenium.By$ByXPath.findElement(By.java:353)
at org.openqa.selenium.remote.RemoteWebDriver.findElement(RemoteWebDriver.java:315)
at Forms.CreateForms.SortStatus_DscOrder(CreateForms.java:144)
at sun.reflect.NativeMethodAccessorImpl.invoke0(Native Method)
at sun.reflect.NativeMethodAccessorImpl.invoke(NativeMethodAccessorImpl.java:62)
at sun.reflect.DelegatingMethodAccessorImpl.invoke(DelegatingMethodAccessorImpl.java:43)
at java.lang.reflect.Method.invoke(Method.java:498)
at org.testng.internal.MethodInvocationHelper.invokeMethod(MethodInvocationHelper.java:134)
at org.testng.internal.TestInvoker.invokeMethod(TestInvoker.java:597)
at org.testng.internal.TestInvoker.invokeTestMethod(TestInvoker.java:173)
at org.testng.internal.MethodRunner.runInSequence(MethodRunner.java:46)
at org.testng.internal.TestInvoker$MethodInvocationAgent.invoke(TestInvoker.java:816)
at org.testng.internal.TestInvoker.invokeTestMethods(TestInvoker.java:146)
at org.testng.internal.TestMethodWorker.invokeTestMethods(TestMethodWorker.java:146)
at org.testng.internal.TestMethodWorker.run(TestMethodWorker.java:128)
at java.util.ArrayList.forEach(ArrayList.java:1259)
at org.testng.TestRunner.privateRun(TestRunner.java:766)
at org.testng.TestRunner.run(TestRunner.java:587)
at org.testng.SuiteRunner.runTest(SuiteRunner.java:384)
at org.testng.SuiteRunner.runSequentially(SuiteRunner.java:378)
at org.testng.SuiteRunner.privateRun(SuiteRunner.java:337)
at org.testng.SuiteRunner.run(SuiteRunner.java:286)
at org.testng.SuiteRunnerWorker.runSuite(SuiteRunnerWorker.java:53)
at org.testng.SuiteRunnerWorker.run(SuiteRunnerWorker.java:96)
at org.testng.TestNG.runSuitesSequentially(TestNG.java:1187)
at org.testng.TestNG.runSuitesLocally(TestNG.java:1109)
at org.testng.TestNG.runSuites(TestNG.java:1039)
at org.testng.TestNG.run(TestNG.java:1007)
at com.intellij.rt.testng.IDEARemoteTestNG.run(IDEARemoteTestNG.java:66)
at com.intellij.rt.testng.RemoteTestNGStarter.main(RemoteTestNGStarter.java:109)
]]>
            </full-stacktrace>
          </exception> <!-- org.openqa.selenium.NoSuchElementException -->
          <reporter-output>
          </reporter-output>
        </test-method> <!-- SortStatus_DscOrder -->
        <test-method status="PASS" signature="QuitWindows()[pri:0, instance:Forms.CreateForms@ff5b51f]" name="QuitWindows" is-config="true" duration-ms="732" started-at="2022-04-07T13:01:33 IST" finished-at="2022-04-07T13:01:34 IST">
          <reporter-output>
          </reporter-output>
        </test-method> <!-- QuitWindows -->
      </class> <!-- Forms.CreateForms -->
      <class name="Onboardingnewclient.SingupNewUser">
        <test-method status="PASS" signature="LaunchURL()[pri:0, instance:Onboardingnewclient.SingupNewUser@72d818d1]" name="LaunchURL" is-config="true" duration-ms="4331" started-at="2022-04-07T12:47:26 IST" depends-on-methods="Login.BaseTest.BeforeTestMethod" finished-at="2022-04-07T12:47:30 IST">
          <reporter-output>
          </reporter-output>
        </test-method> <!-- LaunchURL -->
        <test-method status="PASS" signature="LaunchArtemisURL()[pri:0, instance:Onboardingnewclient.SingupNewUser@72d818d1]" name="LaunchArtemisURL" is-config="true" duration-ms="2619" started-at="2022-04-07T12:52:35 IST" finished-at="2022-04-07T12:52:38 IST">
          <reporter-output>
          </reporter-output>
        </test-method> <!-- LaunchArtemisURL -->
        <test-method status="PASS" signature="BeforeMethod(java.lang.reflect.Method)[pri:0, instance:Onboardingnewclient.SingupNewUser@72d818d1]" name="BeforeMethod" is-config="true" duration-ms="26" started-at="2022-04-07T12:52:38 IST" finished-at="2022-04-07T12:52:38 IST">
          <params>
            <param index="0">
              <value>
                <![CDATA[public void Onboardingnewclient.SingupNewUser.VerifySignupLinkisavailable()]]>
              </value>
            </param>
          </params>
          <reporter-output>
          </reporter-output>
        </test-method> <!-- BeforeMethod -->
        <test-method status="PASS" signature="VerifySignupLinkisavailable()[pri:1, instance:Onboardingnewclient.SingupNewUser@72d818d1]" name="VerifySignupLinkisavailable" duration-ms="56" started-at="2022-04-07T12:52:38 IST" description="Verify user able to see signup link" finished-at="2022-04-07T12:52:38 IST">
          <reporter-output>
          </reporter-output>
        </test-method> <!-- VerifySignupLinkisavailable -->
        <test-method status="PASS" signature="BeforeMethod(java.lang.reflect.Method)[pri:0, instance:Onboardingnewclient.SingupNewUser@72d818d1]" name="BeforeMethod" is-config="true" duration-ms="20" started-at="2022-04-07T12:52:38 IST" finished-at="2022-04-07T12:52:38 IST">
          <params>
            <param index="0">
              <value>
                <![CDATA[public void Onboardingnewclient.SingupNewUser.clickSignuplink()]]>
              </value>
            </param>
          </params>
          <reporter-output>
          </reporter-output>
        </test-method> <!-- BeforeMethod -->
        <test-method status="PASS" signature="clickSignuplink()[pri:2, instance:Onboardingnewclient.SingupNewUser@72d818d1]" name="clickSignuplink" duration-ms="89" started-at="2022-04-07T12:52:38 IST" description="Verify User clicks the signuplink" finished-at="2022-04-07T12:52:38 IST">
          <reporter-output>
          </reporter-output>
        </test-method> <!-- clickSignuplink -->
        <test-method status="PASS" signature="BeforeMethod(java.lang.reflect.Method)[pri:0, instance:Onboardingnewclient.SingupNewUser@72d818d1]" name="BeforeMethod" is-config="true" duration-ms="28" started-at="2022-04-07T12:52:38 IST" finished-at="2022-04-07T12:52:38 IST">
          <params>
            <param index="0">
              <value>
                <![CDATA[public void Onboardingnewclient.SingupNewUser.verifyTitleofsignup()]]>
              </value>
            </param>
          </params>
          <reporter-output>
          </reporter-output>
        </test-method> <!-- BeforeMethod -->
        <test-method status="PASS" signature="verifyTitleofsignup()[pri:3, instance:Onboardingnewclient.SingupNewUser@72d818d1]" name="verifyTitleofsignup" duration-ms="29" started-at="2022-04-07T12:52:38 IST" description="user navigated to Signup screen" finished-at="2022-04-07T12:52:38 IST">
          <reporter-output>
          </reporter-output>
        </test-method> <!-- verifyTitleofsignup -->
        <test-method status="PASS" signature="QuitWindows()[pri:0, instance:Onboardingnewclient.SingupNewUser@72d818d1]" name="QuitWindows" is-config="true" duration-ms="666" started-at="2022-04-07T12:52:38 IST" finished-at="2022-04-07T12:52:38 IST">
          <reporter-output>
          </reporter-output>
        </test-method> <!-- QuitWindows -->
        <test-method status="PASS" signature="quitwindows()[pri:0, instance:Onboardingnewclient.SingupNewUser@72d818d1]" name="quitwindows" is-config="true" duration-ms="700" started-at="2022-04-07T13:01:39 IST" depends-on-methods="Onboardingnewclient.OnBoardingArtemis.closewindows" finished-at="2022-04-07T13:01:40 IST">
          <reporter-output>
          </reporter-output>
        </test-method> <!-- quitwindows -->
      </class> <!-- Onboardingnewclient.SingupNewUser -->
      <class name="Onboardingnewclient.SettingsPage">
        <test-method status="PASS" signature="LaunchArtemisURL()[pri:0, instance:Onboardingnewclient.SettingsPage@4566e5bd]" name="LaunchArtemisURL" is-config="true" duration-ms="2400" started-at="2022-04-07T12:52:15 IST" finished-at="2022-04-07T12:52:18 IST">
          <reporter-output>
          </reporter-output>
        </test-method> <!-- LaunchArtemisURL -->
        <test-method status="PASS" signature="BeforeMethod(java.lang.reflect.Method)[pri:0, instance:Onboardingnewclient.SettingsPage@4566e5bd]" name="BeforeMethod" is-config="true" duration-ms="24" started-at="2022-04-07T12:52:18 IST" finished-at="2022-04-07T12:52:18 IST">
          <params>
            <param index="0">
              <value>
                <![CDATA[public void Onboardingnewclient.SettingsPage.NavigatetoSettingsPage() throws java.lang.InterruptedException]]>
              </value>
            </param>
          </params>
          <reporter-output>
          </reporter-output>
        </test-method> <!-- BeforeMethod -->
        <test-method status="PASS" signature="NavigatetoSettingsPage()[pri:1, instance:Onboardingnewclient.SettingsPage@4566e5bd]" name="NavigatetoSettingsPage" duration-ms="15962" started-at="2022-04-07T12:52:18 IST" finished-at="2022-04-07T12:52:34 IST">
          <reporter-output>
            <line>
              <![CDATA[User ented the email id details succefully]]>
            </line>
            <line>
              <![CDATA[User clicks Login button succefully]]>
            </line>
            <line>
              <![CDATA[User entered the passowrd succefully]]>
            </line>
            <line>
              <![CDATA[User clicks the next button]]>
            </line>
          </reporter-output>
        </test-method> <!-- NavigatetoSettingsPage -->
        <test-method status="PASS" signature="BeforeMethod(java.lang.reflect.Method)[pri:0, instance:Onboardingnewclient.SettingsPage@4566e5bd]" name="BeforeMethod" is-config="true" duration-ms="20" started-at="2022-04-07T12:52:34 IST" finished-at="2022-04-07T12:52:34 IST">
          <params>
            <param index="0">
              <value>
                <![CDATA[public void Onboardingnewclient.SettingsPage.click_SettingsTab()]]>
              </value>
            </param>
          </params>
          <reporter-output>
          </reporter-output>
        </test-method> <!-- BeforeMethod -->
        <test-method status="PASS" signature="click_SettingsTab()[pri:2, instance:Onboardingnewclient.SettingsPage@4566e5bd]" name="click_SettingsTab" duration-ms="182" started-at="2022-04-07T12:52:34 IST" finished-at="2022-04-07T12:52:34 IST">
          <reporter-output>
          </reporter-output>
        </test-method> <!-- click_SettingsTab -->
        <test-method status="PASS" signature="BeforeMethod(java.lang.reflect.Method)[pri:0, instance:Onboardingnewclient.SettingsPage@4566e5bd]" name="BeforeMethod" is-config="true" duration-ms="28" started-at="2022-04-07T12:52:34 IST" finished-at="2022-04-07T12:52:34 IST">
          <params>
            <param index="0">
              <value>
                <![CDATA[public void Onboardingnewclient.SettingsPage.AccountsTab_exists()]]>
              </value>
            </param>
          </params>
          <reporter-output>
          </reporter-output>
        </test-method> <!-- BeforeMethod -->
        <test-method status="PASS" signature="AccountsTab_exists()[pri:3, instance:Onboardingnewclient.SettingsPage@4566e5bd]" name="AccountsTab_exists" duration-ms="88" started-at="2022-04-07T12:52:34 IST" finished-at="2022-04-07T12:52:34 IST">
          <reporter-output>
          </reporter-output>
        </test-method> <!-- AccountsTab_exists -->
        <test-method status="PASS" signature="QuitWindows()[pri:0, instance:Onboardingnewclient.SettingsPage@4566e5bd]" name="QuitWindows" is-config="true" duration-ms="740" started-at="2022-04-07T12:52:34 IST" finished-at="2022-04-07T12:52:35 IST">
          <reporter-output>
          </reporter-output>
        </test-method> <!-- QuitWindows -->
      </class> <!-- Onboardingnewclient.SettingsPage -->
    </test> <!-- Regression suite 1 -->
  </suite> <!-- example suite 1 -->
</testng-results>
